mode: set
github.com/IBM/ibm-object-csi-driver/pkg/s3client/fake_s3client.go:22.153,26.2 1 0
github.com/IBM/ibm-object-csi-driver/pkg/s3client/fake_s3client.go:28.65,29.37 1 0
github.com/IBM/ibm-object-csi-driver/pkg/s3client/fake_s3client.go:29.37,31.3 1 0
github.com/IBM/ibm-object-csi-driver/pkg/s3client/fake_s3client.go:32.2,32.12 1 0
github.com/IBM/ibm-object-csi-driver/pkg/s3client/fake_s3client.go:35.80,36.36 1 0
github.com/IBM/ibm-object-csi-driver/pkg/s3client/fake_s3client.go:36.36,38.3 1 0
github.com/IBM/ibm-object-csi-driver/pkg/s3client/fake_s3client.go:39.2,39.12 1 0
github.com/IBM/ibm-object-csi-driver/pkg/s3client/fake_s3client.go:42.92,44.2 1 0
github.com/IBM/ibm-object-csi-driver/pkg/s3client/fake_s3client.go:46.84,47.32 1 0
github.com/IBM/ibm-object-csi-driver/pkg/s3client/fake_s3client.go:47.32,49.3 1 0
github.com/IBM/ibm-object-csi-driver/pkg/s3client/fake_s3client.go:50.2,50.16 1 0
github.com/IBM/ibm-object-csi-driver/pkg/s3client/fake_s3client.go:53.60,54.32 1 0
github.com/IBM/ibm-object-csi-driver/pkg/s3client/fake_s3client.go:54.32,56.3 1 0
github.com/IBM/ibm-object-csi-driver/pkg/s3client/fake_s3client.go:57.2,57.12 1 0
github.com/IBM/ibm-object-csi-driver/pkg/s3client/fake_s3client.go:60.115,62.2 1 0
github.com/IBM/ibm-object-csi-driver/pkg/s3client/s3client.go:89.58,91.2 1 0
github.com/IBM/ibm-object-csi-driver/pkg/s3client/s3client.go:103.61,108.2 2 1
github.com/IBM/ibm-object-csi-driver/pkg/s3client/s3client.go:110.95,113.41 3 1
github.com/IBM/ibm-object-csi-driver/pkg/s3client/s3client.go:113.41,115.3 1 1
github.com/IBM/ibm-object-csi-driver/pkg/s3client/s3client.go:116.2,121.16 2 1
github.com/IBM/ibm-object-csi-driver/pkg/s3client/s3client.go:121.16,124.3 2 1
github.com/IBM/ibm-object-csi-driver/pkg/s3client/s3client.go:125.2,125.29 1 1
github.com/IBM/ibm-object-csi-driver/pkg/s3client/s3client.go:125.29,127.80 2 1
github.com/IBM/ibm-object-csi-driver/pkg/s3client/s3client.go:127.80,129.4 1 1
github.com/IBM/ibm-object-csi-driver/pkg/s3client/s3client.go:131.2,131.19 1 1
github.com/IBM/ibm-object-csi-driver/pkg/s3client/s3client.go:134.88,135.24 1 1
github.com/IBM/ibm-object-csi-driver/pkg/s3client/s3client.go:135.24,141.3 1 1
github.com/IBM/ibm-object-csi-driver/pkg/s3client/s3client.go:141.8,145.3 1 0
github.com/IBM/ibm-object-csi-driver/pkg/s3client/s3client.go:147.2,147.16 1 1
github.com/IBM/ibm-object-csi-driver/pkg/s3client/s3client.go:147.16,153.85 1 1
github.com/IBM/ibm-object-csi-driver/pkg/s3client/s3client.go:153.85,156.4 2 1
github.com/IBM/ibm-object-csi-driver/pkg/s3client/s3client.go:157.3,157.17 1 1
github.com/IBM/ibm-object-csi-driver/pkg/s3client/s3client.go:160.2,160.16 1 1
github.com/IBM/ibm-object-csi-driver/pkg/s3client/s3client.go:163.56,168.16 2 1
github.com/IBM/ibm-object-csi-driver/pkg/s3client/s3client.go:168.16,169.74 1 1
github.com/IBM/ibm-object-csi-driver/pkg/s3client/s3client.go:169.74,172.4 2 1
github.com/IBM/ibm-object-csi-driver/pkg/s3client/s3client.go:174.3,174.64 1 1
github.com/IBM/ibm-object-csi-driver/pkg/s3client/s3client.go:177.2,177.36 1 1
github.com/IBM/ibm-object-csi-driver/pkg/s3client/s3client.go:177.36,183.17 2 1
github.com/IBM/ibm-object-csi-driver/pkg/s3client/s3client.go:183.17,185.4 1 1
github.com/IBM/ibm-object-csi-driver/pkg/s3client/s3client.go:188.2,192.12 2 1
github.com/IBM/ibm-object-csi-driver/pkg/s3client/s3client.go:195.76,197.12 2 1
github.com/IBM/ibm-object-csi-driver/pkg/s3client/s3client.go:197.12,199.3 1 1
github.com/IBM/ibm-object-csi-driver/pkg/s3client/s3client.go:200.2,207.16 3 1
github.com/IBM/ibm-object-csi-driver/pkg/s3client/s3client.go:207.16,210.3 2 1
github.com/IBM/ibm-object-csi-driver/pkg/s3client/s3client.go:211.2,212.12 2 1
github.com/IBM/ibm-object-csi-driver/pkg/s3client/s3client.go:215.65,220.2 4 0
github.com/IBM/ibm-object-csi-driver/pkg/s3client/s3client.go:223.161,225.29 2 1
github.com/IBM/ibm-object-csi-driver/pkg/s3client/s3client.go:225.29,227.3 1 0
github.com/IBM/ibm-object-csi-driver/pkg/s3client/s3client.go:227.8,229.3 1 1
github.com/IBM/ibm-object-csi-driver/pkg/s3client/s3client.go:230.2,240.3 2 1
github.com/IBM/ibm-object-csi-driver/pkg/s3client/s3client.go:243.111,245.2 1 1
github.com/IBM/ibm-object-csi-driver/pkg/s3client/s3client.go:247.100,249.63 2 1
github.com/IBM/ibm-object-csi-driver/pkg/s3client/s3client.go:249.63,251.3 1 1
github.com/IBM/ibm-object-csi-driver/pkg/s3client/s3client.go:251.8,253.3 1 1
github.com/IBM/ibm-object-csi-driver/pkg/s3client/s3client.go:255.2,264.16 3 1
github.com/IBM/ibm-object-csi-driver/pkg/s3client/s3client.go:264.16,266.3 1 0
github.com/IBM/ibm-object-csi-driver/pkg/s3client/s3client.go:268.2,276.16 3 1
github.com/IBM/ibm-object-csi-driver/pkg/s3client/s3client.go:276.16,278.3 1 1
github.com/IBM/ibm-object-csi-driver/pkg/s3client/s3client.go:280.2,280.12 1 0
