mode: set
github.com/IBM/ibm-object-csi-driver/pkg/driver/fake/mounter/fake_mounter-rclone.go:37.162,51.2 3 0
github.com/IBM/ibm-object-csi-driver/pkg/driver/fake/mounter/fake_mounter-rclone.go:53.74,55.2 1 0
github.com/IBM/ibm-object-csi-driver/pkg/driver/fake/mounter/fake_mounter-rclone.go:57.61,59.2 1 0
github.com/IBM/ibm-object-csi-driver/pkg/driver/fake/mounter/fake_mounter-s3fs.go:35.150,47.2 3 0
github.com/IBM/ibm-object-csi-driver/pkg/driver/fake/mounter/fake_mounter-s3fs.go:49.72,51.2 1 0
github.com/IBM/ibm-object-csi-driver/pkg/driver/fake/mounter/fake_mounter-s3fs.go:53.59,55.2 1 0
github.com/IBM/ibm-object-csi-driver/pkg/driver/fake/mounter/fake_mounter.go:29.165,32.17 3 0
github.com/IBM/ibm-object-csi-driver/pkg/driver/fake/mounter/fake_mounter.go:33.23,34.86 1 0
github.com/IBM/ibm-object-csi-driver/pkg/driver/fake/mounter/fake_mounter.go:35.25,36.96 1 0
github.com/IBM/ibm-object-csi-driver/pkg/driver/fake/mounter/fake_mounter.go:37.10,39.86 1 0
github.com/IBM/ibm-object-csi-driver/pkg/mounter/utils/fake_mounter_utils.go:16.96,20.2 1 0
github.com/IBM/ibm-object-csi-driver/pkg/mounter/utils/fake_mounter_utils.go:22.99,23.37 1 0
github.com/IBM/ibm-object-csi-driver/pkg/mounter/utils/fake_mounter_utils.go:23.37,25.3 1 0
github.com/IBM/ibm-object-csi-driver/pkg/mounter/utils/fake_mounter_utils.go:26.2,26.45 1 0
github.com/IBM/ibm-object-csi-driver/pkg/mounter/utils/fake_mounter_utils.go:29.73,30.39 1 0
github.com/IBM/ibm-object-csi-driver/pkg/mounter/utils/fake_mounter_utils.go:30.39,32.3 1 0
github.com/IBM/ibm-object-csi-driver/pkg/mounter/utils/fake_mounter_utils.go:33.2,33.45 1 0
github.com/IBM/ibm-object-csi-driver/pkg/mounter/utils/mounter_utils.go:27.86,33.16 5 0
github.com/IBM/ibm-object-csi-driver/pkg/mounter/utils/mounter_utils.go:33.16,36.3 2 0
github.com/IBM/ibm-object-csi-driver/pkg/mounter/utils/mounter_utils.go:37.2,38.16 2 0
github.com/IBM/ibm-object-csi-driver/pkg/mounter/utils/mounter_utils.go:38.16,42.3 2 0
github.com/IBM/ibm-object-csi-driver/pkg/mounter/utils/mounter_utils.go:44.2,44.43 1 0
github.com/IBM/ibm-object-csi-driver/pkg/mounter/utils/mounter_utils.go:47.60,51.37 3 0
github.com/IBM/ibm-object-csi-driver/pkg/mounter/utils/mounter_utils.go:51.37,54.41 3 0
github.com/IBM/ibm-object-csi-driver/pkg/mounter/utils/mounter_utils.go:54.41,58.18 3 0
github.com/IBM/ibm-object-csi-driver/pkg/mounter/utils/mounter_utils.go:58.18,61.5 2 0
github.com/IBM/ibm-object-csi-driver/pkg/mounter/utils/mounter_utils.go:65.2,66.16 2 0
github.com/IBM/ibm-object-csi-driver/pkg/mounter/utils/mounter_utils.go:66.16,69.3 2 0
github.com/IBM/ibm-object-csi-driver/pkg/mounter/utils/mounter_utils.go:70.2,70.20 1 0
github.com/IBM/ibm-object-csi-driver/pkg/mounter/utils/mounter_utils.go:70.20,73.3 2 0
github.com/IBM/ibm-object-csi-driver/pkg/mounter/utils/mounter_utils.go:74.2,75.35 2 0
github.com/IBM/ibm-object-csi-driver/pkg/mounter/utils/mounter_utils.go:78.50,83.16 4 0
github.com/IBM/ibm-object-csi-driver/pkg/mounter/utils/mounter_utils.go:83.16,84.71 1 0
github.com/IBM/ibm-object-csi-driver/pkg/mounter/utils/mounter_utils.go:84.71,86.4 1 0
github.com/IBM/ibm-object-csi-driver/pkg/mounter/utils/mounter_utils.go:87.3,87.20 1 0
github.com/IBM/ibm-object-csi-driver/pkg/mounter/utils/mounter_utils.go:90.2,90.50 1 0
github.com/IBM/ibm-object-csi-driver/pkg/mounter/utils/mounter_utils.go:90.50,93.3 2 0
github.com/IBM/ibm-object-csi-driver/pkg/mounter/utils/mounter_utils.go:93.8,93.61 1 0
github.com/IBM/ibm-object-csi-driver/pkg/mounter/utils/mounter_utils.go:93.61,96.3 2 0
github.com/IBM/ibm-object-csi-driver/pkg/mounter/utils/mounter_utils.go:97.2,98.72 2 0
github.com/IBM/ibm-object-csi-driver/pkg/mounter/utils/mounter_utils.go:101.61,104.6 3 0
github.com/IBM/ibm-object-csi-driver/pkg/mounter/utils/mounter_utils.go:104.6,107.17 3 0
github.com/IBM/ibm-object-csi-driver/pkg/mounter/utils/mounter_utils.go:107.17,109.4 1 0
github.com/IBM/ibm-object-csi-driver/pkg/mounter/utils/mounter_utils.go:110.3,110.51 1 0
github.com/IBM/ibm-object-csi-driver/pkg/mounter/utils/mounter_utils.go:110.51,113.4 2 0
github.com/IBM/ibm-object-csi-driver/pkg/mounter/utils/mounter_utils.go:115.3,117.25 3 0
github.com/IBM/ibm-object-csi-driver/pkg/mounter/utils/mounter_utils.go:117.25,119.4 1 0
github.com/IBM/ibm-object-csi-driver/pkg/mounter/utils/mounter_utils.go:123.61,125.16 2 0
github.com/IBM/ibm-object-csi-driver/pkg/mounter/utils/mounter_utils.go:125.16,127.3 1 0
github.com/IBM/ibm-object-csi-driver/pkg/mounter/utils/mounter_utils.go:128.2,128.30 1 0
github.com/IBM/ibm-object-csi-driver/pkg/mounter/utils/mounter_utils.go:128.30,130.17 2 0
github.com/IBM/ibm-object-csi-driver/pkg/mounter/utils/mounter_utils.go:130.17,132.12 2 0
github.com/IBM/ibm-object-csi-driver/pkg/mounter/utils/mounter_utils.go:134.3,134.38 1 0
github.com/IBM/ibm-object-csi-driver/pkg/mounter/utils/mounter_utils.go:134.38,137.4 2 0
github.com/IBM/ibm-object-csi-driver/pkg/mounter/utils/mounter_utils.go:139.2,139.17 1 0
github.com/IBM/ibm-object-csi-driver/pkg/mounter/utils/mounter_utils.go:142.42,145.16 3 0
github.com/IBM/ibm-object-csi-driver/pkg/mounter/utils/mounter_utils.go:145.16,147.3 1 0
github.com/IBM/ibm-object-csi-driver/pkg/mounter/utils/mounter_utils.go:148.2,148.29 1 0
github.com/IBM/ibm-object-csi-driver/pkg/mounter/utils/mounter_utils.go:151.55,152.19 1 0
github.com/IBM/ibm-object-csi-driver/pkg/mounter/utils/mounter_utils.go:152.19,154.3 1 0
github.com/IBM/ibm-object-csi-driver/pkg/mounter/utils/mounter_utils.go:155.2,156.16 2 0
github.com/IBM/ibm-object-csi-driver/pkg/mounter/utils/mounter_utils.go:156.16,159.3 2 0
github.com/IBM/ibm-object-csi-driver/pkg/mounter/utils/mounter_utils.go:160.2,160.19 1 0
github.com/IBM/ibm-object-csi-driver/pkg/mounter/utils/mounter_utils.go:160.19,166.3 2 0
github.com/IBM/ibm-object-csi-driver/pkg/mounter/utils/mounter_utils.go:167.2,167.52 1 0
github.com/IBM/ibm-object-csi-driver/pkg/mounter/utils/mounter_utils.go:167.52,170.3 2 0
github.com/IBM/ibm-object-csi-driver/pkg/mounter/utils/mounter_utils.go:171.2,173.37 3 0
github.com/IBM/ibm-object-csi-driver/pkg/driver/fake/s3client/fake_s3client.go:39.171,44.2 1 0
github.com/IBM/ibm-object-csi-driver/pkg/driver/fake/s3client/fake_s3client.go:46.65,47.37 1 0
github.com/IBM/ibm-object-csi-driver/pkg/driver/fake/s3client/fake_s3client.go:47.37,49.3 1 0
github.com/IBM/ibm-object-csi-driver/pkg/driver/fake/s3client/fake_s3client.go:50.2,50.12 1 0
github.com/IBM/ibm-object-csi-driver/pkg/driver/fake/s3client/fake_s3client.go:53.92,55.2 1 0
github.com/IBM/ibm-object-csi-driver/pkg/driver/fake/s3client/fake_s3client.go:57.84,58.32 1 0
github.com/IBM/ibm-object-csi-driver/pkg/driver/fake/s3client/fake_s3client.go:58.32,60.3 1 0
github.com/IBM/ibm-object-csi-driver/pkg/driver/fake/s3client/fake_s3client.go:61.2,61.16 1 0
github.com/IBM/ibm-object-csi-driver/pkg/driver/fake/s3client/fake_s3client.go:64.60,65.32 1 0
github.com/IBM/ibm-object-csi-driver/pkg/driver/fake/s3client/fake_s3client.go:65.32,67.3 1 0
github.com/IBM/ibm-object-csi-driver/pkg/driver/fake/s3client/fake_s3client.go:68.2,68.12 1 0
github.com/IBM/ibm-object-csi-driver/pkg/mounter/mounter-rclone.go:53.125,67.50 4 0
github.com/IBM/ibm-object-csi-driver/pkg/mounter/mounter-rclone.go:67.50,69.3 1 0
github.com/IBM/ibm-object-csi-driver/pkg/mounter/mounter-rclone.go:70.2,70.57 1 0
github.com/IBM/ibm-object-csi-driver/pkg/mounter/mounter-rclone.go:70.57,72.3 1 0
github.com/IBM/ibm-object-csi-driver/pkg/mounter/mounter-rclone.go:73.2,73.49 1 0
github.com/IBM/ibm-object-csi-driver/pkg/mounter/mounter-rclone.go:73.49,75.3 1 0
github.com/IBM/ibm-object-csi-driver/pkg/mounter/mounter-rclone.go:76.2,76.46 1 0
github.com/IBM/ibm-object-csi-driver/pkg/mounter/mounter-rclone.go:76.46,78.3 1 0
github.com/IBM/ibm-object-csi-driver/pkg/mounter/mounter-rclone.go:79.2,79.48 1 0
github.com/IBM/ibm-object-csi-driver/pkg/mounter/mounter-rclone.go:79.48,81.3 1 0
github.com/IBM/ibm-object-csi-driver/pkg/mounter/mounter-rclone.go:82.2,82.48 1 0
github.com/IBM/ibm-object-csi-driver/pkg/mounter/mounter-rclone.go:82.48,84.3 1 0
github.com/IBM/ibm-object-csi-driver/pkg/mounter/mounter-rclone.go:85.2,85.51 1 0
github.com/IBM/ibm-object-csi-driver/pkg/mounter/mounter-rclone.go:85.51,87.3 1 0
github.com/IBM/ibm-object-csi-driver/pkg/mounter/mounter-rclone.go:88.2,88.45 1 0
github.com/IBM/ibm-object-csi-driver/pkg/mounter/mounter-rclone.go:88.45,90.3 1 0
github.com/IBM/ibm-object-csi-driver/pkg/mounter/mounter-rclone.go:91.2,91.18 1 0
github.com/IBM/ibm-object-csi-driver/pkg/mounter/mounter-rclone.go:91.18,94.3 2 0
github.com/IBM/ibm-object-csi-driver/pkg/mounter/mounter-rclone.go:94.8,97.3 2 0
github.com/IBM/ibm-object-csi-driver/pkg/mounter/mounter-rclone.go:99.2,99.42 1 0
github.com/IBM/ibm-object-csi-driver/pkg/mounter/mounter-rclone.go:99.42,101.3 1 0
github.com/IBM/ibm-object-csi-driver/pkg/mounter/mounter-rclone.go:102.2,102.54 1 0
github.com/IBM/ibm-object-csi-driver/pkg/mounter/mounter-rclone.go:102.54,104.3 1 0
github.com/IBM/ibm-object-csi-driver/pkg/mounter/mounter-rclone.go:104.8,104.35 1 0
github.com/IBM/ibm-object-csi-driver/pkg/mounter/mounter-rclone.go:104.35,106.3 1 0
github.com/IBM/ibm-object-csi-driver/pkg/mounter/mounter-rclone.go:108.2,113.16 3 0
github.com/IBM/ibm-object-csi-driver/pkg/mounter/mounter-rclone.go:113.16,115.3 1 0
github.com/IBM/ibm-object-csi-driver/pkg/mounter/mounter-rclone.go:116.2,120.21 3 0
github.com/IBM/ibm-object-csi-driver/pkg/mounter/mounter-rclone.go:123.102,127.40 2 0
github.com/IBM/ibm-object-csi-driver/pkg/mounter/mounter-rclone.go:127.40,129.21 2 0
github.com/IBM/ibm-object-csi-driver/pkg/mounter/mounter-rclone.go:129.21,131.4 1 0
github.com/IBM/ibm-object-csi-driver/pkg/mounter/mounter-rclone.go:134.2,136.9 2 0
github.com/IBM/ibm-object-csi-driver/pkg/mounter/mounter-rclone.go:136.9,139.3 2 0
github.com/IBM/ibm-object-csi-driver/pkg/mounter/mounter-rclone.go:141.2,144.29 2 0
github.com/IBM/ibm-object-csi-driver/pkg/mounter/mounter-rclone.go:144.29,145.36 1 0
github.com/IBM/ibm-object-csi-driver/pkg/mounter/mounter-rclone.go:145.36,146.12 1 0
github.com/IBM/ibm-object-csi-driver/pkg/mounter/mounter-rclone.go:148.3,149.21 2 0
github.com/IBM/ibm-object-csi-driver/pkg/mounter/mounter-rclone.go:149.21,151.12 2 0
github.com/IBM/ibm-object-csi-driver/pkg/mounter/mounter-rclone.go:153.3,153.72 1 0
github.com/IBM/ibm-object-csi-driver/pkg/mounter/mounter-rclone.go:157.2,158.33 2 0
github.com/IBM/ibm-object-csi-driver/pkg/mounter/mounter-rclone.go:158.33,161.3 2 0
github.com/IBM/ibm-object-csi-driver/pkg/mounter/mounter-rclone.go:163.2,165.28 2 0
github.com/IBM/ibm-object-csi-driver/pkg/mounter/mounter-rclone.go:168.72,176.54 7 0
github.com/IBM/ibm-object-csi-driver/pkg/mounter/mounter-rclone.go:176.54,179.3 2 0
github.com/IBM/ibm-object-csi-driver/pkg/mounter/mounter-rclone.go:181.2,181.16 1 0
github.com/IBM/ibm-object-csi-driver/pkg/mounter/mounter-rclone.go:181.16,183.14 1 0
github.com/IBM/ibm-object-csi-driver/pkg/mounter/mounter-rclone.go:183.14,186.4 2 0
github.com/IBM/ibm-object-csi-driver/pkg/mounter/mounter-rclone.go:189.2,190.64 2 0
github.com/IBM/ibm-object-csi-driver/pkg/mounter/mounter-rclone.go:190.64,193.3 2 0
github.com/IBM/ibm-object-csi-driver/pkg/mounter/mounter-rclone.go:195.2,195.26 1 0
github.com/IBM/ibm-object-csi-driver/pkg/mounter/mounter-rclone.go:195.26,197.3 1 0
github.com/IBM/ibm-object-csi-driver/pkg/mounter/mounter-rclone.go:197.8,199.3 1 0
github.com/IBM/ibm-object-csi-driver/pkg/mounter/mounter-rclone.go:201.2,210.22 2 0
github.com/IBM/ibm-object-csi-driver/pkg/mounter/mounter-rclone.go:210.22,213.3 2 0
github.com/IBM/ibm-object-csi-driver/pkg/mounter/mounter-rclone.go:214.2,214.22 1 0
github.com/IBM/ibm-object-csi-driver/pkg/mounter/mounter-rclone.go:214.22,217.3 2 0
github.com/IBM/ibm-object-csi-driver/pkg/mounter/mounter-rclone.go:218.2,218.70 1 0
github.com/IBM/ibm-object-csi-driver/pkg/mounter/mounter-rclone.go:221.59,225.16 4 0
github.com/IBM/ibm-object-csi-driver/pkg/mounter/mounter-rclone.go:225.16,227.3 1 0
github.com/IBM/ibm-object-csi-driver/pkg/mounter/mounter-rclone.go:228.2,228.48 1 0
github.com/IBM/ibm-object-csi-driver/pkg/mounter/mounter-rclone.go:231.77,235.20 4 0
github.com/IBM/ibm-object-csi-driver/pkg/mounter/mounter-rclone.go:235.20,238.3 2 0
github.com/IBM/ibm-object-csi-driver/pkg/mounter/mounter-rclone.go:239.2,253.13 3 0
github.com/IBM/ibm-object-csi-driver/pkg/mounter/mounter-rclone.go:253.13,256.3 2 0
github.com/IBM/ibm-object-csi-driver/pkg/mounter/mounter-rclone.go:258.2,260.16 3 0
github.com/IBM/ibm-object-csi-driver/pkg/mounter/mounter-rclone.go:260.16,263.3 2 0
github.com/IBM/ibm-object-csi-driver/pkg/mounter/mounter-rclone.go:264.2,264.15 1 0
github.com/IBM/ibm-object-csi-driver/pkg/mounter/mounter-rclone.go:264.15,265.37 1 0
github.com/IBM/ibm-object-csi-driver/pkg/mounter/mounter-rclone.go:265.37,267.4 1 0
github.com/IBM/ibm-object-csi-driver/pkg/mounter/mounter-rclone.go:270.2,271.16 2 0
github.com/IBM/ibm-object-csi-driver/pkg/mounter/mounter-rclone.go:271.16,274.3 2 0
github.com/IBM/ibm-object-csi-driver/pkg/mounter/mounter-rclone.go:276.2,278.36 3 0
github.com/IBM/ibm-object-csi-driver/pkg/mounter/mounter-rclone.go:278.36,280.17 2 0
github.com/IBM/ibm-object-csi-driver/pkg/mounter/mounter-rclone.go:280.17,283.4 2 0
github.com/IBM/ibm-object-csi-driver/pkg/mounter/mounter-rclone.go:285.2,286.16 2 0
github.com/IBM/ibm-object-csi-driver/pkg/mounter/mounter-rclone.go:286.16,288.3 1 0
github.com/IBM/ibm-object-csi-driver/pkg/mounter/mounter-rclone.go:289.2,290.12 2 0
github.com/IBM/ibm-object-csi-driver/pkg/mounter/mounter-s3fs.go:45.123,59.50 4 0
github.com/IBM/ibm-object-csi-driver/pkg/mounter/mounter-s3fs.go:59.50,61.3 1 0
github.com/IBM/ibm-object-csi-driver/pkg/mounter/mounter-s3fs.go:62.2,62.57 1 0
github.com/IBM/ibm-object-csi-driver/pkg/mounter/mounter-s3fs.go:62.57,64.3 1 0
github.com/IBM/ibm-object-csi-driver/pkg/mounter/mounter-s3fs.go:65.2,65.49 1 0
github.com/IBM/ibm-object-csi-driver/pkg/mounter/mounter-s3fs.go:65.49,67.3 1 0
github.com/IBM/ibm-object-csi-driver/pkg/mounter/mounter-s3fs.go:68.2,68.46 1 0
github.com/IBM/ibm-object-csi-driver/pkg/mounter/mounter-s3fs.go:68.46,70.3 1 0
github.com/IBM/ibm-object-csi-driver/pkg/mounter/mounter-s3fs.go:71.2,71.48 1 0
github.com/IBM/ibm-object-csi-driver/pkg/mounter/mounter-s3fs.go:71.48,73.3 1 0
github.com/IBM/ibm-object-csi-driver/pkg/mounter/mounter-s3fs.go:74.2,74.48 1 0
github.com/IBM/ibm-object-csi-driver/pkg/mounter/mounter-s3fs.go:74.48,76.3 1 0
github.com/IBM/ibm-object-csi-driver/pkg/mounter/mounter-s3fs.go:77.2,77.45 1 0
github.com/IBM/ibm-object-csi-driver/pkg/mounter/mounter-s3fs.go:77.45,79.3 1 0
github.com/IBM/ibm-object-csi-driver/pkg/mounter/mounter-s3fs.go:80.2,80.51 1 0
github.com/IBM/ibm-object-csi-driver/pkg/mounter/mounter-s3fs.go:80.51,82.3 1 0
github.com/IBM/ibm-object-csi-driver/pkg/mounter/mounter-s3fs.go:84.2,84.18 1 0
github.com/IBM/ibm-object-csi-driver/pkg/mounter/mounter-s3fs.go:84.18,87.3 2 0
github.com/IBM/ibm-object-csi-driver/pkg/mounter/mounter-s3fs.go:87.8,90.3 2 0
github.com/IBM/ibm-object-csi-driver/pkg/mounter/mounter-s3fs.go:92.2,96.16 3 0
github.com/IBM/ibm-object-csi-driver/pkg/mounter/mounter-s3fs.go:96.16,98.3 1 0
github.com/IBM/ibm-object-csi-driver/pkg/mounter/mounter-s3fs.go:99.2,103.21 3 0
github.com/IBM/ibm-object-csi-driver/pkg/mounter/mounter-s3fs.go:106.68,115.54 7 0
github.com/IBM/ibm-object-csi-driver/pkg/mounter/mounter-s3fs.go:115.54,118.3 2 0
github.com/IBM/ibm-object-csi-driver/pkg/mounter/mounter-s3fs.go:120.2,120.16 1 0
github.com/IBM/ibm-object-csi-driver/pkg/mounter/mounter-s3fs.go:120.16,123.14 1 0
github.com/IBM/ibm-object-csi-driver/pkg/mounter/mounter-s3fs.go:123.14,126.4 2 0
github.com/IBM/ibm-object-csi-driver/pkg/mounter/mounter-s3fs.go:129.2,130.66 2 0
github.com/IBM/ibm-object-csi-driver/pkg/mounter/mounter-s3fs.go:130.66,133.3 2 0
github.com/IBM/ibm-object-csi-driver/pkg/mounter/mounter-s3fs.go:135.2,135.24 1 0
github.com/IBM/ibm-object-csi-driver/pkg/mounter/mounter-s3fs.go:135.24,137.3 1 0
github.com/IBM/ibm-object-csi-driver/pkg/mounter/mounter-s3fs.go:137.8,139.3 1 0
github.com/IBM/ibm-object-csi-driver/pkg/mounter/mounter-s3fs.go:141.2,153.40 2 0
github.com/IBM/ibm-object-csi-driver/pkg/mounter/mounter-s3fs.go:153.40,156.3 2 0
github.com/IBM/ibm-object-csi-driver/pkg/mounter/mounter-s3fs.go:158.2,158.29 1 0
github.com/IBM/ibm-object-csi-driver/pkg/mounter/mounter-s3fs.go:158.29,161.3 2 0
github.com/IBM/ibm-object-csi-driver/pkg/mounter/mounter-s3fs.go:161.8,163.3 1 0
github.com/IBM/ibm-object-csi-driver/pkg/mounter/mounter-s3fs.go:164.2,164.66 1 0
github.com/IBM/ibm-object-csi-driver/pkg/mounter/mounter-s3fs.go:170.58,172.2 1 0
github.com/IBM/ibm-object-csi-driver/pkg/mounter/mounter-s3fs.go:177.73,179.2 1 0
github.com/IBM/ibm-object-csi-driver/pkg/mounter/mounter-s3fs.go:181.55,185.16 4 0
github.com/IBM/ibm-object-csi-driver/pkg/mounter/mounter-s3fs.go:185.16,187.3 1 0
github.com/IBM/ibm-object-csi-driver/pkg/mounter/mounter-s3fs.go:189.2,189.46 1 0
github.com/IBM/ibm-object-csi-driver/pkg/mounter/mounter-s3fs.go:192.101,196.37 2 0
github.com/IBM/ibm-object-csi-driver/pkg/mounter/mounter-s3fs.go:196.37,197.35 1 0
github.com/IBM/ibm-object-csi-driver/pkg/mounter/mounter-s3fs.go:197.35,198.12 1 0
github.com/IBM/ibm-object-csi-driver/pkg/mounter/mounter-s3fs.go:200.3,201.21 2 0
github.com/IBM/ibm-object-csi-driver/pkg/mounter/mounter-s3fs.go:201.21,203.4 1 0
github.com/IBM/ibm-object-csi-driver/pkg/mounter/mounter-s3fs.go:203.9,203.28 1 0
github.com/IBM/ibm-object-csi-driver/pkg/mounter/mounter-s3fs.go:203.28,205.4 1 0
github.com/IBM/ibm-object-csi-driver/pkg/mounter/mounter-s3fs.go:208.2,208.46 1 0
github.com/IBM/ibm-object-csi-driver/pkg/mounter/mounter-s3fs.go:208.46,210.3 1 0
github.com/IBM/ibm-object-csi-driver/pkg/mounter/mounter-s3fs.go:212.2,212.49 1 0
github.com/IBM/ibm-object-csi-driver/pkg/mounter/mounter-s3fs.go:212.49,214.3 1 0
github.com/IBM/ibm-object-csi-driver/pkg/mounter/mounter-s3fs.go:216.2,216.43 1 0
github.com/IBM/ibm-object-csi-driver/pkg/mounter/mounter-s3fs.go:216.43,218.3 1 0
github.com/IBM/ibm-object-csi-driver/pkg/mounter/mounter-s3fs.go:220.2,220.54 1 0
github.com/IBM/ibm-object-csi-driver/pkg/mounter/mounter-s3fs.go:220.54,222.3 1 0
github.com/IBM/ibm-object-csi-driver/pkg/mounter/mounter-s3fs.go:222.8,222.35 1 0
github.com/IBM/ibm-object-csi-driver/pkg/mounter/mounter-s3fs.go:222.35,224.3 1 0
github.com/IBM/ibm-object-csi-driver/pkg/mounter/mounter-s3fs.go:226.2,227.9 2 0
github.com/IBM/ibm-object-csi-driver/pkg/mounter/mounter-s3fs.go:227.9,229.3 1 0
github.com/IBM/ibm-object-csi-driver/pkg/mounter/mounter-s3fs.go:229.8,232.30 2 0
github.com/IBM/ibm-object-csi-driver/pkg/mounter/mounter-s3fs.go:232.30,233.37 1 0
github.com/IBM/ibm-object-csi-driver/pkg/mounter/mounter-s3fs.go:233.37,234.13 1 0
github.com/IBM/ibm-object-csi-driver/pkg/mounter/mounter-s3fs.go:236.4,237.22 2 0
github.com/IBM/ibm-object-csi-driver/pkg/mounter/mounter-s3fs.go:237.22,239.5 1 0
github.com/IBM/ibm-object-csi-driver/pkg/mounter/mounter-s3fs.go:239.10,239.29 1 0
github.com/IBM/ibm-object-csi-driver/pkg/mounter/mounter-s3fs.go:239.29,241.5 1 0
github.com/IBM/ibm-object-csi-driver/pkg/mounter/mounter-s3fs.go:241.10,243.5 1 0
github.com/IBM/ibm-object-csi-driver/pkg/mounter/mounter-s3fs.go:248.2,249.37 2 0
github.com/IBM/ibm-object-csi-driver/pkg/mounter/mounter-s3fs.go:249.37,253.17 3 0
github.com/IBM/ibm-object-csi-driver/pkg/mounter/mounter-s3fs.go:253.17,256.4 2 0
github.com/IBM/ibm-object-csi-driver/pkg/mounter/mounter-s3fs.go:258.3,258.45 1 0
github.com/IBM/ibm-object-csi-driver/pkg/mounter/mounter-s3fs.go:258.45,259.22 1 0
github.com/IBM/ibm-object-csi-driver/pkg/mounter/mounter-s3fs.go:259.22,261.5 1 0
github.com/IBM/ibm-object-csi-driver/pkg/mounter/mounter-s3fs.go:261.10,263.5 1 0
github.com/IBM/ibm-object-csi-driver/pkg/mounter/mounter-s3fs.go:266.3,267.57 2 0
github.com/IBM/ibm-object-csi-driver/pkg/mounter/mounter-s3fs.go:270.2,271.28 2 0
github.com/IBM/ibm-object-csi-driver/pkg/mounter/mounter.go:24.50,26.2 1 0
github.com/IBM/ibm-object-csi-driver/pkg/mounter/mounter.go:29.134,35.43 4 0
github.com/IBM/ibm-object-csi-driver/pkg/mounter/mounter.go:35.43,37.3 1 0
github.com/IBM/ibm-object-csi-driver/pkg/mounter/mounter.go:37.8,39.47 1 0
github.com/IBM/ibm-object-csi-driver/pkg/mounter/mounter.go:39.47,41.4 1 0
github.com/IBM/ibm-object-csi-driver/pkg/mounter/mounter.go:44.2,46.17 2 0
github.com/IBM/ibm-object-csi-driver/pkg/mounter/mounter.go:47.22,48.61 1 0
github.com/IBM/ibm-object-csi-driver/pkg/mounter/mounter.go:49.24,50.63 1 0
github.com/IBM/ibm-object-csi-driver/pkg/mounter/mounter.go:51.10,53.61 1 0
github.com/IBM/ibm-object-csi-driver/pkg/mounter/mounter.go:57.43,58.16 1 0
github.com/IBM/ibm-object-csi-driver/pkg/mounter/mounter.go:58.16,60.3 1 0
github.com/IBM/ibm-object-csi-driver/pkg/mounter/mounter.go:61.2,62.16 2 0
github.com/IBM/ibm-object-csi-driver/pkg/mounter/mounter.go:62.16,64.3 1 0
github.com/IBM/ibm-object-csi-driver/pkg/mounter/mounter.go:64.8,64.31 1 0
github.com/IBM/ibm-object-csi-driver/pkg/mounter/mounter.go:64.31,66.3 1 0
github.com/IBM/ibm-object-csi-driver/pkg/mounter/mounter.go:66.8,66.32 1 0
github.com/IBM/ibm-object-csi-driver/pkg/mounter/mounter.go:66.32,68.3 1 0
github.com/IBM/ibm-object-csi-driver/pkg/mounter/mounter.go:69.2,69.19 1 0
github.com/IBM/ibm-object-csi-driver/pkg/mounter/mounter.go:72.37,73.16 1 0
github.com/IBM/ibm-object-csi-driver/pkg/mounter/mounter.go:73.16,75.3 1 0
github.com/IBM/ibm-object-csi-driver/pkg/mounter/mounter.go:76.2,77.26 2 0
github.com/IBM/ibm-object-csi-driver/pkg/mounter/mounter.go:78.21,79.27 1 0
github.com/IBM/ibm-object-csi-driver/pkg/mounter/mounter.go:80.21,81.27 1 0
github.com/IBM/ibm-object-csi-driver/pkg/mounter/mounter.go:82.24,83.27 1 0
github.com/IBM/ibm-object-csi-driver/pkg/mounter/mounter.go:85.2,85.81 1 0
github.com/IBM/ibm-object-csi-driver/pkg/mounter/mounter.go:88.63,90.16 2 0
github.com/IBM/ibm-object-csi-driver/pkg/mounter/mounter.go:90.16,92.3 1 0
github.com/IBM/ibm-object-csi-driver/pkg/mounter/mounter.go:93.2,94.16 2 0
github.com/IBM/ibm-object-csi-driver/pkg/mounter/mounter.go:94.16,96.3 1 0
github.com/IBM/ibm-object-csi-driver/pkg/mounter/mounter.go:97.2,98.16 2 0
github.com/IBM/ibm-object-csi-driver/pkg/mounter/mounter.go:98.16,100.3 1 0
github.com/IBM/ibm-object-csi-driver/pkg/mounter/mounter.go:101.2,101.12 1 0
github.com/IBM/ibm-object-csi-driver/pkg/utils/driver_utils.go:33.77,35.16 2 0
github.com/IBM/ibm-object-csi-driver/pkg/utils/driver_utils.go:35.16,37.3 1 0
github.com/IBM/ibm-object-csi-driver/pkg/utils/driver_utils.go:39.2,40.16 2 0
github.com/IBM/ibm-object-csi-driver/pkg/utils/driver_utils.go:40.16,43.3 2 0
github.com/IBM/ibm-object-csi-driver/pkg/utils/driver_utils.go:45.2,46.66 2 0
github.com/IBM/ibm-object-csi-driver/pkg/utils/driver_utils.go:46.66,49.3 2 0
github.com/IBM/ibm-object-csi-driver/pkg/utils/driver_utils.go:51.2,52.16 2 0
github.com/IBM/ibm-object-csi-driver/pkg/utils/driver_utils.go:55.99,57.2 1 0
github.com/IBM/ibm-object-csi-driver/pkg/utils/driver_utils.go:59.73,63.16 4 0
github.com/IBM/ibm-object-csi-driver/pkg/utils/driver_utils.go:63.16,65.61 2 0
github.com/IBM/ibm-object-csi-driver/pkg/utils/driver_utils.go:65.61,66.55 1 0
github.com/IBM/ibm-object-csi-driver/pkg/utils/driver_utils.go:66.55,69.5 2 0
github.com/IBM/ibm-object-csi-driver/pkg/utils/driver_utils.go:70.4,70.17 1 0
github.com/IBM/ibm-object-csi-driver/pkg/utils/driver_utils.go:71.9,73.4 1 0
github.com/IBM/ibm-object-csi-driver/pkg/utils/driver_utils.go:75.2,75.20 1 0
github.com/IBM/ibm-object-csi-driver/pkg/utils/driver_utils.go:78.95,80.16 2 0
github.com/IBM/ibm-object-csi-driver/pkg/utils/driver_utils.go:80.16,82.3 1 0
github.com/IBM/ibm-object-csi-driver/pkg/utils/driver_utils.go:84.2,85.16 2 0
github.com/IBM/ibm-object-csi-driver/pkg/utils/driver_utils.go:85.16,87.3 1 0
github.com/IBM/ibm-object-csi-driver/pkg/utils/driver_utils.go:89.2,90.16 2 0
github.com/IBM/ibm-object-csi-driver/pkg/utils/driver_utils.go:90.16,92.3 1 0
github.com/IBM/ibm-object-csi-driver/pkg/utils/driver_utils.go:94.2,94.29 1 0
github.com/IBM/ibm-object-csi-driver/pkg/utils/driver_utils.go:97.55,100.16 2 0
github.com/IBM/ibm-object-csi-driver/pkg/utils/driver_utils.go:100.16,103.3 2 0
github.com/IBM/ibm-object-csi-driver/pkg/utils/driver_utils.go:106.2,107.16 2 0
github.com/IBM/ibm-object-csi-driver/pkg/utils/driver_utils.go:107.16,110.3 2 0
github.com/IBM/ibm-object-csi-driver/pkg/utils/driver_utils.go:112.2,112.23 1 0
github.com/IBM/ibm-object-csi-driver/pkg/utils/driver_utils.go:115.107,117.16 2 0
github.com/IBM/ibm-object-csi-driver/pkg/utils/driver_utils.go:117.16,119.3 1 0
github.com/IBM/ibm-object-csi-driver/pkg/utils/driver_utils.go:120.2,123.16 3 0
github.com/IBM/ibm-object-csi-driver/pkg/utils/driver_utils.go:123.16,125.3 1 0
github.com/IBM/ibm-object-csi-driver/pkg/utils/driver_utils.go:127.2,127.19 1 0
github.com/IBM/ibm-object-csi-driver/pkg/utils/driver_utils.go:127.19,129.3 1 0
github.com/IBM/ibm-object-csi-driver/pkg/utils/driver_utils.go:131.2,132.30 2 0
github.com/IBM/ibm-object-csi-driver/pkg/utils/driver_utils.go:135.118,137.16 2 0
github.com/IBM/ibm-object-csi-driver/pkg/utils/driver_utils.go:137.16,139.3 1 0
github.com/IBM/ibm-object-csi-driver/pkg/utils/driver_utils.go:141.2,142.19 2 0
github.com/IBM/ibm-object-csi-driver/pkg/utils/driver_utils.go:142.19,144.3 1 0
github.com/IBM/ibm-object-csi-driver/pkg/utils/driver_utils.go:146.2,147.24 2 0
github.com/IBM/ibm-object-csi-driver/pkg/utils/driver_utils.go:147.24,149.3 1 0
github.com/IBM/ibm-object-csi-driver/pkg/utils/driver_utils.go:151.2,153.45 2 0
github.com/IBM/ibm-object-csi-driver/pkg/utils/driver_utils.go:156.62,159.2 2 0
github.com/IBM/ibm-object-csi-driver/pkg/utils/driver_utils.go:161.55,177.16 8 0
github.com/IBM/ibm-object-csi-driver/pkg/utils/driver_utils.go:177.16,180.3 2 0
github.com/IBM/ibm-object-csi-driver/pkg/utils/driver_utils.go:183.2,191.16 4 0
github.com/IBM/ibm-object-csi-driver/pkg/utils/driver_utils.go:191.16,194.3 2 0
github.com/IBM/ibm-object-csi-driver/pkg/utils/driver_utils.go:197.2,198.37 2 0
github.com/IBM/ibm-object-csi-driver/pkg/utils/driver_utils.go:198.37,200.3 1 0
github.com/IBM/ibm-object-csi-driver/pkg/utils/driver_utils.go:202.2,202.19 1 0
github.com/IBM/ibm-object-csi-driver/pkg/utils/fake_driver_utils.go:22.90,26.2 1 0
github.com/IBM/ibm-object-csi-driver/pkg/utils/fake_driver_utils.go:28.110,29.34 1 0
github.com/IBM/ibm-object-csi-driver/pkg/utils/fake_driver_utils.go:29.34,31.3 1 0
github.com/IBM/ibm-object-csi-driver/pkg/utils/fake_driver_utils.go:32.2,32.45 1 0
github.com/IBM/ibm-object-csi-driver/pkg/utils/fake_driver_utils.go:35.84,36.38 1 0
github.com/IBM/ibm-object-csi-driver/pkg/utils/fake_driver_utils.go:36.38,38.3 1 0
github.com/IBM/ibm-object-csi-driver/pkg/utils/fake_driver_utils.go:39.2,39.45 1 0
github.com/IBM/ibm-object-csi-driver/pkg/utils/fake_driver_utils.go:42.88,43.42 1 0
github.com/IBM/ibm-object-csi-driver/pkg/utils/fake_driver_utils.go:43.42,45.3 1 0
github.com/IBM/ibm-object-csi-driver/pkg/utils/fake_driver_utils.go:46.2,46.45 1 0
github.com/IBM/ibm-object-csi-driver/pkg/utils/fake_driver_utils.go:49.106,50.42 1 0
github.com/IBM/ibm-object-csi-driver/pkg/utils/fake_driver_utils.go:50.42,52.3 1 0
github.com/IBM/ibm-object-csi-driver/pkg/utils/fake_driver_utils.go:53.2,53.45 1 0
github.com/IBM/ibm-object-csi-driver/pkg/s3client/s3client.go:84.58,86.2 1 0
github.com/IBM/ibm-object-csi-driver/pkg/s3client/s3client.go:97.61,102.2 2 1
github.com/IBM/ibm-object-csi-driver/pkg/s3client/s3client.go:104.95,112.16 4 1
github.com/IBM/ibm-object-csi-driver/pkg/s3client/s3client.go:112.16,115.3 2 1
github.com/IBM/ibm-object-csi-driver/pkg/s3client/s3client.go:116.2,116.29 1 1
github.com/IBM/ibm-object-csi-driver/pkg/s3client/s3client.go:116.29,118.80 2 1
github.com/IBM/ibm-object-csi-driver/pkg/s3client/s3client.go:118.80,120.4 1 1
github.com/IBM/ibm-object-csi-driver/pkg/s3client/s3client.go:122.2,122.19 1 1
github.com/IBM/ibm-object-csi-driver/pkg/s3client/s3client.go:125.88,126.24 1 1
github.com/IBM/ibm-object-csi-driver/pkg/s3client/s3client.go:126.24,132.3 1 1
github.com/IBM/ibm-object-csi-driver/pkg/s3client/s3client.go:132.8,136.3 1 0
github.com/IBM/ibm-object-csi-driver/pkg/s3client/s3client.go:138.2,138.16 1 1
github.com/IBM/ibm-object-csi-driver/pkg/s3client/s3client.go:138.16,144.85 1 1
github.com/IBM/ibm-object-csi-driver/pkg/s3client/s3client.go:144.85,147.4 2 1
github.com/IBM/ibm-object-csi-driver/pkg/s3client/s3client.go:148.3,148.17 1 1
github.com/IBM/ibm-object-csi-driver/pkg/s3client/s3client.go:151.2,151.16 1 1
github.com/IBM/ibm-object-csi-driver/pkg/s3client/s3client.go:154.56,159.16 2 1
github.com/IBM/ibm-object-csi-driver/pkg/s3client/s3client.go:159.16,160.74 1 1
github.com/IBM/ibm-object-csi-driver/pkg/s3client/s3client.go:160.74,163.4 2 1
github.com/IBM/ibm-object-csi-driver/pkg/s3client/s3client.go:165.3,165.64 1 1
github.com/IBM/ibm-object-csi-driver/pkg/s3client/s3client.go:168.2,168.36 1 1
github.com/IBM/ibm-object-csi-driver/pkg/s3client/s3client.go:168.36,174.17 2 1
github.com/IBM/ibm-object-csi-driver/pkg/s3client/s3client.go:174.17,176.4 1 1
github.com/IBM/ibm-object-csi-driver/pkg/s3client/s3client.go:179.2,183.12 2 1
github.com/IBM/ibm-object-csi-driver/pkg/s3client/s3client.go:186.65,191.2 4 0
github.com/IBM/ibm-object-csi-driver/pkg/s3client/s3client.go:194.161,196.29 2 1
github.com/IBM/ibm-object-csi-driver/pkg/s3client/s3client.go:196.29,198.3 1 0
github.com/IBM/ibm-object-csi-driver/pkg/s3client/s3client.go:198.8,200.3 1 1
github.com/IBM/ibm-object-csi-driver/pkg/s3client/s3client.go:201.2,211.3 2 1
github.com/IBM/ibm-object-csi-driver/pkg/driver/controllerserver.go:35.126,43.16 3 1
github.com/IBM/ibm-object-csi-driver/pkg/driver/controllerserver.go:43.16,45.3 1 0
github.com/IBM/ibm-object-csi-driver/pkg/driver/controllerserver.go:46.2,49.16 3 1
github.com/IBM/ibm-object-csi-driver/pkg/driver/controllerserver.go:49.16,51.3 1 0
github.com/IBM/ibm-object-csi-driver/pkg/driver/controllerserver.go:52.2,53.24 2 1
github.com/IBM/ibm-object-csi-driver/pkg/driver/controllerserver.go:53.24,55.3 1 1
github.com/IBM/ibm-object-csi-driver/pkg/driver/controllerserver.go:57.2,58.17 2 1
github.com/IBM/ibm-object-csi-driver/pkg/driver/controllerserver.go:58.17,60.3 1 1
github.com/IBM/ibm-object-csi-driver/pkg/driver/controllerserver.go:61.2,61.27 1 1
github.com/IBM/ibm-object-csi-driver/pkg/driver/controllerserver.go:61.27,62.28 1 1
github.com/IBM/ibm-object-csi-driver/pkg/driver/controllerserver.go:62.28,64.4 1 1
github.com/IBM/ibm-object-csi-driver/pkg/driver/controllerserver.go:68.2,69.46 2 1
github.com/IBM/ibm-object-csi-driver/pkg/driver/controllerserver.go:69.46,71.3 1 1
github.com/IBM/ibm-object-csi-driver/pkg/driver/controllerserver.go:72.2,77.16 6 1
github.com/IBM/ibm-object-csi-driver/pkg/driver/controllerserver.go:77.16,79.3 1 1
github.com/IBM/ibm-object-csi-driver/pkg/driver/controllerserver.go:80.2,81.20 2 1
github.com/IBM/ibm-object-csi-driver/pkg/driver/controllerserver.go:81.20,83.3 1 1
github.com/IBM/ibm-object-csi-driver/pkg/driver/controllerserver.go:84.2,85.30 2 1
github.com/IBM/ibm-object-csi-driver/pkg/driver/controllerserver.go:85.30,87.3 1 1
github.com/IBM/ibm-object-csi-driver/pkg/driver/controllerserver.go:89.2,90.24 2 1
github.com/IBM/ibm-object-csi-driver/pkg/driver/controllerserver.go:90.24,92.3 1 1
github.com/IBM/ibm-object-csi-driver/pkg/driver/controllerserver.go:94.2,97.22 4 1
github.com/IBM/ibm-object-csi-driver/pkg/driver/controllerserver.go:97.22,100.60 2 1
github.com/IBM/ibm-object-csi-driver/pkg/driver/controllerserver.go:100.60,103.18 3 1
github.com/IBM/ibm-object-csi-driver/pkg/driver/controllerserver.go:103.18,105.5 1 1
github.com/IBM/ibm-object-csi-driver/pkg/driver/controllerserver.go:106.4,107.48 2 0
github.com/IBM/ibm-object-csi-driver/pkg/driver/controllerserver.go:109.3,109.36 1 1
github.com/IBM/ibm-object-csi-driver/pkg/driver/controllerserver.go:110.8,114.27 3 1
github.com/IBM/ibm-object-csi-driver/pkg/driver/controllerserver.go:114.27,117.4 2 0
github.com/IBM/ibm-object-csi-driver/pkg/driver/controllerserver.go:118.3,119.17 2 1
github.com/IBM/ibm-object-csi-driver/pkg/driver/controllerserver.go:119.17,121.4 1 0
github.com/IBM/ibm-object-csi-driver/pkg/driver/controllerserver.go:122.3,124.40 3 1
github.com/IBM/ibm-object-csi-driver/pkg/driver/controllerserver.go:126.2,136.8 2 1
github.com/IBM/ibm-object-csi-driver/pkg/driver/controllerserver.go:139.126,141.16 2 1
github.com/IBM/ibm-object-csi-driver/pkg/driver/controllerserver.go:141.16,143.3 1 0
github.com/IBM/ibm-object-csi-driver/pkg/driver/controllerserver.go:144.2,147.24 3 1
github.com/IBM/ibm-object-csi-driver/pkg/driver/controllerserver.go:147.24,149.3 1 1
github.com/IBM/ibm-object-csi-driver/pkg/driver/controllerserver.go:150.2,154.16 4 1
github.com/IBM/ibm-object-csi-driver/pkg/driver/controllerserver.go:154.16,156.3 1 1
github.com/IBM/ibm-object-csi-driver/pkg/driver/controllerserver.go:158.2,163.16 5 1
github.com/IBM/ibm-object-csi-driver/pkg/driver/controllerserver.go:163.16,165.3 1 1
github.com/IBM/ibm-object-csi-driver/pkg/driver/controllerserver.go:167.2,167.26 1 1
github.com/IBM/ibm-object-csi-driver/pkg/driver/controllerserver.go:167.26,169.17 2 1
github.com/IBM/ibm-object-csi-driver/pkg/driver/controllerserver.go:169.17,171.4 1 1
github.com/IBM/ibm-object-csi-driver/pkg/driver/controllerserver.go:172.3,172.55 1 1
github.com/IBM/ibm-object-csi-driver/pkg/driver/controllerserver.go:175.2,175.41 1 1
github.com/IBM/ibm-object-csi-driver/pkg/driver/controllerserver.go:178.159,181.2 2 1
github.com/IBM/ibm-object-csi-driver/pkg/driver/controllerserver.go:183.165,186.2 2 1
github.com/IBM/ibm-object-csi-driver/pkg/driver/controllerserver.go:188.168,193.24 3 1
github.com/IBM/ibm-object-csi-driver/pkg/driver/controllerserver.go:193.24,195.3 1 1
github.com/IBM/ibm-object-csi-driver/pkg/driver/controllerserver.go:197.2,198.23 2 1
github.com/IBM/ibm-object-csi-driver/pkg/driver/controllerserver.go:198.23,200.3 1 1
github.com/IBM/ibm-object-csi-driver/pkg/driver/controllerserver.go:202.2,203.40 2 1
github.com/IBM/ibm-object-csi-driver/pkg/driver/controllerserver.go:203.40,205.3 1 1
github.com/IBM/ibm-object-csi-driver/pkg/driver/controllerserver.go:207.2,209.8 1 1
github.com/IBM/ibm-object-csi-driver/pkg/driver/controllerserver.go:212.123,215.2 2 1
github.com/IBM/ibm-object-csi-driver/pkg/driver/controllerserver.go:217.123,220.2 2 1
github.com/IBM/ibm-object-csi-driver/pkg/driver/controllerserver.go:222.165,225.45 3 1
github.com/IBM/ibm-object-csi-driver/pkg/driver/controllerserver.go:225.45,234.3 2 1
github.com/IBM/ibm-object-csi-driver/pkg/driver/controllerserver.go:235.2,235.72 1 1
github.com/IBM/ibm-object-csi-driver/pkg/driver/controllerserver.go:238.132,241.2 2 1
github.com/IBM/ibm-object-csi-driver/pkg/driver/controllerserver.go:243.132,246.2 2 1
github.com/IBM/ibm-object-csi-driver/pkg/driver/controllerserver.go:248.129,251.2 2 1
github.com/IBM/ibm-object-csi-driver/pkg/driver/controllerserver.go:253.156,256.2 2 1
github.com/IBM/ibm-object-csi-driver/pkg/driver/controllerserver.go:258.147,261.2 2 1
github.com/IBM/ibm-object-csi-driver/pkg/driver/controllerserver.go:263.156,266.2 2 1
github.com/IBM/ibm-object-csi-driver/pkg/driver/identityserver.go:32.136,34.33 2 1
github.com/IBM/ibm-object-csi-driver/pkg/driver/identityserver.go:34.33,36.3 1 1
github.com/IBM/ibm-object-csi-driver/pkg/driver/identityserver.go:38.2,41.8 1 1
github.com/IBM/ibm-object-csi-driver/pkg/driver/identityserver.go:45.160,72.2 2 1
github.com/IBM/ibm-object-csi-driver/pkg/driver/identityserver.go:75.112,78.2 2 1
github.com/IBM/ibm-object-csi-driver/pkg/driver/nodeserver.go:39.129,43.24 3 1
github.com/IBM/ibm-object-csi-driver/pkg/driver/nodeserver.go:43.24,45.3 1 1
github.com/IBM/ibm-object-csi-driver/pkg/driver/nodeserver.go:47.2,48.33 2 1
github.com/IBM/ibm-object-csi-driver/pkg/driver/nodeserver.go:48.33,50.3 1 1
github.com/IBM/ibm-object-csi-driver/pkg/driver/nodeserver.go:52.2,52.44 1 1
github.com/IBM/ibm-object-csi-driver/pkg/driver/nodeserver.go:55.135,59.24 3 0
github.com/IBM/ibm-object-csi-driver/pkg/driver/nodeserver.go:59.24,61.3 1 0
github.com/IBM/ibm-object-csi-driver/pkg/driver/nodeserver.go:63.2,64.33 2 0
github.com/IBM/ibm-object-csi-driver/pkg/driver/nodeserver.go:64.33,66.3 1 0
github.com/IBM/ibm-object-csi-driver/pkg/driver/nodeserver.go:68.2,68.46 1 0
github.com/IBM/ibm-object-csi-driver/pkg/driver/nodeserver.go:71.135,73.16 2 0
github.com/IBM/ibm-object-csi-driver/pkg/driver/nodeserver.go:73.16,75.3 1 0
github.com/IBM/ibm-object-csi-driver/pkg/driver/nodeserver.go:76.2,82.24 5 0
github.com/IBM/ibm-object-csi-driver/pkg/driver/nodeserver.go:82.24,84.3 1 0
github.com/IBM/ibm-object-csi-driver/pkg/driver/nodeserver.go:86.2,87.26 2 0
github.com/IBM/ibm-object-csi-driver/pkg/driver/nodeserver.go:87.26,89.3 1 0
github.com/IBM/ibm-object-csi-driver/pkg/driver/nodeserver.go:92.2,92.38 1 0
github.com/IBM/ibm-object-csi-driver/pkg/driver/nodeserver.go:92.38,94.3 1 0
github.com/IBM/ibm-object-csi-driver/pkg/driver/nodeserver.go:96.2,97.16 2 0
github.com/IBM/ibm-object-csi-driver/pkg/driver/nodeserver.go:97.16,100.3 2 0
github.com/IBM/ibm-object-csi-driver/pkg/driver/nodeserver.go:101.2,101.13 1 0
github.com/IBM/ibm-object-csi-driver/pkg/driver/nodeserver.go:101.13,103.3 1 0
github.com/IBM/ibm-object-csi-driver/pkg/driver/nodeserver.go:105.2,106.36 2 0
github.com/IBM/ibm-object-csi-driver/pkg/driver/nodeserver.go:106.36,108.3 1 0
github.com/IBM/ibm-object-csi-driver/pkg/driver/nodeserver.go:110.2,118.30 7 0
github.com/IBM/ibm-object-csi-driver/pkg/driver/nodeserver.go:118.30,119.83 1 0
github.com/IBM/ibm-object-csi-driver/pkg/driver/nodeserver.go:119.83,121.12 2 0
github.com/IBM/ibm-object-csi-driver/pkg/driver/nodeserver.go:123.3,123.23 1 0
github.com/IBM/ibm-object-csi-driver/pkg/driver/nodeserver.go:125.2,126.28 2 0
github.com/IBM/ibm-object-csi-driver/pkg/driver/nodeserver.go:126.28,128.3 1 0
github.com/IBM/ibm-object-csi-driver/pkg/driver/nodeserver.go:131.2,131.35 1 0
github.com/IBM/ibm-object-csi-driver/pkg/driver/nodeserver.go:131.35,133.17 2 0
github.com/IBM/ibm-object-csi-driver/pkg/driver/nodeserver.go:133.17,136.4 2 0
github.com/IBM/ibm-object-csi-driver/pkg/driver/nodeserver.go:137.3,138.17 2 0
github.com/IBM/ibm-object-csi-driver/pkg/driver/nodeserver.go:138.17,141.4 2 0
github.com/IBM/ibm-object-csi-driver/pkg/driver/nodeserver.go:143.3,144.17 2 0
github.com/IBM/ibm-object-csi-driver/pkg/driver/nodeserver.go:144.17,147.4 2 0
github.com/IBM/ibm-object-csi-driver/pkg/driver/nodeserver.go:149.3,151.27 2 0
github.com/IBM/ibm-object-csi-driver/pkg/driver/nodeserver.go:151.27,154.4 2 0
github.com/IBM/ibm-object-csi-driver/pkg/driver/nodeserver.go:156.3,156.43 1 0
github.com/IBM/ibm-object-csi-driver/pkg/driver/nodeserver.go:159.2,160.88 2 0
github.com/IBM/ibm-object-csi-driver/pkg/driver/nodeserver.go:160.88,162.3 1 0
github.com/IBM/ibm-object-csi-driver/pkg/driver/nodeserver.go:164.2,166.56 2 0
github.com/IBM/ibm-object-csi-driver/pkg/driver/nodeserver.go:166.56,169.3 2 0
github.com/IBM/ibm-object-csi-driver/pkg/driver/nodeserver.go:171.2,172.46 2 0
github.com/IBM/ibm-object-csi-driver/pkg/driver/nodeserver.go:175.141,182.24 4 0
github.com/IBM/ibm-object-csi-driver/pkg/driver/nodeserver.go:182.24,184.3 1 0
github.com/IBM/ibm-object-csi-driver/pkg/driver/nodeserver.go:185.2,185.26 1 0
github.com/IBM/ibm-object-csi-driver/pkg/driver/nodeserver.go:185.26,187.3 1 0
github.com/IBM/ibm-object-csi-driver/pkg/driver/nodeserver.go:188.2,190.64 2 0
github.com/IBM/ibm-object-csi-driver/pkg/driver/nodeserver.go:190.64,194.3 2 0
github.com/IBM/ibm-object-csi-driver/pkg/driver/nodeserver.go:195.2,197.48 2 0
github.com/IBM/ibm-object-csi-driver/pkg/driver/nodeserver.go:200.138,204.26 3 0
github.com/IBM/ibm-object-csi-driver/pkg/driver/nodeserver.go:204.26,206.3 1 0
github.com/IBM/ibm-object-csi-driver/pkg/driver/nodeserver.go:207.2,207.24 1 0
github.com/IBM/ibm-object-csi-driver/pkg/driver/nodeserver.go:207.24,209.3 1 0
github.com/IBM/ibm-object-csi-driver/pkg/driver/nodeserver.go:211.2,215.16 3 0
github.com/IBM/ibm-object-csi-driver/pkg/driver/nodeserver.go:215.16,224.3 3 0
github.com/IBM/ibm-object-csi-driver/pkg/driver/nodeserver.go:226.2,227.16 2 0
github.com/IBM/ibm-object-csi-driver/pkg/driver/nodeserver.go:227.16,229.3 1 0
github.com/IBM/ibm-object-csi-driver/pkg/driver/nodeserver.go:231.2,232.16 2 0
github.com/IBM/ibm-object-csi-driver/pkg/driver/nodeserver.go:232.16,234.3 1 0
github.com/IBM/ibm-object-csi-driver/pkg/driver/nodeserver.go:236.2,258.18 5 0
github.com/IBM/ibm-object-csi-driver/pkg/driver/nodeserver.go:261.130,263.2 1 0
github.com/IBM/ibm-object-csi-driver/pkg/driver/nodeserver.go:266.141,270.45 3 0
github.com/IBM/ibm-object-csi-driver/pkg/driver/nodeserver.go:270.45,279.3 2 0
github.com/IBM/ibm-object-csi-driver/pkg/driver/nodeserver.go:280.2,280.66 1 0
github.com/IBM/ibm-object-csi-driver/pkg/driver/nodeserver.go:283.117,293.2 5 0
github.com/IBM/ibm-object-csi-driver/pkg/driver/s3-driver.go:70.105,73.23 3 1
github.com/IBM/ibm-object-csi-driver/pkg/driver/s3-driver.go:73.23,76.3 2 1
github.com/IBM/ibm-object-csi-driver/pkg/driver/s3-driver.go:77.2,79.12 3 1
github.com/IBM/ibm-object-csi-driver/pkg/driver/s3-driver.go:83.111,86.23 3 1
github.com/IBM/ibm-object-csi-driver/pkg/driver/s3-driver.go:86.23,89.3 2 1
github.com/IBM/ibm-object-csi-driver/pkg/driver/s3-driver.go:90.2,92.12 3 1
github.com/IBM/ibm-object-csi-driver/pkg/driver/s3-driver.go:96.99,99.23 3 1
github.com/IBM/ibm-object-csi-driver/pkg/driver/s3-driver.go:99.23,102.3 2 1
github.com/IBM/ibm-object-csi-driver/pkg/driver/s3-driver.go:103.2,105.12 3 1
github.com/IBM/ibm-object-csi-driver/pkg/driver/s3-driver.go:108.84,112.16 4 1
github.com/IBM/ibm-object-csi-driver/pkg/driver/s3-driver.go:112.16,114.3 1 1
github.com/IBM/ibm-object-csi-driver/pkg/driver/s3-driver.go:115.2,121.23 6 1
github.com/IBM/ibm-object-csi-driver/pkg/driver/s3-driver.go:124.53,128.2 1 1
github.com/IBM/ibm-object-csi-driver/pkg/driver/s3-driver.go:130.159,137.2 1 1
github.com/IBM/ibm-object-csi-driver/pkg/driver/s3-driver.go:139.166,147.2 1 0
github.com/IBM/ibm-object-csi-driver/pkg/driver/s3-driver.go:149.248,151.16 2 1
github.com/IBM/ibm-object-csi-driver/pkg/driver/s3-driver.go:151.16,153.3 1 0
github.com/IBM/ibm-object-csi-driver/pkg/driver/s3-driver.go:155.2,164.33 7 1
github.com/IBM/ibm-object-csi-driver/pkg/driver/s3-driver.go:164.33,166.3 1 1
github.com/IBM/ibm-object-csi-driver/pkg/driver/s3-driver.go:166.8,166.34 1 0
github.com/IBM/ibm-object-csi-driver/pkg/driver/s3-driver.go:166.34,168.3 1 0
github.com/IBM/ibm-object-csi-driver/pkg/driver/s3-driver.go:168.8,168.45 1 0
github.com/IBM/ibm-object-csi-driver/pkg/driver/s3-driver.go:168.45,171.3 2 0
github.com/IBM/ibm-object-csi-driver/pkg/driver/s3-driver.go:173.2,173.20 1 1
github.com/IBM/ibm-object-csi-driver/pkg/driver/s3-driver.go:176.31,185.2 6 0
github.com/IBM/ibm-object-csi-driver/pkg/driver/server.go:53.86,55.2 1 1
github.com/IBM/ibm-object-csi-driver/pkg/driver/server.go:58.124,62.2 2 0
github.com/IBM/ibm-object-csi-driver/pkg/driver/server.go:65.40,67.2 1 1
github.com/IBM/ibm-object-csi-driver/pkg/driver/server.go:70.40,72.2 1 1
github.com/IBM/ibm-object-csi-driver/pkg/driver/server.go:75.45,77.2 1 1
github.com/IBM/ibm-object-csi-driver/pkg/driver/server.go:80.146,89.16 4 1
github.com/IBM/ibm-object-csi-driver/pkg/driver/server.go:89.16,93.3 3 1
github.com/IBM/ibm-object-csi-driver/pkg/driver/server.go:95.2,96.24 2 1
github.com/IBM/ibm-object-csi-driver/pkg/driver/server.go:96.24,98.64 2 1
github.com/IBM/ibm-object-csi-driver/pkg/driver/server.go:98.64,101.4 2 0
github.com/IBM/ibm-object-csi-driver/pkg/driver/server.go:102.8,102.30 1 1
github.com/IBM/ibm-object-csi-driver/pkg/driver/server.go:102.30,104.3 1 1
github.com/IBM/ibm-object-csi-driver/pkg/driver/server.go:104.8,108.3 3 1
github.com/IBM/ibm-object-csi-driver/pkg/driver/server.go:110.2,113.16 3 1
github.com/IBM/ibm-object-csi-driver/pkg/driver/server.go:113.16,117.3 3 1
github.com/IBM/ibm-object-csi-driver/pkg/driver/server.go:119.2,124.28 4 1
github.com/IBM/ibm-object-csi-driver/pkg/driver/server.go:124.28,127.3 2 1
github.com/IBM/ibm-object-csi-driver/pkg/driver/server.go:127.8,127.29 1 0
github.com/IBM/ibm-object-csi-driver/pkg/driver/server.go:127.29,130.3 2 0
github.com/IBM/ibm-object-csi-driver/pkg/driver/server.go:130.8,130.40 1 0
github.com/IBM/ibm-object-csi-driver/pkg/driver/server.go:130.40,134.3 3 0
github.com/IBM/ibm-object-csi-driver/pkg/driver/server.go:136.2,136.22 1 1
github.com/IBM/ibm-object-csi-driver/pkg/driver/server.go:140.124,144.16 3 0
github.com/IBM/ibm-object-csi-driver/pkg/driver/server.go:144.16,146.3 1 0
github.com/IBM/ibm-object-csi-driver/pkg/driver/server.go:147.2,148.49 2 0
github.com/IBM/ibm-object-csi-driver/pkg/driver/server.go:148.49,150.3 1 0
github.com/IBM/ibm-object-csi-driver/pkg/driver/server.go:154.128,157.16 3 0
github.com/IBM/ibm-object-csi-driver/pkg/driver/server.go:157.16,159.3 1 0
github.com/IBM/ibm-object-csi-driver/pkg/driver/server.go:159.8,161.3 1 0
github.com/IBM/ibm-object-csi-driver/pkg/driver/server.go:162.2,162.18 1 0
github.com/IBM/ibm-object-csi-driver/pkg/driver/utils.go:37.94,47.51 2 1
github.com/IBM/ibm-object-csi-driver/pkg/driver/utils.go:47.51,49.3 1 1
github.com/IBM/ibm-object-csi-driver/pkg/driver/utils.go:50.2,50.23 1 1
github.com/IBM/ibm-object-csi-driver/pkg/driver/utils.go:50.23,52.3 1 1
github.com/IBM/ibm-object-csi-driver/pkg/driver/utils.go:54.2,54.46 1 1
github.com/IBM/ibm-object-csi-driver/pkg/driver/utils.go:54.46,56.3 1 1
github.com/IBM/ibm-object-csi-driver/pkg/driver/utils.go:58.2,58.18 1 1
github.com/IBM/ibm-object-csi-driver/pkg/driver/utils.go:58.18,61.22 3 1
github.com/IBM/ibm-object-csi-driver/pkg/driver/utils.go:61.22,63.4 1 1
github.com/IBM/ibm-object-csi-driver/pkg/driver/utils.go:65.3,66.22 2 1
github.com/IBM/ibm-object-csi-driver/pkg/driver/utils.go:66.22,68.4 1 1
github.com/IBM/ibm-object-csi-driver/pkg/driver/utils.go:69.8,72.30 3 1
github.com/IBM/ibm-object-csi-driver/pkg/driver/utils.go:72.30,74.4 1 1
github.com/IBM/ibm-object-csi-driver/pkg/driver/utils.go:77.2,84.8 1 1
github.com/IBM/ibm-object-csi-driver/pkg/driver/utils.go:87.61,93.2 4 1
github.com/IBM/ibm-object-csi-driver/pkg/driver/utils.go:95.94,97.15 2 1
github.com/IBM/ibm-object-csi-driver/pkg/driver/utils.go:97.15,99.3 1 0
github.com/IBM/ibm-object-csi-driver/pkg/driver/utils.go:100.2,100.16 1 1
github.com/IBM/ibm-object-csi-driver/pkg/driver/utils.go:100.16,101.81 1 1
github.com/IBM/ibm-object-csi-driver/pkg/driver/utils.go:101.81,103.4 1 0
github.com/IBM/ibm-object-csi-driver/pkg/driver/utils.go:103.9,106.4 2 1
github.com/IBM/ibm-object-csi-driver/pkg/driver/utils.go:108.2,108.59 1 1
github.com/IBM/ibm-object-csi-driver/pkg/driver/utils.go:108.59,111.3 2 1
github.com/IBM/ibm-object-csi-driver/pkg/driver/utils.go:112.2,112.12 1 1
github.com/IBM/ibm-object-csi-driver/pkg/driver/utils.go:115.56,118.24 3 1
github.com/IBM/ibm-object-csi-driver/pkg/driver/utils.go:118.24,122.3 3 1
github.com/IBM/ibm-object-csi-driver/pkg/driver/utils.go:123.2,123.22 1 1
github.com/IBM/ibm-object-csi-driver/pkg/driver/utils.go:126.70,127.53 1 1
github.com/IBM/ibm-object-csi-driver/pkg/driver/utils.go:127.53,128.40 1 1
github.com/IBM/ibm-object-csi-driver/pkg/driver/utils.go:128.40,132.55 2 1
github.com/IBM/ibm-object-csi-driver/pkg/driver/utils.go:132.55,134.5 1 1
github.com/IBM/ibm-object-csi-driver/pkg/driver/utils.go:136.3,136.15 1 1
github.com/IBM/ibm-object-csi-driver/pkg/driver/utils.go:139.2,140.28 2 1
github.com/IBM/ibm-object-csi-driver/pkg/driver/utils.go:140.28,141.21 1 1
github.com/IBM/ibm-object-csi-driver/pkg/driver/utils.go:141.21,143.4 1 1
github.com/IBM/ibm-object-csi-driver/pkg/driver/utils.go:145.2,145.17 1 1
github.com/IBM/ibm-object-csi-driver/pkg/driver/utils.go:148.65,149.25 1 1
github.com/IBM/ibm-object-csi-driver/pkg/driver/utils.go:150.32,163.31 7 1
github.com/IBM/ibm-object-csi-driver/pkg/driver/utils.go:163.31,164.84 1 1
github.com/IBM/ibm-object-csi-driver/pkg/driver/utils.go:164.84,166.13 2 1
github.com/IBM/ibm-object-csi-driver/pkg/driver/utils.go:168.4,168.25 1 1
github.com/IBM/ibm-object-csi-driver/pkg/driver/utils.go:170.3,170.21 1 1
github.com/IBM/ibm-object-csi-driver/pkg/driver/utils.go:171.32,184.31 7 1
github.com/IBM/ibm-object-csi-driver/pkg/driver/utils.go:184.31,185.84 1 1
github.com/IBM/ibm-object-csi-driver/pkg/driver/utils.go:185.84,187.13 2 1
github.com/IBM/ibm-object-csi-driver/pkg/driver/utils.go:189.4,189.25 1 1
github.com/IBM/ibm-object-csi-driver/pkg/driver/utils.go:192.3,192.21 1 1
github.com/IBM/ibm-object-csi-driver/pkg/driver/utils.go:193.37,206.31 7 0
github.com/IBM/ibm-object-csi-driver/pkg/driver/utils.go:206.31,207.84 1 0
github.com/IBM/ibm-object-csi-driver/pkg/driver/utils.go:207.84,209.13 2 0
github.com/IBM/ibm-object-csi-driver/pkg/driver/utils.go:211.4,211.25 1 0
github.com/IBM/ibm-object-csi-driver/pkg/driver/utils.go:214.3,214.21 1 0
github.com/IBM/ibm-object-csi-driver/pkg/driver/utils.go:216.10,217.53 1 0
github.com/IBM/ibm-object-csi-driver/pkg/driver/fake/s3client/fake_s3client.go:39.171,44.2 1 1
github.com/IBM/ibm-object-csi-driver/pkg/driver/fake/s3client/fake_s3client.go:46.65,47.37 1 1
github.com/IBM/ibm-object-csi-driver/pkg/driver/fake/s3client/fake_s3client.go:47.37,49.3 1 1
github.com/IBM/ibm-object-csi-driver/pkg/driver/fake/s3client/fake_s3client.go:50.2,50.12 1 1
github.com/IBM/ibm-object-csi-driver/pkg/driver/fake/s3client/fake_s3client.go:53.92,55.2 1 0
github.com/IBM/ibm-object-csi-driver/pkg/driver/fake/s3client/fake_s3client.go:57.84,58.32 1 1
github.com/IBM/ibm-object-csi-driver/pkg/driver/fake/s3client/fake_s3client.go:58.32,60.3 1 1
github.com/IBM/ibm-object-csi-driver/pkg/driver/fake/s3client/fake_s3client.go:61.2,61.16 1 1
github.com/IBM/ibm-object-csi-driver/pkg/driver/fake/s3client/fake_s3client.go:64.60,65.32 1 1
github.com/IBM/ibm-object-csi-driver/pkg/driver/fake/s3client/fake_s3client.go:65.32,67.3 1 1
github.com/IBM/ibm-object-csi-driver/pkg/driver/fake/s3client/fake_s3client.go:68.2,68.12 1 1
github.com/IBM/ibm-object-csi-driver/pkg/mounter/mounter-rclone.go:53.125,67.50 4 0
github.com/IBM/ibm-object-csi-driver/pkg/mounter/mounter-rclone.go:67.50,69.3 1 0
github.com/IBM/ibm-object-csi-driver/pkg/mounter/mounter-rclone.go:70.2,70.57 1 0
github.com/IBM/ibm-object-csi-driver/pkg/mounter/mounter-rclone.go:70.57,72.3 1 0
github.com/IBM/ibm-object-csi-driver/pkg/mounter/mounter-rclone.go:73.2,73.49 1 0
github.com/IBM/ibm-object-csi-driver/pkg/mounter/mounter-rclone.go:73.49,75.3 1 0
github.com/IBM/ibm-object-csi-driver/pkg/mounter/mounter-rclone.go:76.2,76.46 1 0
github.com/IBM/ibm-object-csi-driver/pkg/mounter/mounter-rclone.go:76.46,78.3 1 0
github.com/IBM/ibm-object-csi-driver/pkg/mounter/mounter-rclone.go:79.2,79.48 1 0
github.com/IBM/ibm-object-csi-driver/pkg/mounter/mounter-rclone.go:79.48,81.3 1 0
github.com/IBM/ibm-object-csi-driver/pkg/mounter/mounter-rclone.go:82.2,82.48 1 0
github.com/IBM/ibm-object-csi-driver/pkg/mounter/mounter-rclone.go:82.48,84.3 1 0
github.com/IBM/ibm-object-csi-driver/pkg/mounter/mounter-rclone.go:85.2,85.51 1 0
github.com/IBM/ibm-object-csi-driver/pkg/mounter/mounter-rclone.go:85.51,87.3 1 0
github.com/IBM/ibm-object-csi-driver/pkg/mounter/mounter-rclone.go:88.2,88.45 1 0
github.com/IBM/ibm-object-csi-driver/pkg/mounter/mounter-rclone.go:88.45,90.3 1 0
github.com/IBM/ibm-object-csi-driver/pkg/mounter/mounter-rclone.go:91.2,91.18 1 0
github.com/IBM/ibm-object-csi-driver/pkg/mounter/mounter-rclone.go:91.18,94.3 2 0
github.com/IBM/ibm-object-csi-driver/pkg/mounter/mounter-rclone.go:94.8,97.3 2 0
github.com/IBM/ibm-object-csi-driver/pkg/mounter/mounter-rclone.go:99.2,99.42 1 0
github.com/IBM/ibm-object-csi-driver/pkg/mounter/mounter-rclone.go:99.42,101.3 1 0
github.com/IBM/ibm-object-csi-driver/pkg/mounter/mounter-rclone.go:102.2,102.54 1 0
github.com/IBM/ibm-object-csi-driver/pkg/mounter/mounter-rclone.go:102.54,104.3 1 0
github.com/IBM/ibm-object-csi-driver/pkg/mounter/mounter-rclone.go:104.8,104.35 1 0
github.com/IBM/ibm-object-csi-driver/pkg/mounter/mounter-rclone.go:104.35,106.3 1 0
github.com/IBM/ibm-object-csi-driver/pkg/mounter/mounter-rclone.go:108.2,113.16 3 0
github.com/IBM/ibm-object-csi-driver/pkg/mounter/mounter-rclone.go:113.16,115.3 1 0
github.com/IBM/ibm-object-csi-driver/pkg/mounter/mounter-rclone.go:116.2,120.21 3 0
github.com/IBM/ibm-object-csi-driver/pkg/mounter/mounter-rclone.go:123.102,127.40 2 0
github.com/IBM/ibm-object-csi-driver/pkg/mounter/mounter-rclone.go:127.40,129.21 2 0
github.com/IBM/ibm-object-csi-driver/pkg/mounter/mounter-rclone.go:129.21,131.4 1 0
github.com/IBM/ibm-object-csi-driver/pkg/mounter/mounter-rclone.go:134.2,136.9 2 0
github.com/IBM/ibm-object-csi-driver/pkg/mounter/mounter-rclone.go:136.9,139.3 2 0
github.com/IBM/ibm-object-csi-driver/pkg/mounter/mounter-rclone.go:141.2,144.29 2 0
github.com/IBM/ibm-object-csi-driver/pkg/mounter/mounter-rclone.go:144.29,145.36 1 0
github.com/IBM/ibm-object-csi-driver/pkg/mounter/mounter-rclone.go:145.36,146.12 1 0
github.com/IBM/ibm-object-csi-driver/pkg/mounter/mounter-rclone.go:148.3,149.21 2 0
github.com/IBM/ibm-object-csi-driver/pkg/mounter/mounter-rclone.go:149.21,151.12 2 0
github.com/IBM/ibm-object-csi-driver/pkg/mounter/mounter-rclone.go:153.3,153.72 1 0
github.com/IBM/ibm-object-csi-driver/pkg/mounter/mounter-rclone.go:157.2,158.33 2 0
github.com/IBM/ibm-object-csi-driver/pkg/mounter/mounter-rclone.go:158.33,161.3 2 0
github.com/IBM/ibm-object-csi-driver/pkg/mounter/mounter-rclone.go:163.2,165.28 2 0
github.com/IBM/ibm-object-csi-driver/pkg/mounter/mounter-rclone.go:168.72,176.54 7 0
github.com/IBM/ibm-object-csi-driver/pkg/mounter/mounter-rclone.go:176.54,179.3 2 0
github.com/IBM/ibm-object-csi-driver/pkg/mounter/mounter-rclone.go:181.2,181.16 1 0
github.com/IBM/ibm-object-csi-driver/pkg/mounter/mounter-rclone.go:181.16,183.14 1 0
github.com/IBM/ibm-object-csi-driver/pkg/mounter/mounter-rclone.go:183.14,186.4 2 0
github.com/IBM/ibm-object-csi-driver/pkg/mounter/mounter-rclone.go:189.2,190.64 2 0
github.com/IBM/ibm-object-csi-driver/pkg/mounter/mounter-rclone.go:190.64,193.3 2 0
github.com/IBM/ibm-object-csi-driver/pkg/mounter/mounter-rclone.go:195.2,195.26 1 0
github.com/IBM/ibm-object-csi-driver/pkg/mounter/mounter-rclone.go:195.26,197.3 1 0
github.com/IBM/ibm-object-csi-driver/pkg/mounter/mounter-rclone.go:197.8,199.3 1 0
github.com/IBM/ibm-object-csi-driver/pkg/mounter/mounter-rclone.go:201.2,210.22 2 0
github.com/IBM/ibm-object-csi-driver/pkg/mounter/mounter-rclone.go:210.22,213.3 2 0
github.com/IBM/ibm-object-csi-driver/pkg/mounter/mounter-rclone.go:214.2,214.22 1 0
github.com/IBM/ibm-object-csi-driver/pkg/mounter/mounter-rclone.go:214.22,217.3 2 0
github.com/IBM/ibm-object-csi-driver/pkg/mounter/mounter-rclone.go:218.2,218.70 1 0
github.com/IBM/ibm-object-csi-driver/pkg/mounter/mounter-rclone.go:221.59,225.16 4 0
github.com/IBM/ibm-object-csi-driver/pkg/mounter/mounter-rclone.go:225.16,227.3 1 0
github.com/IBM/ibm-object-csi-driver/pkg/mounter/mounter-rclone.go:228.2,228.48 1 0
github.com/IBM/ibm-object-csi-driver/pkg/mounter/mounter-rclone.go:231.77,235.20 4 0
github.com/IBM/ibm-object-csi-driver/pkg/mounter/mounter-rclone.go:235.20,238.3 2 0
github.com/IBM/ibm-object-csi-driver/pkg/mounter/mounter-rclone.go:239.2,253.13 3 0
github.com/IBM/ibm-object-csi-driver/pkg/mounter/mounter-rclone.go:253.13,256.3 2 0
github.com/IBM/ibm-object-csi-driver/pkg/mounter/mounter-rclone.go:258.2,260.16 3 0
github.com/IBM/ibm-object-csi-driver/pkg/mounter/mounter-rclone.go:260.16,263.3 2 0
github.com/IBM/ibm-object-csi-driver/pkg/mounter/mounter-rclone.go:264.2,264.15 1 0
github.com/IBM/ibm-object-csi-driver/pkg/mounter/mounter-rclone.go:264.15,265.37 1 0
github.com/IBM/ibm-object-csi-driver/pkg/mounter/mounter-rclone.go:265.37,267.4 1 0
github.com/IBM/ibm-object-csi-driver/pkg/mounter/mounter-rclone.go:270.2,271.16 2 0
github.com/IBM/ibm-object-csi-driver/pkg/mounter/mounter-rclone.go:271.16,274.3 2 0
github.com/IBM/ibm-object-csi-driver/pkg/mounter/mounter-rclone.go:276.2,278.36 3 0
github.com/IBM/ibm-object-csi-driver/pkg/mounter/mounter-rclone.go:278.36,280.17 2 0
github.com/IBM/ibm-object-csi-driver/pkg/mounter/mounter-rclone.go:280.17,283.4 2 0
github.com/IBM/ibm-object-csi-driver/pkg/mounter/mounter-rclone.go:285.2,286.16 2 0
github.com/IBM/ibm-object-csi-driver/pkg/mounter/mounter-rclone.go:286.16,288.3 1 0
github.com/IBM/ibm-object-csi-driver/pkg/mounter/mounter-rclone.go:289.2,290.12 2 0
github.com/IBM/ibm-object-csi-driver/pkg/mounter/mounter-s3fs.go:45.123,59.50 4 0
github.com/IBM/ibm-object-csi-driver/pkg/mounter/mounter-s3fs.go:59.50,61.3 1 0
github.com/IBM/ibm-object-csi-driver/pkg/mounter/mounter-s3fs.go:62.2,62.57 1 0
github.com/IBM/ibm-object-csi-driver/pkg/mounter/mounter-s3fs.go:62.57,64.3 1 0
github.com/IBM/ibm-object-csi-driver/pkg/mounter/mounter-s3fs.go:65.2,65.49 1 0
github.com/IBM/ibm-object-csi-driver/pkg/mounter/mounter-s3fs.go:65.49,67.3 1 0
github.com/IBM/ibm-object-csi-driver/pkg/mounter/mounter-s3fs.go:68.2,68.46 1 0
github.com/IBM/ibm-object-csi-driver/pkg/mounter/mounter-s3fs.go:68.46,70.3 1 0
github.com/IBM/ibm-object-csi-driver/pkg/mounter/mounter-s3fs.go:71.2,71.48 1 0
github.com/IBM/ibm-object-csi-driver/pkg/mounter/mounter-s3fs.go:71.48,73.3 1 0
github.com/IBM/ibm-object-csi-driver/pkg/mounter/mounter-s3fs.go:74.2,74.48 1 0
github.com/IBM/ibm-object-csi-driver/pkg/mounter/mounter-s3fs.go:74.48,76.3 1 0
github.com/IBM/ibm-object-csi-driver/pkg/mounter/mounter-s3fs.go:77.2,77.45 1 0
github.com/IBM/ibm-object-csi-driver/pkg/mounter/mounter-s3fs.go:77.45,79.3 1 0
github.com/IBM/ibm-object-csi-driver/pkg/mounter/mounter-s3fs.go:80.2,80.51 1 0
github.com/IBM/ibm-object-csi-driver/pkg/mounter/mounter-s3fs.go:80.51,82.3 1 0
github.com/IBM/ibm-object-csi-driver/pkg/mounter/mounter-s3fs.go:84.2,84.18 1 0
github.com/IBM/ibm-object-csi-driver/pkg/mounter/mounter-s3fs.go:84.18,87.3 2 0
github.com/IBM/ibm-object-csi-driver/pkg/mounter/mounter-s3fs.go:87.8,90.3 2 0
github.com/IBM/ibm-object-csi-driver/pkg/mounter/mounter-s3fs.go:92.2,96.16 3 0
github.com/IBM/ibm-object-csi-driver/pkg/mounter/mounter-s3fs.go:96.16,98.3 1 0
github.com/IBM/ibm-object-csi-driver/pkg/mounter/mounter-s3fs.go:99.2,103.21 3 0
github.com/IBM/ibm-object-csi-driver/pkg/mounter/mounter-s3fs.go:106.68,115.54 7 0
github.com/IBM/ibm-object-csi-driver/pkg/mounter/mounter-s3fs.go:115.54,118.3 2 0
github.com/IBM/ibm-object-csi-driver/pkg/mounter/mounter-s3fs.go:120.2,120.16 1 0
github.com/IBM/ibm-object-csi-driver/pkg/mounter/mounter-s3fs.go:120.16,123.14 1 0
github.com/IBM/ibm-object-csi-driver/pkg/mounter/mounter-s3fs.go:123.14,126.4 2 0
github.com/IBM/ibm-object-csi-driver/pkg/mounter/mounter-s3fs.go:129.2,130.66 2 0
github.com/IBM/ibm-object-csi-driver/pkg/mounter/mounter-s3fs.go:130.66,133.3 2 0
github.com/IBM/ibm-object-csi-driver/pkg/mounter/mounter-s3fs.go:135.2,135.24 1 0
github.com/IBM/ibm-object-csi-driver/pkg/mounter/mounter-s3fs.go:135.24,137.3 1 0
github.com/IBM/ibm-object-csi-driver/pkg/mounter/mounter-s3fs.go:137.8,139.3 1 0
github.com/IBM/ibm-object-csi-driver/pkg/mounter/mounter-s3fs.go:141.2,153.40 2 0
github.com/IBM/ibm-object-csi-driver/pkg/mounter/mounter-s3fs.go:153.40,156.3 2 0
github.com/IBM/ibm-object-csi-driver/pkg/mounter/mounter-s3fs.go:158.2,158.29 1 0
github.com/IBM/ibm-object-csi-driver/pkg/mounter/mounter-s3fs.go:158.29,161.3 2 0
github.com/IBM/ibm-object-csi-driver/pkg/mounter/mounter-s3fs.go:161.8,163.3 1 0
github.com/IBM/ibm-object-csi-driver/pkg/mounter/mounter-s3fs.go:164.2,164.66 1 0
github.com/IBM/ibm-object-csi-driver/pkg/mounter/mounter-s3fs.go:170.58,172.2 1 0
github.com/IBM/ibm-object-csi-driver/pkg/mounter/mounter-s3fs.go:177.73,179.2 1 0
github.com/IBM/ibm-object-csi-driver/pkg/mounter/mounter-s3fs.go:181.55,185.16 4 0
github.com/IBM/ibm-object-csi-driver/pkg/mounter/mounter-s3fs.go:185.16,187.3 1 0
github.com/IBM/ibm-object-csi-driver/pkg/mounter/mounter-s3fs.go:189.2,189.46 1 0
github.com/IBM/ibm-object-csi-driver/pkg/mounter/mounter-s3fs.go:192.101,196.37 2 0
github.com/IBM/ibm-object-csi-driver/pkg/mounter/mounter-s3fs.go:196.37,197.35 1 0
github.com/IBM/ibm-object-csi-driver/pkg/mounter/mounter-s3fs.go:197.35,198.12 1 0
github.com/IBM/ibm-object-csi-driver/pkg/mounter/mounter-s3fs.go:200.3,201.21 2 0
github.com/IBM/ibm-object-csi-driver/pkg/mounter/mounter-s3fs.go:201.21,203.4 1 0
github.com/IBM/ibm-object-csi-driver/pkg/mounter/mounter-s3fs.go:203.9,203.28 1 0
github.com/IBM/ibm-object-csi-driver/pkg/mounter/mounter-s3fs.go:203.28,205.4 1 0
github.com/IBM/ibm-object-csi-driver/pkg/mounter/mounter-s3fs.go:208.2,208.46 1 0
github.com/IBM/ibm-object-csi-driver/pkg/mounter/mounter-s3fs.go:208.46,210.3 1 0
github.com/IBM/ibm-object-csi-driver/pkg/mounter/mounter-s3fs.go:212.2,212.49 1 0
github.com/IBM/ibm-object-csi-driver/pkg/mounter/mounter-s3fs.go:212.49,214.3 1 0
github.com/IBM/ibm-object-csi-driver/pkg/mounter/mounter-s3fs.go:216.2,216.43 1 0
github.com/IBM/ibm-object-csi-driver/pkg/mounter/mounter-s3fs.go:216.43,218.3 1 0
github.com/IBM/ibm-object-csi-driver/pkg/mounter/mounter-s3fs.go:220.2,220.54 1 0
github.com/IBM/ibm-object-csi-driver/pkg/mounter/mounter-s3fs.go:220.54,222.3 1 0
github.com/IBM/ibm-object-csi-driver/pkg/mounter/mounter-s3fs.go:222.8,222.35 1 0
github.com/IBM/ibm-object-csi-driver/pkg/mounter/mounter-s3fs.go:222.35,224.3 1 0
github.com/IBM/ibm-object-csi-driver/pkg/mounter/mounter-s3fs.go:226.2,227.9 2 0
github.com/IBM/ibm-object-csi-driver/pkg/mounter/mounter-s3fs.go:227.9,229.3 1 0
github.com/IBM/ibm-object-csi-driver/pkg/mounter/mounter-s3fs.go:229.8,232.30 2 0
github.com/IBM/ibm-object-csi-driver/pkg/mounter/mounter-s3fs.go:232.30,233.37 1 0
github.com/IBM/ibm-object-csi-driver/pkg/mounter/mounter-s3fs.go:233.37,234.13 1 0
github.com/IBM/ibm-object-csi-driver/pkg/mounter/mounter-s3fs.go:236.4,237.22 2 0
github.com/IBM/ibm-object-csi-driver/pkg/mounter/mounter-s3fs.go:237.22,239.5 1 0
github.com/IBM/ibm-object-csi-driver/pkg/mounter/mounter-s3fs.go:239.10,239.29 1 0
github.com/IBM/ibm-object-csi-driver/pkg/mounter/mounter-s3fs.go:239.29,241.5 1 0
github.com/IBM/ibm-object-csi-driver/pkg/mounter/mounter-s3fs.go:241.10,243.5 1 0
github.com/IBM/ibm-object-csi-driver/pkg/mounter/mounter-s3fs.go:248.2,249.37 2 0
github.com/IBM/ibm-object-csi-driver/pkg/mounter/mounter-s3fs.go:249.37,253.17 3 0
github.com/IBM/ibm-object-csi-driver/pkg/mounter/mounter-s3fs.go:253.17,256.4 2 0
github.com/IBM/ibm-object-csi-driver/pkg/mounter/mounter-s3fs.go:258.3,258.45 1 0
github.com/IBM/ibm-object-csi-driver/pkg/mounter/mounter-s3fs.go:258.45,259.22 1 0
github.com/IBM/ibm-object-csi-driver/pkg/mounter/mounter-s3fs.go:259.22,261.5 1 0
github.com/IBM/ibm-object-csi-driver/pkg/mounter/mounter-s3fs.go:261.10,263.5 1 0
github.com/IBM/ibm-object-csi-driver/pkg/mounter/mounter-s3fs.go:266.3,267.57 2 0
github.com/IBM/ibm-object-csi-driver/pkg/mounter/mounter-s3fs.go:270.2,271.28 2 0
github.com/IBM/ibm-object-csi-driver/pkg/mounter/mounter.go:24.50,26.2 1 0
github.com/IBM/ibm-object-csi-driver/pkg/mounter/mounter.go:29.134,35.43 4 0
github.com/IBM/ibm-object-csi-driver/pkg/mounter/mounter.go:35.43,37.3 1 0
github.com/IBM/ibm-object-csi-driver/pkg/mounter/mounter.go:37.8,39.47 1 0
github.com/IBM/ibm-object-csi-driver/pkg/mounter/mounter.go:39.47,41.4 1 0
github.com/IBM/ibm-object-csi-driver/pkg/mounter/mounter.go:44.2,46.17 2 0
github.com/IBM/ibm-object-csi-driver/pkg/mounter/mounter.go:47.22,48.61 1 0
github.com/IBM/ibm-object-csi-driver/pkg/mounter/mounter.go:49.24,50.63 1 0
github.com/IBM/ibm-object-csi-driver/pkg/mounter/mounter.go:51.10,53.61 1 0
github.com/IBM/ibm-object-csi-driver/pkg/mounter/mounter.go:57.43,58.16 1 0
github.com/IBM/ibm-object-csi-driver/pkg/mounter/mounter.go:58.16,60.3 1 0
github.com/IBM/ibm-object-csi-driver/pkg/mounter/mounter.go:61.2,62.16 2 0
github.com/IBM/ibm-object-csi-driver/pkg/mounter/mounter.go:62.16,64.3 1 0
github.com/IBM/ibm-object-csi-driver/pkg/mounter/mounter.go:64.8,64.31 1 0
github.com/IBM/ibm-object-csi-driver/pkg/mounter/mounter.go:64.31,66.3 1 0
github.com/IBM/ibm-object-csi-driver/pkg/mounter/mounter.go:66.8,66.32 1 0
github.com/IBM/ibm-object-csi-driver/pkg/mounter/mounter.go:66.32,68.3 1 0
github.com/IBM/ibm-object-csi-driver/pkg/mounter/mounter.go:69.2,69.19 1 0
github.com/IBM/ibm-object-csi-driver/pkg/mounter/mounter.go:72.37,73.16 1 0
github.com/IBM/ibm-object-csi-driver/pkg/mounter/mounter.go:73.16,75.3 1 0
github.com/IBM/ibm-object-csi-driver/pkg/mounter/mounter.go:76.2,77.26 2 0
github.com/IBM/ibm-object-csi-driver/pkg/mounter/mounter.go:78.21,79.27 1 0
github.com/IBM/ibm-object-csi-driver/pkg/mounter/mounter.go:80.21,81.27 1 0
github.com/IBM/ibm-object-csi-driver/pkg/mounter/mounter.go:82.24,83.27 1 0
github.com/IBM/ibm-object-csi-driver/pkg/mounter/mounter.go:85.2,85.81 1 0
github.com/IBM/ibm-object-csi-driver/pkg/mounter/mounter.go:88.63,90.16 2 0
github.com/IBM/ibm-object-csi-driver/pkg/mounter/mounter.go:90.16,92.3 1 0
github.com/IBM/ibm-object-csi-driver/pkg/mounter/mounter.go:93.2,94.16 2 0
github.com/IBM/ibm-object-csi-driver/pkg/mounter/mounter.go:94.16,96.3 1 0
github.com/IBM/ibm-object-csi-driver/pkg/mounter/mounter.go:97.2,98.16 2 0
github.com/IBM/ibm-object-csi-driver/pkg/mounter/mounter.go:98.16,100.3 1 0
github.com/IBM/ibm-object-csi-driver/pkg/mounter/mounter.go:101.2,101.12 1 0
github.com/IBM/ibm-object-csi-driver/pkg/mounter/utils/fake_mounter_utils.go:16.96,20.2 1 0
github.com/IBM/ibm-object-csi-driver/pkg/mounter/utils/fake_mounter_utils.go:22.99,23.37 1 0
github.com/IBM/ibm-object-csi-driver/pkg/mounter/utils/fake_mounter_utils.go:23.37,25.3 1 0
github.com/IBM/ibm-object-csi-driver/pkg/mounter/utils/fake_mounter_utils.go:26.2,26.45 1 0
github.com/IBM/ibm-object-csi-driver/pkg/mounter/utils/fake_mounter_utils.go:29.73,30.39 1 0
github.com/IBM/ibm-object-csi-driver/pkg/mounter/utils/fake_mounter_utils.go:30.39,32.3 1 0
github.com/IBM/ibm-object-csi-driver/pkg/mounter/utils/fake_mounter_utils.go:33.2,33.45 1 0
github.com/IBM/ibm-object-csi-driver/pkg/mounter/utils/mounter_utils.go:27.86,33.16 5 0
github.com/IBM/ibm-object-csi-driver/pkg/mounter/utils/mounter_utils.go:33.16,36.3 2 0
github.com/IBM/ibm-object-csi-driver/pkg/mounter/utils/mounter_utils.go:37.2,38.16 2 0
github.com/IBM/ibm-object-csi-driver/pkg/mounter/utils/mounter_utils.go:38.16,42.3 2 0
github.com/IBM/ibm-object-csi-driver/pkg/mounter/utils/mounter_utils.go:44.2,44.43 1 0
github.com/IBM/ibm-object-csi-driver/pkg/mounter/utils/mounter_utils.go:47.60,51.37 3 0
github.com/IBM/ibm-object-csi-driver/pkg/mounter/utils/mounter_utils.go:51.37,54.41 3 0
github.com/IBM/ibm-object-csi-driver/pkg/mounter/utils/mounter_utils.go:54.41,58.18 3 0
github.com/IBM/ibm-object-csi-driver/pkg/mounter/utils/mounter_utils.go:58.18,61.5 2 0
github.com/IBM/ibm-object-csi-driver/pkg/mounter/utils/mounter_utils.go:65.2,66.16 2 0
github.com/IBM/ibm-object-csi-driver/pkg/mounter/utils/mounter_utils.go:66.16,69.3 2 0
github.com/IBM/ibm-object-csi-driver/pkg/mounter/utils/mounter_utils.go:70.2,70.20 1 0
github.com/IBM/ibm-object-csi-driver/pkg/mounter/utils/mounter_utils.go:70.20,73.3 2 0
github.com/IBM/ibm-object-csi-driver/pkg/mounter/utils/mounter_utils.go:74.2,75.35 2 0
github.com/IBM/ibm-object-csi-driver/pkg/mounter/utils/mounter_utils.go:78.50,83.16 4 0
github.com/IBM/ibm-object-csi-driver/pkg/mounter/utils/mounter_utils.go:83.16,84.71 1 0
github.com/IBM/ibm-object-csi-driver/pkg/mounter/utils/mounter_utils.go:84.71,86.4 1 0
github.com/IBM/ibm-object-csi-driver/pkg/mounter/utils/mounter_utils.go:87.3,87.20 1 0
github.com/IBM/ibm-object-csi-driver/pkg/mounter/utils/mounter_utils.go:90.2,90.50 1 0
github.com/IBM/ibm-object-csi-driver/pkg/mounter/utils/mounter_utils.go:90.50,93.3 2 0
github.com/IBM/ibm-object-csi-driver/pkg/mounter/utils/mounter_utils.go:93.8,93.61 1 0
github.com/IBM/ibm-object-csi-driver/pkg/mounter/utils/mounter_utils.go:93.61,96.3 2 0
github.com/IBM/ibm-object-csi-driver/pkg/mounter/utils/mounter_utils.go:97.2,98.72 2 0
github.com/IBM/ibm-object-csi-driver/pkg/mounter/utils/mounter_utils.go:101.61,104.6 3 0
github.com/IBM/ibm-object-csi-driver/pkg/mounter/utils/mounter_utils.go:104.6,107.17 3 0
github.com/IBM/ibm-object-csi-driver/pkg/mounter/utils/mounter_utils.go:107.17,109.4 1 0
github.com/IBM/ibm-object-csi-driver/pkg/mounter/utils/mounter_utils.go:110.3,110.51 1 0
github.com/IBM/ibm-object-csi-driver/pkg/mounter/utils/mounter_utils.go:110.51,113.4 2 0
github.com/IBM/ibm-object-csi-driver/pkg/mounter/utils/mounter_utils.go:115.3,117.25 3 0
github.com/IBM/ibm-object-csi-driver/pkg/mounter/utils/mounter_utils.go:117.25,119.4 1 0
github.com/IBM/ibm-object-csi-driver/pkg/mounter/utils/mounter_utils.go:123.61,125.16 2 0
github.com/IBM/ibm-object-csi-driver/pkg/mounter/utils/mounter_utils.go:125.16,127.3 1 0
github.com/IBM/ibm-object-csi-driver/pkg/mounter/utils/mounter_utils.go:128.2,128.30 1 0
github.com/IBM/ibm-object-csi-driver/pkg/mounter/utils/mounter_utils.go:128.30,130.17 2 0
github.com/IBM/ibm-object-csi-driver/pkg/mounter/utils/mounter_utils.go:130.17,132.12 2 0
github.com/IBM/ibm-object-csi-driver/pkg/mounter/utils/mounter_utils.go:134.3,134.38 1 0
github.com/IBM/ibm-object-csi-driver/pkg/mounter/utils/mounter_utils.go:134.38,137.4 2 0
github.com/IBM/ibm-object-csi-driver/pkg/mounter/utils/mounter_utils.go:139.2,139.17 1 0
github.com/IBM/ibm-object-csi-driver/pkg/mounter/utils/mounter_utils.go:142.42,145.16 3 0
github.com/IBM/ibm-object-csi-driver/pkg/mounter/utils/mounter_utils.go:145.16,147.3 1 0
github.com/IBM/ibm-object-csi-driver/pkg/mounter/utils/mounter_utils.go:148.2,148.29 1 0
github.com/IBM/ibm-object-csi-driver/pkg/mounter/utils/mounter_utils.go:151.55,152.19 1 0
github.com/IBM/ibm-object-csi-driver/pkg/mounter/utils/mounter_utils.go:152.19,154.3 1 0
github.com/IBM/ibm-object-csi-driver/pkg/mounter/utils/mounter_utils.go:155.2,156.16 2 0
github.com/IBM/ibm-object-csi-driver/pkg/mounter/utils/mounter_utils.go:156.16,159.3 2 0
github.com/IBM/ibm-object-csi-driver/pkg/mounter/utils/mounter_utils.go:160.2,160.19 1 0
github.com/IBM/ibm-object-csi-driver/pkg/mounter/utils/mounter_utils.go:160.19,166.3 2 0
github.com/IBM/ibm-object-csi-driver/pkg/mounter/utils/mounter_utils.go:167.2,167.52 1 0
github.com/IBM/ibm-object-csi-driver/pkg/mounter/utils/mounter_utils.go:167.52,170.3 2 0
github.com/IBM/ibm-object-csi-driver/pkg/mounter/utils/mounter_utils.go:171.2,173.37 3 0
github.com/IBM/ibm-object-csi-driver/pkg/utils/driver_utils.go:33.77,35.16 2 0
github.com/IBM/ibm-object-csi-driver/pkg/utils/driver_utils.go:35.16,37.3 1 0
github.com/IBM/ibm-object-csi-driver/pkg/utils/driver_utils.go:39.2,40.16 2 0
github.com/IBM/ibm-object-csi-driver/pkg/utils/driver_utils.go:40.16,43.3 2 0
github.com/IBM/ibm-object-csi-driver/pkg/utils/driver_utils.go:45.2,46.66 2 0
github.com/IBM/ibm-object-csi-driver/pkg/utils/driver_utils.go:46.66,49.3 2 0
github.com/IBM/ibm-object-csi-driver/pkg/utils/driver_utils.go:51.2,52.16 2 0
github.com/IBM/ibm-object-csi-driver/pkg/utils/driver_utils.go:55.99,57.2 1 0
github.com/IBM/ibm-object-csi-driver/pkg/utils/driver_utils.go:59.73,63.16 4 0
github.com/IBM/ibm-object-csi-driver/pkg/utils/driver_utils.go:63.16,65.61 2 0
github.com/IBM/ibm-object-csi-driver/pkg/utils/driver_utils.go:65.61,66.55 1 0
github.com/IBM/ibm-object-csi-driver/pkg/utils/driver_utils.go:66.55,69.5 2 0
github.com/IBM/ibm-object-csi-driver/pkg/utils/driver_utils.go:70.4,70.17 1 0
github.com/IBM/ibm-object-csi-driver/pkg/utils/driver_utils.go:71.9,73.4 1 0
github.com/IBM/ibm-object-csi-driver/pkg/utils/driver_utils.go:75.2,75.20 1 0
github.com/IBM/ibm-object-csi-driver/pkg/utils/driver_utils.go:78.95,80.16 2 0
github.com/IBM/ibm-object-csi-driver/pkg/utils/driver_utils.go:80.16,82.3 1 0
github.com/IBM/ibm-object-csi-driver/pkg/utils/driver_utils.go:84.2,85.16 2 0
github.com/IBM/ibm-object-csi-driver/pkg/utils/driver_utils.go:85.16,87.3 1 0
github.com/IBM/ibm-object-csi-driver/pkg/utils/driver_utils.go:89.2,90.16 2 0
github.com/IBM/ibm-object-csi-driver/pkg/utils/driver_utils.go:90.16,92.3 1 0
github.com/IBM/ibm-object-csi-driver/pkg/utils/driver_utils.go:94.2,94.29 1 0
github.com/IBM/ibm-object-csi-driver/pkg/utils/driver_utils.go:97.55,100.16 2 0
github.com/IBM/ibm-object-csi-driver/pkg/utils/driver_utils.go:100.16,103.3 2 0
github.com/IBM/ibm-object-csi-driver/pkg/utils/driver_utils.go:106.2,107.16 2 0
github.com/IBM/ibm-object-csi-driver/pkg/utils/driver_utils.go:107.16,110.3 2 0
github.com/IBM/ibm-object-csi-driver/pkg/utils/driver_utils.go:112.2,112.23 1 0
github.com/IBM/ibm-object-csi-driver/pkg/utils/driver_utils.go:115.107,117.16 2 0
github.com/IBM/ibm-object-csi-driver/pkg/utils/driver_utils.go:117.16,119.3 1 0
github.com/IBM/ibm-object-csi-driver/pkg/utils/driver_utils.go:120.2,123.16 3 0
github.com/IBM/ibm-object-csi-driver/pkg/utils/driver_utils.go:123.16,125.3 1 0
github.com/IBM/ibm-object-csi-driver/pkg/utils/driver_utils.go:127.2,127.19 1 0
github.com/IBM/ibm-object-csi-driver/pkg/utils/driver_utils.go:127.19,129.3 1 0
github.com/IBM/ibm-object-csi-driver/pkg/utils/driver_utils.go:131.2,132.30 2 0
github.com/IBM/ibm-object-csi-driver/pkg/utils/driver_utils.go:135.118,137.16 2 0
github.com/IBM/ibm-object-csi-driver/pkg/utils/driver_utils.go:137.16,139.3 1 0
github.com/IBM/ibm-object-csi-driver/pkg/utils/driver_utils.go:141.2,142.19 2 0
github.com/IBM/ibm-object-csi-driver/pkg/utils/driver_utils.go:142.19,144.3 1 0
github.com/IBM/ibm-object-csi-driver/pkg/utils/driver_utils.go:146.2,147.24 2 0
github.com/IBM/ibm-object-csi-driver/pkg/utils/driver_utils.go:147.24,149.3 1 0
github.com/IBM/ibm-object-csi-driver/pkg/utils/driver_utils.go:151.2,153.45 2 0
github.com/IBM/ibm-object-csi-driver/pkg/utils/driver_utils.go:156.62,159.2 2 0
github.com/IBM/ibm-object-csi-driver/pkg/utils/driver_utils.go:161.55,177.16 8 0
github.com/IBM/ibm-object-csi-driver/pkg/utils/driver_utils.go:177.16,180.3 2 0
github.com/IBM/ibm-object-csi-driver/pkg/utils/driver_utils.go:183.2,191.16 4 0
github.com/IBM/ibm-object-csi-driver/pkg/utils/driver_utils.go:191.16,194.3 2 0
github.com/IBM/ibm-object-csi-driver/pkg/utils/driver_utils.go:197.2,198.37 2 0
github.com/IBM/ibm-object-csi-driver/pkg/utils/driver_utils.go:198.37,200.3 1 0
github.com/IBM/ibm-object-csi-driver/pkg/utils/driver_utils.go:202.2,202.19 1 0
github.com/IBM/ibm-object-csi-driver/pkg/utils/fake_driver_utils.go:22.90,26.2 1 1
github.com/IBM/ibm-object-csi-driver/pkg/utils/fake_driver_utils.go:28.110,29.34 1 0
github.com/IBM/ibm-object-csi-driver/pkg/utils/fake_driver_utils.go:29.34,31.3 1 0
github.com/IBM/ibm-object-csi-driver/pkg/utils/fake_driver_utils.go:32.2,32.45 1 0
github.com/IBM/ibm-object-csi-driver/pkg/utils/fake_driver_utils.go:35.84,36.38 1 0
github.com/IBM/ibm-object-csi-driver/pkg/utils/fake_driver_utils.go:36.38,38.3 1 0
github.com/IBM/ibm-object-csi-driver/pkg/utils/fake_driver_utils.go:39.2,39.45 1 0
github.com/IBM/ibm-object-csi-driver/pkg/utils/fake_driver_utils.go:42.88,43.42 1 1
github.com/IBM/ibm-object-csi-driver/pkg/utils/fake_driver_utils.go:43.42,45.3 1 1
github.com/IBM/ibm-object-csi-driver/pkg/utils/fake_driver_utils.go:46.2,46.45 1 0
github.com/IBM/ibm-object-csi-driver/pkg/utils/fake_driver_utils.go:49.106,50.42 1 0
github.com/IBM/ibm-object-csi-driver/pkg/utils/fake_driver_utils.go:50.42,52.3 1 0
github.com/IBM/ibm-object-csi-driver/pkg/utils/fake_driver_utils.go:53.2,53.45 1 0
