mode: set
github.com/IBM/ibm-object-csi-driver/pkg/mounter/utils/fake_mounter_utils.go:14.96,18.2 1 0
github.com/IBM/ibm-object-csi-driver/pkg/mounter/utils/fake_mounter_utils.go:20.99,21.37 1 0
github.com/IBM/ibm-object-csi-driver/pkg/mounter/utils/fake_mounter_utils.go:21.37,23.3 1 0
github.com/IBM/ibm-object-csi-driver/pkg/mounter/utils/fake_mounter_utils.go:24.2,24.45 1 0
github.com/IBM/ibm-object-csi-driver/pkg/mounter/utils/fake_mounter_utils.go:27.73,28.39 1 0
github.com/IBM/ibm-object-csi-driver/pkg/mounter/utils/fake_mounter_utils.go:28.39,30.3 1 0
github.com/IBM/ibm-object-csi-driver/pkg/mounter/utils/fake_mounter_utils.go:31.2,31.45 1 0
github.com/IBM/ibm-object-csi-driver/pkg/mounter/utils/mounter_utils.go:31.86,35.16 4 0
github.com/IBM/ibm-object-csi-driver/pkg/mounter/utils/mounter_utils.go:35.16,38.66 3 0
github.com/IBM/ibm-object-csi-driver/pkg/mounter/utils/mounter_utils.go:38.66,41.4 2 0
github.com/IBM/ibm-object-csi-driver/pkg/mounter/utils/mounter_utils.go:42.3,43.66 2 0
github.com/IBM/ibm-object-csi-driver/pkg/mounter/utils/mounter_utils.go:45.2,46.59 2 0
github.com/IBM/ibm-object-csi-driver/pkg/mounter/utils/mounter_utils.go:46.59,48.3 1 0
github.com/IBM/ibm-object-csi-driver/pkg/mounter/utils/mounter_utils.go:49.2,50.12 2 0
github.com/IBM/ibm-object-csi-driver/pkg/mounter/utils/mounter_utils.go:53.60,57.37 3 0
github.com/IBM/ibm-object-csi-driver/pkg/mounter/utils/mounter_utils.go:57.37,60.17 3 0
github.com/IBM/ibm-object-csi-driver/pkg/mounter/utils/mounter_utils.go:60.17,64.18 3 0
github.com/IBM/ibm-object-csi-driver/pkg/mounter/utils/mounter_utils.go:64.18,68.19 3 0
github.com/IBM/ibm-object-csi-driver/pkg/mounter/utils/mounter_utils.go:68.19,71.6 2 0
github.com/IBM/ibm-object-csi-driver/pkg/mounter/utils/mounter_utils.go:72.5,72.56 1 0
github.com/IBM/ibm-object-csi-driver/pkg/mounter/utils/mounter_utils.go:73.10,75.5 1 0
github.com/IBM/ibm-object-csi-driver/pkg/mounter/utils/mounter_utils.go:76.9,78.4 1 0
github.com/IBM/ibm-object-csi-driver/pkg/mounter/utils/mounter_utils.go:82.2,83.16 2 0
github.com/IBM/ibm-object-csi-driver/pkg/mounter/utils/mounter_utils.go:83.16,86.3 2 0
github.com/IBM/ibm-object-csi-driver/pkg/mounter/utils/mounter_utils.go:87.2,87.20 1 0
github.com/IBM/ibm-object-csi-driver/pkg/mounter/utils/mounter_utils.go:87.20,90.3 2 0
github.com/IBM/ibm-object-csi-driver/pkg/mounter/utils/mounter_utils.go:91.2,94.43 3 0
github.com/IBM/ibm-object-csi-driver/pkg/mounter/utils/mounter_utils.go:94.43,97.3 2 0
github.com/IBM/ibm-object-csi-driver/pkg/mounter/utils/mounter_utils.go:99.2,99.12 1 0
github.com/IBM/ibm-object-csi-driver/pkg/mounter/utils/mounter_utils.go:102.50,108.16 5 0
github.com/IBM/ibm-object-csi-driver/pkg/mounter/utils/mounter_utils.go:108.16,109.71 1 0
github.com/IBM/ibm-object-csi-driver/pkg/mounter/utils/mounter_utils.go:109.71,111.4 1 0
github.com/IBM/ibm-object-csi-driver/pkg/mounter/utils/mounter_utils.go:112.3,112.55 1 0
github.com/IBM/ibm-object-csi-driver/pkg/mounter/utils/mounter_utils.go:112.55,115.4 2 0
github.com/IBM/ibm-object-csi-driver/pkg/mounter/utils/mounter_utils.go:116.3,117.122 2 0
github.com/IBM/ibm-object-csi-driver/pkg/mounter/utils/mounter_utils.go:119.2,119.50 1 0
github.com/IBM/ibm-object-csi-driver/pkg/mounter/utils/mounter_utils.go:119.50,122.3 2 0
github.com/IBM/ibm-object-csi-driver/pkg/mounter/utils/mounter_utils.go:124.2,124.19 1 0
github.com/IBM/ibm-object-csi-driver/pkg/mounter/utils/mounter_utils.go:127.61,130.6 3 0
github.com/IBM/ibm-object-csi-driver/pkg/mounter/utils/mounter_utils.go:130.6,132.28 2 0
github.com/IBM/ibm-object-csi-driver/pkg/mounter/utils/mounter_utils.go:132.28,135.4 2 0
github.com/IBM/ibm-object-csi-driver/pkg/mounter/utils/mounter_utils.go:137.3,140.25 4 0
github.com/IBM/ibm-object-csi-driver/pkg/mounter/utils/mounter_utils.go:140.25,142.4 1 0
github.com/IBM/ibm-object-csi-driver/pkg/mounter/utils/mounter_utils.go:143.3,143.12 1 0
github.com/IBM/ibm-object-csi-driver/pkg/mounter/utils/mounter_utils.go:147.61,149.16 2 0
github.com/IBM/ibm-object-csi-driver/pkg/mounter/utils/mounter_utils.go:149.16,151.3 1 0
github.com/IBM/ibm-object-csi-driver/pkg/mounter/utils/mounter_utils.go:152.2,152.30 1 0
github.com/IBM/ibm-object-csi-driver/pkg/mounter/utils/mounter_utils.go:152.30,154.17 2 0
github.com/IBM/ibm-object-csi-driver/pkg/mounter/utils/mounter_utils.go:154.17,156.12 2 0
github.com/IBM/ibm-object-csi-driver/pkg/mounter/utils/mounter_utils.go:158.3,158.38 1 0
github.com/IBM/ibm-object-csi-driver/pkg/mounter/utils/mounter_utils.go:158.38,161.4 2 0
github.com/IBM/ibm-object-csi-driver/pkg/mounter/utils/mounter_utils.go:163.2,163.17 1 0
github.com/IBM/ibm-object-csi-driver/pkg/mounter/utils/mounter_utils.go:166.42,169.16 3 0
github.com/IBM/ibm-object-csi-driver/pkg/mounter/utils/mounter_utils.go:169.16,171.3 1 0
github.com/IBM/ibm-object-csi-driver/pkg/mounter/utils/mounter_utils.go:172.2,172.29 1 0
github.com/IBM/ibm-object-csi-driver/pkg/mounter/utils/mounter_utils.go:175.55,177.20 1 0
github.com/IBM/ibm-object-csi-driver/pkg/mounter/utils/mounter_utils.go:177.20,179.3 1 0
github.com/IBM/ibm-object-csi-driver/pkg/mounter/utils/mounter_utils.go:180.2,181.16 2 0
github.com/IBM/ibm-object-csi-driver/pkg/mounter/utils/mounter_utils.go:181.16,184.3 2 0
github.com/IBM/ibm-object-csi-driver/pkg/mounter/utils/mounter_utils.go:185.2,185.19 1 0
github.com/IBM/ibm-object-csi-driver/pkg/mounter/utils/mounter_utils.go:185.19,191.3 2 0
github.com/IBM/ibm-object-csi-driver/pkg/mounter/utils/mounter_utils.go:192.2,192.52 1 0
github.com/IBM/ibm-object-csi-driver/pkg/mounter/utils/mounter_utils.go:192.52,195.3 2 0
github.com/IBM/ibm-object-csi-driver/pkg/mounter/utils/mounter_utils.go:196.2,198.37 3 0
github.com/IBM/ibm-object-csi-driver/pkg/utils/driver_utils.go:49.91,51.16 2 0
github.com/IBM/ibm-object-csi-driver/pkg/utils/driver_utils.go:51.16,53.3 1 0
github.com/IBM/ibm-object-csi-driver/pkg/utils/driver_utils.go:55.2,59.34 4 0
github.com/IBM/ibm-object-csi-driver/pkg/utils/driver_utils.go:59.34,62.3 2 0
github.com/IBM/ibm-object-csi-driver/pkg/utils/driver_utils.go:64.2,70.18 2 0
github.com/IBM/ibm-object-csi-driver/pkg/utils/driver_utils.go:74.68,76.16 2 0
github.com/IBM/ibm-object-csi-driver/pkg/utils/driver_utils.go:76.16,78.3 1 0
github.com/IBM/ibm-object-csi-driver/pkg/utils/driver_utils.go:80.2,80.59 1 0
github.com/IBM/ibm-object-csi-driver/pkg/utils/driver_utils.go:80.59,83.3 1 0
github.com/IBM/ibm-object-csi-driver/pkg/utils/driver_utils.go:85.2,85.76 1 0
github.com/IBM/ibm-object-csi-driver/pkg/utils/driver_utils.go:88.77,90.16 2 0
github.com/IBM/ibm-object-csi-driver/pkg/utils/driver_utils.go:90.16,92.3 1 0
github.com/IBM/ibm-object-csi-driver/pkg/utils/driver_utils.go:94.2,95.16 2 0
github.com/IBM/ibm-object-csi-driver/pkg/utils/driver_utils.go:95.16,98.3 2 0
github.com/IBM/ibm-object-csi-driver/pkg/utils/driver_utils.go:100.2,101.66 2 0
github.com/IBM/ibm-object-csi-driver/pkg/utils/driver_utils.go:101.66,104.3 2 0
github.com/IBM/ibm-object-csi-driver/pkg/utils/driver_utils.go:106.2,107.16 2 0
github.com/IBM/ibm-object-csi-driver/pkg/utils/driver_utils.go:110.99,112.2 1 0
github.com/IBM/ibm-object-csi-driver/pkg/utils/driver_utils.go:114.65,117.16 3 0
github.com/IBM/ibm-object-csi-driver/pkg/utils/driver_utils.go:117.16,119.61 2 0
github.com/IBM/ibm-object-csi-driver/pkg/utils/driver_utils.go:119.61,120.55 1 0
github.com/IBM/ibm-object-csi-driver/pkg/utils/driver_utils.go:120.55,123.5 2 0
github.com/IBM/ibm-object-csi-driver/pkg/utils/driver_utils.go:124.9,126.4 1 0
github.com/IBM/ibm-object-csi-driver/pkg/utils/driver_utils.go:128.2,128.12 1 0
github.com/IBM/ibm-object-csi-driver/pkg/utils/driver_utils.go:131.96,133.16 2 0
github.com/IBM/ibm-object-csi-driver/pkg/utils/driver_utils.go:133.16,135.3 1 0
github.com/IBM/ibm-object-csi-driver/pkg/utils/driver_utils.go:137.2,138.22 2 0
github.com/IBM/ibm-object-csi-driver/pkg/utils/driver_utils.go:141.76,143.16 2 0
github.com/IBM/ibm-object-csi-driver/pkg/utils/driver_utils.go:143.16,145.3 1 0
github.com/IBM/ibm-object-csi-driver/pkg/utils/driver_utils.go:147.2,148.16 2 0
github.com/IBM/ibm-object-csi-driver/pkg/utils/driver_utils.go:148.16,150.3 1 0
github.com/IBM/ibm-object-csi-driver/pkg/utils/driver_utils.go:152.2,163.16 5 0
github.com/IBM/ibm-object-csi-driver/pkg/utils/driver_utils.go:163.16,166.3 2 0
github.com/IBM/ibm-object-csi-driver/pkg/utils/driver_utils.go:168.2,173.16 3 0
github.com/IBM/ibm-object-csi-driver/pkg/utils/driver_utils.go:173.16,176.3 2 0
github.com/IBM/ibm-object-csi-driver/pkg/utils/driver_utils.go:178.2,178.28 1 0
github.com/IBM/ibm-object-csi-driver/pkg/utils/driver_utils.go:181.82,183.16 2 0
github.com/IBM/ibm-object-csi-driver/pkg/utils/driver_utils.go:183.16,185.3 1 0
github.com/IBM/ibm-object-csi-driver/pkg/utils/driver_utils.go:187.2,188.28 2 0
github.com/IBM/ibm-object-csi-driver/pkg/utils/driver_utils.go:191.89,193.16 2 0
github.com/IBM/ibm-object-csi-driver/pkg/utils/driver_utils.go:193.16,195.3 1 0
github.com/IBM/ibm-object-csi-driver/pkg/utils/driver_utils.go:197.2,197.42 1 0
github.com/IBM/ibm-object-csi-driver/pkg/utils/driver_utils.go:200.101,202.16 2 0
github.com/IBM/ibm-object-csi-driver/pkg/utils/driver_utils.go:202.16,204.3 1 0
github.com/IBM/ibm-object-csi-driver/pkg/utils/driver_utils.go:206.2,207.16 2 0
github.com/IBM/ibm-object-csi-driver/pkg/utils/driver_utils.go:207.16,210.3 2 0
github.com/IBM/ibm-object-csi-driver/pkg/utils/driver_utils.go:212.2,212.17 1 0
github.com/IBM/ibm-object-csi-driver/pkg/utils/driver_utils.go:215.95,217.16 2 0
github.com/IBM/ibm-object-csi-driver/pkg/utils/driver_utils.go:217.16,219.3 1 0
github.com/IBM/ibm-object-csi-driver/pkg/utils/driver_utils.go:221.2,222.16 2 0
github.com/IBM/ibm-object-csi-driver/pkg/utils/driver_utils.go:222.16,224.3 1 0
github.com/IBM/ibm-object-csi-driver/pkg/utils/driver_utils.go:226.2,226.20 1 0
github.com/IBM/ibm-object-csi-driver/pkg/utils/driver_utils.go:229.82,231.16 2 0
github.com/IBM/ibm-object-csi-driver/pkg/utils/driver_utils.go:231.16,233.3 1 0
github.com/IBM/ibm-object-csi-driver/pkg/utils/driver_utils.go:235.2,236.16 2 0
github.com/IBM/ibm-object-csi-driver/pkg/utils/driver_utils.go:236.16,239.3 2 0
github.com/IBM/ibm-object-csi-driver/pkg/utils/driver_utils.go:241.2,241.16 1 0
github.com/IBM/ibm-object-csi-driver/pkg/utils/driver_utils.go:244.65,245.25 1 0
github.com/IBM/ibm-object-csi-driver/pkg/utils/driver_utils.go:246.32,258.31 6 0
github.com/IBM/ibm-object-csi-driver/pkg/utils/driver_utils.go:258.31,259.84 1 0
github.com/IBM/ibm-object-csi-driver/pkg/utils/driver_utils.go:259.84,261.13 2 0
github.com/IBM/ibm-object-csi-driver/pkg/utils/driver_utils.go:263.4,263.25 1 0
github.com/IBM/ibm-object-csi-driver/pkg/utils/driver_utils.go:265.3,265.21 1 0
github.com/IBM/ibm-object-csi-driver/pkg/utils/driver_utils.go:266.32,278.31 6 0
github.com/IBM/ibm-object-csi-driver/pkg/utils/driver_utils.go:278.31,279.84 1 0
github.com/IBM/ibm-object-csi-driver/pkg/utils/driver_utils.go:279.84,281.13 2 0
github.com/IBM/ibm-object-csi-driver/pkg/utils/driver_utils.go:283.4,283.25 1 0
github.com/IBM/ibm-object-csi-driver/pkg/utils/driver_utils.go:286.3,286.21 1 0
github.com/IBM/ibm-object-csi-driver/pkg/utils/driver_utils.go:287.37,299.31 6 0
github.com/IBM/ibm-object-csi-driver/pkg/utils/driver_utils.go:299.31,300.84 1 0
github.com/IBM/ibm-object-csi-driver/pkg/utils/driver_utils.go:300.84,302.13 2 0
github.com/IBM/ibm-object-csi-driver/pkg/utils/driver_utils.go:304.4,304.25 1 0
github.com/IBM/ibm-object-csi-driver/pkg/utils/driver_utils.go:307.3,307.21 1 0
github.com/IBM/ibm-object-csi-driver/pkg/utils/driver_utils.go:309.10,310.53 1 0
github.com/IBM/ibm-object-csi-driver/pkg/utils/driver_utils.go:314.55,317.16 2 0
github.com/IBM/ibm-object-csi-driver/pkg/utils/driver_utils.go:317.16,320.3 2 0
github.com/IBM/ibm-object-csi-driver/pkg/utils/driver_utils.go:323.2,324.16 2 0
github.com/IBM/ibm-object-csi-driver/pkg/utils/driver_utils.go:324.16,327.3 2 0
github.com/IBM/ibm-object-csi-driver/pkg/utils/driver_utils.go:329.2,329.23 1 0
github.com/IBM/ibm-object-csi-driver/pkg/utils/driver_utils.go:332.39,334.16 2 0
github.com/IBM/ibm-object-csi-driver/pkg/utils/driver_utils.go:334.16,336.3 1 0
github.com/IBM/ibm-object-csi-driver/pkg/utils/driver_utils.go:338.2,339.16 2 0
github.com/IBM/ibm-object-csi-driver/pkg/utils/driver_utils.go:339.16,341.3 1 0
github.com/IBM/ibm-object-csi-driver/pkg/utils/driver_utils.go:343.2,346.80 3 0
github.com/IBM/ibm-object-csi-driver/pkg/utils/driver_utils.go:346.80,348.3 1 0
github.com/IBM/ibm-object-csi-driver/pkg/utils/driver_utils.go:350.2,352.25 3 0
github.com/IBM/ibm-object-csi-driver/pkg/utils/driver_utils.go:355.84,357.16 2 0
github.com/IBM/ibm-object-csi-driver/pkg/utils/driver_utils.go:357.16,359.3 1 0
github.com/IBM/ibm-object-csi-driver/pkg/utils/driver_utils.go:360.2,365.22 4 0
github.com/IBM/ibm-object-csi-driver/pkg/utils/driver_utils.go:365.22,367.3 1 0
github.com/IBM/ibm-object-csi-driver/pkg/utils/driver_utils.go:369.2,369.27 1 0
github.com/IBM/ibm-object-csi-driver/pkg/utils/driver_utils.go:369.27,372.3 2 0
github.com/IBM/ibm-object-csi-driver/pkg/utils/driver_utils.go:374.2,375.16 2 0
github.com/IBM/ibm-object-csi-driver/pkg/utils/driver_utils.go:375.16,377.3 1 0
github.com/IBM/ibm-object-csi-driver/pkg/utils/driver_utils.go:379.2,379.19 1 0
github.com/IBM/ibm-object-csi-driver/pkg/utils/driver_utils.go:379.19,381.3 1 0
github.com/IBM/ibm-object-csi-driver/pkg/utils/driver_utils.go:383.2,384.20 2 0
github.com/IBM/ibm-object-csi-driver/pkg/utils/driver_utils.go:387.55,389.16 2 0
github.com/IBM/ibm-object-csi-driver/pkg/utils/driver_utils.go:389.16,391.3 1 0
github.com/IBM/ibm-object-csi-driver/pkg/utils/driver_utils.go:393.2,394.16 2 0
github.com/IBM/ibm-object-csi-driver/pkg/utils/driver_utils.go:394.16,396.3 1 0
github.com/IBM/ibm-object-csi-driver/pkg/utils/driver_utils.go:398.2,398.18 1 0
github.com/IBM/ibm-object-csi-driver/pkg/utils/fake_driver_utils.go:29.90,33.2 1 0
github.com/IBM/ibm-object-csi-driver/pkg/utils/fake_driver_utils.go:35.110,36.34 1 0
github.com/IBM/ibm-object-csi-driver/pkg/utils/fake_driver_utils.go:36.34,38.3 1 0
github.com/IBM/ibm-object-csi-driver/pkg/utils/fake_driver_utils.go:39.2,39.45 1 0
github.com/IBM/ibm-object-csi-driver/pkg/utils/fake_driver_utils.go:42.76,43.38 1 0
github.com/IBM/ibm-object-csi-driver/pkg/utils/fake_driver_utils.go:43.38,45.3 1 0
github.com/IBM/ibm-object-csi-driver/pkg/utils/fake_driver_utils.go:46.2,46.45 1 0
github.com/IBM/ibm-object-csi-driver/pkg/utils/fake_driver_utils.go:49.88,50.42 1 0
github.com/IBM/ibm-object-csi-driver/pkg/utils/fake_driver_utils.go:50.42,52.3 1 0
github.com/IBM/ibm-object-csi-driver/pkg/utils/fake_driver_utils.go:53.2,53.45 1 0
github.com/IBM/ibm-object-csi-driver/pkg/utils/fake_driver_utils.go:56.107,57.50 1 0
github.com/IBM/ibm-object-csi-driver/pkg/utils/fake_driver_utils.go:57.50,59.3 1 0
github.com/IBM/ibm-object-csi-driver/pkg/utils/fake_driver_utils.go:60.2,60.45 1 0
github.com/IBM/ibm-object-csi-driver/pkg/utils/fake_driver_utils.go:63.87,64.42 1 0
github.com/IBM/ibm-object-csi-driver/pkg/utils/fake_driver_utils.go:64.42,66.3 1 0
github.com/IBM/ibm-object-csi-driver/pkg/utils/fake_driver_utils.go:67.2,67.45 1 0
github.com/IBM/ibm-object-csi-driver/pkg/utils/fake_driver_utils.go:70.93,71.47 1 0
github.com/IBM/ibm-object-csi-driver/pkg/utils/fake_driver_utils.go:71.47,73.3 1 0
github.com/IBM/ibm-object-csi-driver/pkg/utils/fake_driver_utils.go:74.2,74.45 1 0
github.com/IBM/ibm-object-csi-driver/pkg/utils/fake_driver_utils.go:77.102,78.46 1 0
github.com/IBM/ibm-object-csi-driver/pkg/utils/fake_driver_utils.go:78.46,80.3 1 0
github.com/IBM/ibm-object-csi-driver/pkg/utils/fake_driver_utils.go:81.2,81.45 1 0
github.com/IBM/ibm-object-csi-driver/pkg/utils/fake_driver_utils.go:84.79,85.40 1 0
github.com/IBM/ibm-object-csi-driver/pkg/utils/fake_driver_utils.go:85.40,87.3 1 0
github.com/IBM/ibm-object-csi-driver/pkg/utils/fake_driver_utils.go:88.2,88.45 1 0
github.com/IBM/ibm-object-csi-driver/pkg/utils/fake_driver_utils.go:91.100,92.43 1 0
github.com/IBM/ibm-object-csi-driver/pkg/utils/fake_driver_utils.go:92.43,94.3 1 0
github.com/IBM/ibm-object-csi-driver/pkg/utils/fake_driver_utils.go:95.2,95.45 1 0
github.com/IBM/ibm-object-csi-driver/pkg/utils/fake_driver_utils.go:98.112,99.34 1 0
github.com/IBM/ibm-object-csi-driver/pkg/utils/fake_driver_utils.go:99.34,101.3 1 0
github.com/IBM/ibm-object-csi-driver/pkg/utils/fake_driver_utils.go:102.2,102.45 1 0
github.com/IBM/ibm-object-csi-driver/pkg/utils/fake_driver_utils.go:105.106,106.37 1 0
github.com/IBM/ibm-object-csi-driver/pkg/utils/fake_driver_utils.go:106.37,108.3 1 0
github.com/IBM/ibm-object-csi-driver/pkg/utils/fake_driver_utils.go:109.2,109.45 1 0
github.com/IBM/ibm-object-csi-driver/pkg/utils/fake_driver_utils.go:112.93,113.33 1 0
github.com/IBM/ibm-object-csi-driver/pkg/utils/fake_driver_utils.go:113.33,115.3 1 0
github.com/IBM/ibm-object-csi-driver/pkg/utils/fake_driver_utils.go:116.2,116.45 1 0
github.com/IBM/ibm-object-csi-driver/cos-csi-mounter/server/fake_server.go:20.88,23.2 2 1
github.com/IBM/ibm-object-csi-driver/cos-csi-mounter/server/fake_server.go:25.59,28.2 2 1
github.com/IBM/ibm-object-csi-driver/cos-csi-mounter/server/fake_server.go:32.51,35.2 2 1
github.com/IBM/ibm-object-csi-driver/cos-csi-mounter/server/fake_server.go:36.40,36.54 1 1
github.com/IBM/ibm-object-csi-driver/cos-csi-mounter/server/fake_server.go:37.40,37.91 1 0
github.com/IBM/ibm-object-csi-driver/cos-csi-mounter/server/fake_server.go:39.53,41.2 1 1
github.com/IBM/ibm-object-csi-driver/cos-csi-mounter/server/fake_server.go:43.32,44.71 1 1
github.com/IBM/ibm-object-csi-driver/cos-csi-mounter/server/fake_server.go:44.72,44.73 0 0
github.com/IBM/ibm-object-csi-driver/cos-csi-mounter/server/fake_server.go:47.27,47.28 0 1
github.com/IBM/ibm-object-csi-driver/cos-csi-mounter/server/fake_server.go:49.50,51.2 1 1
github.com/IBM/ibm-object-csi-driver/cos-csi-mounter/server/fake_server.go:57.79,60.2 2 1
github.com/IBM/ibm-object-csi-driver/cos-csi-mounter/server/rclone.go:45.87,48.16 2 1
github.com/IBM/ibm-object-csi-driver/cos-csi-mounter/server/rclone.go:48.16,50.3 1 0
github.com/IBM/ibm-object-csi-driver/cos-csi-mounter/server/rclone.go:53.2,54.48 2 1
github.com/IBM/ibm-object-csi-driver/cos-csi-mounter/server/rclone.go:54.48,56.3 1 0
github.com/IBM/ibm-object-csi-driver/cos-csi-mounter/server/rclone.go:59.2,60.22 2 1
github.com/IBM/ibm-object-csi-driver/cos-csi-mounter/server/rclone.go:60.22,62.3 1 1
github.com/IBM/ibm-object-csi-driver/cos-csi-mounter/server/rclone.go:64.2,64.20 1 1
github.com/IBM/ibm-object-csi-driver/cos-csi-mounter/server/rclone.go:67.58,68.50 1 1
github.com/IBM/ibm-object-csi-driver/cos-csi-mounter/server/rclone.go:68.50,70.3 1 1
github.com/IBM/ibm-object-csi-driver/cos-csi-mounter/server/rclone.go:73.2,73.27 1 1
github.com/IBM/ibm-object-csi-driver/cos-csi-mounter/server/rclone.go:73.27,74.55 1 1
github.com/IBM/ibm-object-csi-driver/cos-csi-mounter/server/rclone.go:74.55,77.4 2 1
github.com/IBM/ibm-object-csi-driver/cos-csi-mounter/server/rclone.go:81.2,81.26 1 1
github.com/IBM/ibm-object-csi-driver/cos-csi-mounter/server/rclone.go:81.26,82.54 1 1
github.com/IBM/ibm-object-csi-driver/cos-csi-mounter/server/rclone.go:82.54,85.4 2 1
github.com/IBM/ibm-object-csi-driver/cos-csi-mounter/server/rclone.go:89.2,89.26 1 1
github.com/IBM/ibm-object-csi-driver/cos-csi-mounter/server/rclone.go:89.26,90.54 1 1
github.com/IBM/ibm-object-csi-driver/cos-csi-mounter/server/rclone.go:90.54,93.4 2 1
github.com/IBM/ibm-object-csi-driver/cos-csi-mounter/server/rclone.go:97.2,97.60 1 1
github.com/IBM/ibm-object-csi-driver/cos-csi-mounter/server/rclone.go:97.60,100.3 2 1
github.com/IBM/ibm-object-csi-driver/cos-csi-mounter/server/rclone.go:100.8,100.20 1 1
github.com/IBM/ibm-object-csi-driver/cos-csi-mounter/server/rclone.go:100.20,103.3 2 1
github.com/IBM/ibm-object-csi-driver/cos-csi-mounter/server/rclone.go:106.2,106.23 1 1
github.com/IBM/ibm-object-csi-driver/cos-csi-mounter/server/rclone.go:106.23,107.51 1 1
github.com/IBM/ibm-object-csi-driver/cos-csi-mounter/server/rclone.go:107.51,110.4 2 1
github.com/IBM/ibm-object-csi-driver/cos-csi-mounter/server/rclone.go:114.2,114.25 1 1
github.com/IBM/ibm-object-csi-driver/cos-csi-mounter/server/rclone.go:114.25,115.53 1 1
github.com/IBM/ibm-object-csi-driver/cos-csi-mounter/server/rclone.go:115.53,118.4 2 1
github.com/IBM/ibm-object-csi-driver/cos-csi-mounter/server/rclone.go:122.2,122.35 1 1
github.com/IBM/ibm-object-csi-driver/cos-csi-mounter/server/rclone.go:122.35,123.63 1 1
github.com/IBM/ibm-object-csi-driver/cos-csi-mounter/server/rclone.go:123.63,126.4 2 1
github.com/IBM/ibm-object-csi-driver/cos-csi-mounter/server/rclone.go:130.2,130.25 1 1
github.com/IBM/ibm-object-csi-driver/cos-csi-mounter/server/rclone.go:130.25,131.53 1 1
github.com/IBM/ibm-object-csi-driver/cos-csi-mounter/server/rclone.go:131.53,134.4 2 1
github.com/IBM/ibm-object-csi-driver/cos-csi-mounter/server/rclone.go:138.2,138.27 1 1
github.com/IBM/ibm-object-csi-driver/cos-csi-mounter/server/rclone.go:138.27,139.55 1 1
github.com/IBM/ibm-object-csi-driver/cos-csi-mounter/server/rclone.go:139.55,142.4 2 1
github.com/IBM/ibm-object-csi-driver/cos-csi-mounter/server/rclone.go:146.2,146.31 1 1
github.com/IBM/ibm-object-csi-driver/cos-csi-mounter/server/rclone.go:146.31,147.59 1 1
github.com/IBM/ibm-object-csi-driver/cos-csi-mounter/server/rclone.go:147.59,150.4 2 1
github.com/IBM/ibm-object-csi-driver/cos-csi-mounter/server/rclone.go:153.2,153.12 1 1
github.com/IBM/ibm-object-csi-driver/cos-csi-mounter/server/s3fs.go:48.85,51.16 2 1
github.com/IBM/ibm-object-csi-driver/cos-csi-mounter/server/s3fs.go:51.16,53.3 1 0
github.com/IBM/ibm-object-csi-driver/cos-csi-mounter/server/s3fs.go:56.2,57.48 2 1
github.com/IBM/ibm-object-csi-driver/cos-csi-mounter/server/s3fs.go:57.48,59.3 1 0
github.com/IBM/ibm-object-csi-driver/cos-csi-mounter/server/s3fs.go:62.2,65.38 2 1
github.com/IBM/ibm-object-csi-driver/cos-csi-mounter/server/s3fs.go:65.38,66.56 1 1
github.com/IBM/ibm-object-csi-driver/cos-csi-mounter/server/s3fs.go:66.56,68.4 1 1
github.com/IBM/ibm-object-csi-driver/cos-csi-mounter/server/s3fs.go:68.9,70.4 1 0
github.com/IBM/ibm-object-csi-driver/cos-csi-mounter/server/s3fs.go:71.3,71.28 1 1
github.com/IBM/ibm-object-csi-driver/cos-csi-mounter/server/s3fs.go:75.2,75.42 1 1
github.com/IBM/ibm-object-csi-driver/cos-csi-mounter/server/s3fs.go:75.42,78.3 2 1
github.com/IBM/ibm-object-csi-driver/cos-csi-mounter/server/s3fs.go:80.2,80.22 1 1
github.com/IBM/ibm-object-csi-driver/cos-csi-mounter/server/s3fs.go:80.22,82.54 2 1
github.com/IBM/ibm-object-csi-driver/cos-csi-mounter/server/s3fs.go:82.54,84.4 1 1
github.com/IBM/ibm-object-csi-driver/cos-csi-mounter/server/s3fs.go:84.9,86.4 1 1
github.com/IBM/ibm-object-csi-driver/cos-csi-mounter/server/s3fs.go:89.2,89.20 1 1
github.com/IBM/ibm-object-csi-driver/cos-csi-mounter/server/s3fs.go:92.56,93.50 1 1
github.com/IBM/ibm-object-csi-driver/cos-csi-mounter/server/s3fs.go:93.50,95.3 1 1
github.com/IBM/ibm-object-csi-driver/cos-csi-mounter/server/s3fs.go:98.2,98.27 1 1
github.com/IBM/ibm-object-csi-driver/cos-csi-mounter/server/s3fs.go:98.27,99.55 1 1
github.com/IBM/ibm-object-csi-driver/cos-csi-mounter/server/s3fs.go:99.55,102.4 2 1
github.com/IBM/ibm-object-csi-driver/cos-csi-mounter/server/s3fs.go:106.2,106.26 1 1
github.com/IBM/ibm-object-csi-driver/cos-csi-mounter/server/s3fs.go:106.26,107.54 1 1
github.com/IBM/ibm-object-csi-driver/cos-csi-mounter/server/s3fs.go:107.54,110.4 2 1
github.com/IBM/ibm-object-csi-driver/cos-csi-mounter/server/s3fs.go:114.2,114.38 1 1
github.com/IBM/ibm-object-csi-driver/cos-csi-mounter/server/s3fs.go:114.38,116.17 2 1
github.com/IBM/ibm-object-csi-driver/cos-csi-mounter/server/s3fs.go:116.17,119.4 2 1
github.com/IBM/ibm-object-csi-driver/cos-csi-mounter/server/s3fs.go:123.2,123.84 1 1
github.com/IBM/ibm-object-csi-driver/cos-csi-mounter/server/s3fs.go:123.84,126.3 2 1
github.com/IBM/ibm-object-csi-driver/cos-csi-mounter/server/s3fs.go:129.2,129.34 1 1
github.com/IBM/ibm-object-csi-driver/cos-csi-mounter/server/s3fs.go:129.34,130.62 1 0
github.com/IBM/ibm-object-csi-driver/cos-csi-mounter/server/s3fs.go:130.62,133.4 2 0
github.com/IBM/ibm-object-csi-driver/cos-csi-mounter/server/s3fs.go:137.2,137.20 1 1
github.com/IBM/ibm-object-csi-driver/cos-csi-mounter/server/s3fs.go:137.20,139.17 2 1
github.com/IBM/ibm-object-csi-driver/cos-csi-mounter/server/s3fs.go:139.17,142.4 2 1
github.com/IBM/ibm-object-csi-driver/cos-csi-mounter/server/s3fs.go:146.2,146.27 1 1
github.com/IBM/ibm-object-csi-driver/cos-csi-mounter/server/s3fs.go:146.27,147.55 1 1
github.com/IBM/ibm-object-csi-driver/cos-csi-mounter/server/s3fs.go:147.55,150.4 2 1
github.com/IBM/ibm-object-csi-driver/cos-csi-mounter/server/s3fs.go:153.2,153.31 1 1
github.com/IBM/ibm-object-csi-driver/cos-csi-mounter/server/s3fs.go:153.31,154.112 1 1
github.com/IBM/ibm-object-csi-driver/cos-csi-mounter/server/s3fs.go:154.112,160.4 2 1
github.com/IBM/ibm-object-csi-driver/cos-csi-mounter/server/s3fs.go:164.2,164.28 1 1
github.com/IBM/ibm-object-csi-driver/cos-csi-mounter/server/s3fs.go:164.28,165.56 1 1
github.com/IBM/ibm-object-csi-driver/cos-csi-mounter/server/s3fs.go:165.56,168.4 2 1
github.com/IBM/ibm-object-csi-driver/cos-csi-mounter/server/s3fs.go:172.2,172.30 1 1
github.com/IBM/ibm-object-csi-driver/cos-csi-mounter/server/s3fs.go:172.30,174.17 2 1
github.com/IBM/ibm-object-csi-driver/cos-csi-mounter/server/s3fs.go:174.17,177.4 2 1
github.com/IBM/ibm-object-csi-driver/cos-csi-mounter/server/s3fs.go:181.2,181.29 1 1
github.com/IBM/ibm-object-csi-driver/cos-csi-mounter/server/s3fs.go:181.29,183.17 2 1
github.com/IBM/ibm-object-csi-driver/cos-csi-mounter/server/s3fs.go:183.17,186.4 2 1
github.com/IBM/ibm-object-csi-driver/cos-csi-mounter/server/s3fs.go:190.2,190.33 1 1
github.com/IBM/ibm-object-csi-driver/cos-csi-mounter/server/s3fs.go:190.33,192.17 2 1
github.com/IBM/ibm-object-csi-driver/cos-csi-mounter/server/s3fs.go:192.17,195.4 2 1
github.com/IBM/ibm-object-csi-driver/cos-csi-mounter/server/s3fs.go:199.2,199.30 1 1
github.com/IBM/ibm-object-csi-driver/cos-csi-mounter/server/s3fs.go:199.30,201.17 2 1
github.com/IBM/ibm-object-csi-driver/cos-csi-mounter/server/s3fs.go:201.17,204.4 2 1
github.com/IBM/ibm-object-csi-driver/cos-csi-mounter/server/s3fs.go:208.2,208.28 1 1
github.com/IBM/ibm-object-csi-driver/cos-csi-mounter/server/s3fs.go:208.28,210.17 2 1
github.com/IBM/ibm-object-csi-driver/cos-csi-mounter/server/s3fs.go:210.17,213.4 2 1
github.com/IBM/ibm-object-csi-driver/cos-csi-mounter/server/s3fs.go:217.2,217.30 1 1
github.com/IBM/ibm-object-csi-driver/cos-csi-mounter/server/s3fs.go:217.30,219.17 2 1
github.com/IBM/ibm-object-csi-driver/cos-csi-mounter/server/s3fs.go:219.17,222.4 2 1
github.com/IBM/ibm-object-csi-driver/cos-csi-mounter/server/s3fs.go:226.2,226.64 1 1
github.com/IBM/ibm-object-csi-driver/cos-csi-mounter/server/s3fs.go:226.64,229.3 2 1
github.com/IBM/ibm-object-csi-driver/cos-csi-mounter/server/s3fs.go:229.8,229.20 1 1
github.com/IBM/ibm-object-csi-driver/cos-csi-mounter/server/s3fs.go:229.20,232.3 2 1
github.com/IBM/ibm-object-csi-driver/cos-csi-mounter/server/s3fs.go:235.2,235.25 1 1
github.com/IBM/ibm-object-csi-driver/cos-csi-mounter/server/s3fs.go:235.25,236.53 1 1
github.com/IBM/ibm-object-csi-driver/cos-csi-mounter/server/s3fs.go:236.53,239.4 2 1
github.com/IBM/ibm-object-csi-driver/cos-csi-mounter/server/s3fs.go:243.2,243.40 1 1
github.com/IBM/ibm-object-csi-driver/cos-csi-mounter/server/s3fs.go:243.40,245.17 2 1
github.com/IBM/ibm-object-csi-driver/cos-csi-mounter/server/s3fs.go:245.17,248.4 2 1
github.com/IBM/ibm-object-csi-driver/cos-csi-mounter/server/s3fs.go:252.2,252.27 1 1
github.com/IBM/ibm-object-csi-driver/cos-csi-mounter/server/s3fs.go:252.27,254.17 2 1
github.com/IBM/ibm-object-csi-driver/cos-csi-mounter/server/s3fs.go:254.17,257.4 2 1
github.com/IBM/ibm-object-csi-driver/cos-csi-mounter/server/s3fs.go:258.3,258.21 1 1
github.com/IBM/ibm-object-csi-driver/cos-csi-mounter/server/s3fs.go:258.21,261.4 2 1
github.com/IBM/ibm-object-csi-driver/cos-csi-mounter/server/s3fs.go:265.2,265.22 1 1
github.com/IBM/ibm-object-csi-driver/cos-csi-mounter/server/s3fs.go:265.22,266.50 1 1
github.com/IBM/ibm-object-csi-driver/cos-csi-mounter/server/s3fs.go:266.50,269.4 2 1
github.com/IBM/ibm-object-csi-driver/cos-csi-mounter/server/s3fs.go:273.2,273.22 1 1
github.com/IBM/ibm-object-csi-driver/cos-csi-mounter/server/s3fs.go:273.22,274.50 1 1
github.com/IBM/ibm-object-csi-driver/cos-csi-mounter/server/s3fs.go:274.50,277.4 2 1
github.com/IBM/ibm-object-csi-driver/cos-csi-mounter/server/s3fs.go:281.2,281.39 1 1
github.com/IBM/ibm-object-csi-driver/cos-csi-mounter/server/s3fs.go:281.39,283.17 2 1
github.com/IBM/ibm-object-csi-driver/cos-csi-mounter/server/s3fs.go:283.17,286.4 2 1
github.com/IBM/ibm-object-csi-driver/cos-csi-mounter/server/s3fs.go:286.9,286.36 1 1
github.com/IBM/ibm-object-csi-driver/cos-csi-mounter/server/s3fs.go:286.36,289.4 2 1
github.com/IBM/ibm-object-csi-driver/cos-csi-mounter/server/s3fs.go:293.2,293.20 1 1
github.com/IBM/ibm-object-csi-driver/cos-csi-mounter/server/s3fs.go:293.20,295.17 2 1
github.com/IBM/ibm-object-csi-driver/cos-csi-mounter/server/s3fs.go:295.17,298.4 2 1
github.com/IBM/ibm-object-csi-driver/cos-csi-mounter/server/s3fs.go:302.2,302.36 1 1
github.com/IBM/ibm-object-csi-driver/cos-csi-mounter/server/s3fs.go:302.36,303.64 1 1
github.com/IBM/ibm-object-csi-driver/cos-csi-mounter/server/s3fs.go:303.64,306.4 2 1
github.com/IBM/ibm-object-csi-driver/cos-csi-mounter/server/s3fs.go:310.2,310.25 1 1
github.com/IBM/ibm-object-csi-driver/cos-csi-mounter/server/s3fs.go:310.25,311.53 1 1
github.com/IBM/ibm-object-csi-driver/cos-csi-mounter/server/s3fs.go:311.53,314.4 2 1
github.com/IBM/ibm-object-csi-driver/cos-csi-mounter/server/s3fs.go:317.2,317.89 1 1
github.com/IBM/ibm-object-csi-driver/cos-csi-mounter/server/s3fs.go:317.89,323.3 2 1
github.com/IBM/ibm-object-csi-driver/cos-csi-mounter/server/s3fs.go:325.2,325.12 1 1
github.com/IBM/ibm-object-csi-driver/cos-csi-mounter/server/server.go:26.75,28.3 1 1
github.com/IBM/ibm-object-csi-driver/cos-csi-mounter/server/server.go:34.13,37.15 3 1
github.com/IBM/ibm-object-csi-driver/cos-csi-mounter/server/server.go:37.15,38.62 1 1
github.com/IBM/ibm-object-csi-driver/cos-csi-mounter/server/server.go:38.62,40.4 1 1
github.com/IBM/ibm-object-csi-driver/cos-csi-mounter/server/server.go:44.32,58.2 7 1
github.com/IBM/ibm-object-csi-driver/cos-csi-mounter/server/server.go:60.36,63.2 1 1
github.com/IBM/ibm-object-csi-driver/cos-csi-mounter/server/server.go:65.42,69.59 2 1
github.com/IBM/ibm-object-csi-driver/cos-csi-mounter/server/server.go:69.59,72.3 2 1
github.com/IBM/ibm-object-csi-driver/cos-csi-mounter/server/server.go:75.2,75.47 1 1
github.com/IBM/ibm-object-csi-driver/cos-csi-mounter/server/server.go:75.47,76.48 1 1
github.com/IBM/ibm-object-csi-driver/cos-csi-mounter/server/server.go:76.48,78.4 1 1
github.com/IBM/ibm-object-csi-driver/cos-csi-mounter/server/server.go:79.8,79.32 1 1
github.com/IBM/ibm-object-csi-driver/cos-csi-mounter/server/server.go:79.32,81.3 1 1
github.com/IBM/ibm-object-csi-driver/cos-csi-mounter/server/server.go:83.2,85.16 3 1
github.com/IBM/ibm-object-csi-driver/cos-csi-mounter/server/server.go:85.16,88.3 2 1
github.com/IBM/ibm-object-csi-driver/cos-csi-mounter/server/server.go:89.2,89.22 1 1
github.com/IBM/ibm-object-csi-driver/cos-csi-mounter/server/server.go:92.22,97.12 3 0
github.com/IBM/ibm-object-csi-driver/cos-csi-mounter/server/server.go:97.12,100.47 3 0
github.com/IBM/ibm-object-csi-driver/cos-csi-mounter/server/server.go:100.47,103.4 1 0
github.com/IBM/ibm-object-csi-driver/cos-csi-mounter/server/server.go:104.3,104.13 1 0
github.com/IBM/ibm-object-csi-driver/cos-csi-mounter/server/server.go:108.30,117.2 6 1
github.com/IBM/ibm-object-csi-driver/cos-csi-mounter/server/server.go:119.118,121.16 2 1
github.com/IBM/ibm-object-csi-driver/cos-csi-mounter/server/server.go:121.16,124.3 2 1
github.com/IBM/ibm-object-csi-driver/cos-csi-mounter/server/server.go:126.2,126.15 1 1
github.com/IBM/ibm-object-csi-driver/cos-csi-mounter/server/server.go:126.15,127.42 1 1
github.com/IBM/ibm-object-csi-driver/cos-csi-mounter/server/server.go:127.42,129.4 1 0
github.com/IBM/ibm-object-csi-driver/cos-csi-mounter/server/server.go:132.2,141.47 4 1
github.com/IBM/ibm-object-csi-driver/cos-csi-mounter/server/server.go:141.47,144.3 2 1
github.com/IBM/ibm-object-csi-driver/cos-csi-mounter/server/server.go:145.2,145.12 1 0
github.com/IBM/ibm-object-csi-driver/cos-csi-mounter/server/server.go:148.13,149.49 1 0
github.com/IBM/ibm-object-csi-driver/cos-csi-mounter/server/server.go:149.49,152.3 2 0
github.com/IBM/ibm-object-csi-driver/cos-csi-mounter/server/server.go:153.2,154.16 2 0
github.com/IBM/ibm-object-csi-driver/cos-csi-mounter/server/server.go:154.16,157.3 2 0
github.com/IBM/ibm-object-csi-driver/cos-csi-mounter/server/server.go:160.98,161.30 1 1
github.com/IBM/ibm-object-csi-driver/cos-csi-mounter/server/server.go:161.30,164.46 2 1
github.com/IBM/ibm-object-csi-driver/cos-csi-mounter/server/server.go:164.46,168.4 3 1
github.com/IBM/ibm-object-csi-driver/cos-csi-mounter/server/server.go:170.3,172.79 2 1
github.com/IBM/ibm-object-csi-driver/cos-csi-mounter/server/server.go:172.79,176.4 3 1
github.com/IBM/ibm-object-csi-driver/cos-csi-mounter/server/server.go:178.3,178.27 1 1
github.com/IBM/ibm-object-csi-driver/cos-csi-mounter/server/server.go:178.27,182.4 3 1
github.com/IBM/ibm-object-csi-driver/cos-csi-mounter/server/server.go:185.3,186.17 2 1
github.com/IBM/ibm-object-csi-driver/cos-csi-mounter/server/server.go:186.17,191.4 3 1
github.com/IBM/ibm-object-csi-driver/cos-csi-mounter/server/server.go:193.3,194.17 2 1
github.com/IBM/ibm-object-csi-driver/cos-csi-mounter/server/server.go:194.17,198.4 3 1
github.com/IBM/ibm-object-csi-driver/cos-csi-mounter/server/server.go:200.3,201.52 2 1
github.com/IBM/ibm-object-csi-driver/cos-csi-mounter/server/server.go:205.74,206.30 1 1
github.com/IBM/ibm-object-csi-driver/cos-csi-mounter/server/server.go:206.30,211.46 2 1
github.com/IBM/ibm-object-csi-driver/cos-csi-mounter/server/server.go:211.46,215.4 3 1
github.com/IBM/ibm-object-csi-driver/cos-csi-mounter/server/server.go:217.3,220.17 3 1
github.com/IBM/ibm-object-csi-driver/cos-csi-mounter/server/server.go:220.17,224.4 3 1
github.com/IBM/ibm-object-csi-driver/cos-csi-mounter/server/server.go:226.3,227.52 2 1
github.com/IBM/ibm-object-csi-driver/cos-csi-mounter/server/utils.go:42.78,46.2 3 1
github.com/IBM/ibm-object-csi-driver/cos-csi-mounter/server/utils.go:48.45,50.16 2 1
github.com/IBM/ibm-object-csi-driver/cos-csi-mounter/server/utils.go:50.16,52.3 1 0
github.com/IBM/ibm-object-csi-driver/cos-csi-mounter/server/utils.go:53.2,53.100 1 1
github.com/IBM/ibm-object-csi-driver/cos-csi-mounter/server/utils.go:53.100,55.3 1 1
github.com/IBM/ibm-object-csi-driver/cos-csi-mounter/server/utils.go:56.2,56.12 1 1
github.com/IBM/ibm-object-csi-driver/cos-csi-mounter/server/utils.go:63.82,65.2 1 1
github.com/IBM/ibm-object-csi-driver/cos-csi-mounter/server/utils.go:67.63,68.21 1 1
github.com/IBM/ibm-object-csi-driver/cos-csi-mounter/server/utils.go:69.22,71.71 2 1
github.com/IBM/ibm-object-csi-driver/cos-csi-mounter/server/utils.go:71.71,73.4 1 1
github.com/IBM/ibm-object-csi-driver/cos-csi-mounter/server/utils.go:74.3,74.49 1 1
github.com/IBM/ibm-object-csi-driver/cos-csi-mounter/server/utils.go:74.49,76.4 1 1
github.com/IBM/ibm-object-csi-driver/cos-csi-mounter/server/utils.go:77.3,77.54 1 1
github.com/IBM/ibm-object-csi-driver/cos-csi-mounter/server/utils.go:79.24,81.71 2 1
github.com/IBM/ibm-object-csi-driver/cos-csi-mounter/server/utils.go:81.71,83.4 1 1
github.com/IBM/ibm-object-csi-driver/cos-csi-mounter/server/utils.go:84.3,84.49 1 1
github.com/IBM/ibm-object-csi-driver/cos-csi-mounter/server/utils.go:84.49,86.4 1 1
github.com/IBM/ibm-object-csi-driver/cos-csi-mounter/server/utils.go:87.3,87.54 1 1
github.com/IBM/ibm-object-csi-driver/cos-csi-mounter/server/utils.go:89.10,90.61 1 1
github.com/IBM/ibm-object-csi-driver/cos-csi-mounter/server/utils.go:95.34,98.2 2 1
github.com/IBM/ibm-object-csi-driver/cos-csi-mounter/server/utils.go:101.44,103.16 2 1
github.com/IBM/ibm-object-csi-driver/cos-csi-mounter/server/utils.go:103.16,105.3 1 1
github.com/IBM/ibm-object-csi-driver/cos-csi-mounter/server/utils.go:106.2,106.55 1 1
github.com/IBM/ibm-object-csi-driver/cos-csi-mounter/server/utils.go:106.55,108.3 1 1
github.com/IBM/ibm-object-csi-driver/cos-csi-mounter/server/utils.go:109.2,110.16 2 1
github.com/IBM/ibm-object-csi-driver/cos-csi-mounter/server/utils.go:110.16,111.25 1 1
github.com/IBM/ibm-object-csi-driver/cos-csi-mounter/server/utils.go:111.25,113.4 1 1
github.com/IBM/ibm-object-csi-driver/cos-csi-mounter/server/utils.go:114.3,114.20 1 0
github.com/IBM/ibm-object-csi-driver/cos-csi-mounter/server/utils.go:116.2,116.27 1 0
github.com/IBM/ibm-object-csi-driver/cmd/main.go:45.28,60.2 4 1
github.com/IBM/ibm-object-csi-driver/cmd/main.go:62.33,77.2 7 1
github.com/IBM/ibm-object-csi-driver/cmd/main.go:79.32,81.2 1 1
github.com/IBM/ibm-object-csi-driver/cmd/main.go:83.77,84.38 1 1
github.com/IBM/ibm-object-csi-driver/cmd/main.go:84.38,85.57 1 1
github.com/IBM/ibm-object-csi-driver/cmd/main.go:85.57,87.4 1 1
github.com/IBM/ibm-object-csi-driver/cmd/main.go:88.3,88.75 1 1
github.com/IBM/ibm-object-csi-driver/cmd/main.go:90.2,90.20 1 1
github.com/IBM/ibm-object-csi-driver/cmd/main.go:93.13,104.16 8 0
github.com/IBM/ibm-object-csi-driver/cmd/main.go:104.16,106.3 1 0
github.com/IBM/ibm-object-csi-driver/cmd/main.go:108.2,109.12 2 0
github.com/IBM/ibm-object-csi-driver/cmd/main.go:112.56,114.16 2 0
github.com/IBM/ibm-object-csi-driver/cmd/main.go:114.16,117.3 2 0
github.com/IBM/ibm-object-csi-driver/cmd/main.go:119.2,123.16 4 0
github.com/IBM/ibm-object-csi-driver/cmd/main.go:123.16,126.3 2 0
github.com/IBM/ibm-object-csi-driver/cmd/main.go:127.2,128.19 2 0
github.com/IBM/ibm-object-csi-driver/cmd/main.go:131.68,133.36 2 1
github.com/IBM/ibm-object-csi-driver/cmd/main.go:133.36,135.3 1 1
github.com/IBM/ibm-object-csi-driver/cmd/main.go:136.2,138.36 3 1
github.com/IBM/ibm-object-csi-driver/cmd/main.go:138.36,139.98 1 1
github.com/IBM/ibm-object-csi-driver/cmd/main.go:139.98,140.59 1 1
github.com/IBM/ibm-object-csi-driver/cmd/main.go:140.59,143.5 2 1
github.com/IBM/ibm-object-csi-driver/cmd/main.go:144.4,146.18 3 0
github.com/IBM/ibm-object-csi-driver/cmd/main.go:146.18,148.5 1 0
github.com/IBM/ibm-object-csi-driver/cmd/main.go:152.2,152.12 1 1
github.com/IBM/ibm-object-csi-driver/cmd/main.go:152.12,154.66 1 1
github.com/IBM/ibm-object-csi-driver/cmd/main.go:154.66,156.38 2 0
github.com/IBM/ibm-object-csi-driver/cmd/main.go:156.38,158.5 1 0
github.com/IBM/ibm-object-csi-driver/cmd/main.go:159.4,159.76 1 0
github.com/IBM/ibm-object-csi-driver/cmd/main.go:164.2,164.26 1 1
github.com/IBM/ibm-object-csi-driver/cmd/main.go:167.45,169.22 2 1
github.com/IBM/ibm-object-csi-driver/cmd/main.go:169.22,171.3 1 1
github.com/IBM/ibm-object-csi-driver/cmd/main.go:173.2,174.16 2 1
github.com/IBM/ibm-object-csi-driver/cmd/main.go:174.16,176.3 1 1
github.com/IBM/ibm-object-csi-driver/cmd/main.go:177.2,178.16 2 1
github.com/IBM/ibm-object-csi-driver/cmd/main.go:178.16,180.3 1 0
github.com/IBM/ibm-object-csi-driver/cmd/main.go:181.2,181.12 1 1
github.com/IBM/ibm-object-csi-driver/pkg/s3client/fake_s3client.go:22.153,26.2 1 0
github.com/IBM/ibm-object-csi-driver/pkg/s3client/fake_s3client.go:28.65,29.37 1 0
github.com/IBM/ibm-object-csi-driver/pkg/s3client/fake_s3client.go:29.37,31.3 1 0
github.com/IBM/ibm-object-csi-driver/pkg/s3client/fake_s3client.go:32.2,32.12 1 0
github.com/IBM/ibm-object-csi-driver/pkg/s3client/fake_s3client.go:35.80,36.36 1 0
github.com/IBM/ibm-object-csi-driver/pkg/s3client/fake_s3client.go:36.36,38.3 1 0
github.com/IBM/ibm-object-csi-driver/pkg/s3client/fake_s3client.go:39.2,39.12 1 0
github.com/IBM/ibm-object-csi-driver/pkg/s3client/fake_s3client.go:42.92,44.2 1 0
github.com/IBM/ibm-object-csi-driver/pkg/s3client/fake_s3client.go:46.84,47.32 1 0
github.com/IBM/ibm-object-csi-driver/pkg/s3client/fake_s3client.go:47.32,49.3 1 0
github.com/IBM/ibm-object-csi-driver/pkg/s3client/fake_s3client.go:50.2,50.16 1 0
github.com/IBM/ibm-object-csi-driver/pkg/s3client/fake_s3client.go:53.60,54.32 1 0
github.com/IBM/ibm-object-csi-driver/pkg/s3client/fake_s3client.go:54.32,56.3 1 0
github.com/IBM/ibm-object-csi-driver/pkg/s3client/fake_s3client.go:57.2,57.12 1 0
github.com/IBM/ibm-object-csi-driver/pkg/s3client/s3client.go:85.58,87.2 1 0
github.com/IBM/ibm-object-csi-driver/pkg/s3client/s3client.go:99.61,104.2 2 1
github.com/IBM/ibm-object-csi-driver/pkg/s3client/s3client.go:106.95,114.16 4 1
github.com/IBM/ibm-object-csi-driver/pkg/s3client/s3client.go:114.16,117.3 2 1
github.com/IBM/ibm-object-csi-driver/pkg/s3client/s3client.go:118.2,118.29 1 1
github.com/IBM/ibm-object-csi-driver/pkg/s3client/s3client.go:118.29,120.80 2 1
github.com/IBM/ibm-object-csi-driver/pkg/s3client/s3client.go:120.80,122.4 1 1
github.com/IBM/ibm-object-csi-driver/pkg/s3client/s3client.go:124.2,124.19 1 1
github.com/IBM/ibm-object-csi-driver/pkg/s3client/s3client.go:127.88,128.24 1 1
github.com/IBM/ibm-object-csi-driver/pkg/s3client/s3client.go:128.24,134.3 1 1
github.com/IBM/ibm-object-csi-driver/pkg/s3client/s3client.go:134.8,138.3 1 0
github.com/IBM/ibm-object-csi-driver/pkg/s3client/s3client.go:140.2,140.16 1 1
github.com/IBM/ibm-object-csi-driver/pkg/s3client/s3client.go:140.16,146.85 1 1
github.com/IBM/ibm-object-csi-driver/pkg/s3client/s3client.go:146.85,149.4 2 1
github.com/IBM/ibm-object-csi-driver/pkg/s3client/s3client.go:150.3,150.17 1 1
github.com/IBM/ibm-object-csi-driver/pkg/s3client/s3client.go:153.2,153.16 1 1
github.com/IBM/ibm-object-csi-driver/pkg/s3client/s3client.go:156.56,161.16 2 1
github.com/IBM/ibm-object-csi-driver/pkg/s3client/s3client.go:161.16,162.74 1 1
github.com/IBM/ibm-object-csi-driver/pkg/s3client/s3client.go:162.74,165.4 2 1
github.com/IBM/ibm-object-csi-driver/pkg/s3client/s3client.go:167.3,167.64 1 1
github.com/IBM/ibm-object-csi-driver/pkg/s3client/s3client.go:170.2,170.36 1 1
github.com/IBM/ibm-object-csi-driver/pkg/s3client/s3client.go:170.36,176.17 2 1
github.com/IBM/ibm-object-csi-driver/pkg/s3client/s3client.go:176.17,178.4 1 1
github.com/IBM/ibm-object-csi-driver/pkg/s3client/s3client.go:181.2,185.12 2 1
github.com/IBM/ibm-object-csi-driver/pkg/s3client/s3client.go:188.76,190.12 2 1
github.com/IBM/ibm-object-csi-driver/pkg/s3client/s3client.go:190.12,192.3 1 1
github.com/IBM/ibm-object-csi-driver/pkg/s3client/s3client.go:193.2,200.16 3 1
github.com/IBM/ibm-object-csi-driver/pkg/s3client/s3client.go:200.16,203.3 2 1
github.com/IBM/ibm-object-csi-driver/pkg/s3client/s3client.go:204.2,205.12 2 1
github.com/IBM/ibm-object-csi-driver/pkg/s3client/s3client.go:208.65,213.2 4 0
github.com/IBM/ibm-object-csi-driver/pkg/s3client/s3client.go:216.161,218.29 2 1
github.com/IBM/ibm-object-csi-driver/pkg/s3client/s3client.go:218.29,220.3 1 0
github.com/IBM/ibm-object-csi-driver/pkg/s3client/s3client.go:220.8,222.3 1 1
github.com/IBM/ibm-object-csi-driver/pkg/s3client/s3client.go:223.2,233.3 2 1
github.com/IBM/ibm-object-csi-driver/tests/e2e/testsuites/basesetups.go:38.122,44.32 5 0
github.com/IBM/ibm-object-csi-driver/tests/e2e/testsuites/basesetups.go:44.32,51.3 3 0
github.com/IBM/ibm-object-csi-driver/tests/e2e/testsuites/basesetups.go:52.2,52.27 1 0
github.com/IBM/ibm-object-csi-driver/tests/e2e/testsuites/basesetups.go:55.156,70.2 11 0
github.com/IBM/ibm-object-csi-driver/tests/e2e/testsuites/basespecs.go:71.83,97.2 1 0
github.com/IBM/ibm-object-csi-driver/tests/e2e/testsuites/basespecs.go:99.142,111.2 1 0
github.com/IBM/ibm-object-csi-driver/tests/e2e/testsuites/basespecs.go:113.31,136.2 6 0
github.com/IBM/ibm-object-csi-driver/tests/e2e/testsuites/basespecs.go:138.32,143.2 4 0
github.com/IBM/ibm-object-csi-driver/tests/e2e/testsuites/basespecs.go:145.28,150.2 3 0
github.com/IBM/ibm-object-csi-driver/tests/e2e/testsuites/basespecs.go:152.28,158.2 5 0
github.com/IBM/ibm-object-csi-driver/tests/e2e/testsuites/basespecs.go:160.71,165.2 4 0
github.com/IBM/ibm-object-csi-driver/tests/e2e/testsuites/basespecs.go:167.42,171.2 3 0
github.com/IBM/ibm-object-csi-driver/tests/e2e/testsuites/basespecs.go:173.59,174.26 1 0
github.com/IBM/ibm-object-csi-driver/tests/e2e/testsuites/basespecs.go:175.21,177.19 2 0
github.com/IBM/ibm-object-csi-driver/tests/e2e/testsuites/basespecs.go:178.23,179.124 1 0
github.com/IBM/ibm-object-csi-driver/tests/e2e/testsuites/basespecs.go:180.10,181.20 1 0
github.com/IBM/ibm-object-csi-driver/tests/e2e/testsuites/basespecs.go:185.46,190.2 3 0
github.com/IBM/ibm-object-csi-driver/tests/e2e/testsuites/basespecs.go:192.36,195.2 2 0
github.com/IBM/ibm-object-csi-driver/tests/e2e/testsuites/basespecs.go:197.101,214.2 4 0
github.com/IBM/ibm-object-csi-driver/tests/e2e/testsuites/basespecs.go:219.57,221.23 2 0
github.com/IBM/ibm-object-csi-driver/tests/e2e/testsuites/basespecs.go:221.23,223.3 1 0
github.com/IBM/ibm-object-csi-driver/tests/e2e/testsuites/basespecs.go:225.2,232.3 1 0
github.com/IBM/ibm-object-csi-driver/tests/e2e/testsuites/basespecs.go:235.46,240.27 4 0
github.com/IBM/ibm-object-csi-driver/tests/e2e/testsuites/basespecs.go:240.27,242.3 1 0
github.com/IBM/ibm-object-csi-driver/tests/e2e/testsuites/basespecs.go:243.2,248.30 5 0
github.com/IBM/ibm-object-csi-driver/tests/e2e/testsuites/basespecs.go:251.47,262.124 5 0
github.com/IBM/ibm-object-csi-driver/tests/e2e/testsuites/basespecs.go:262.124,267.3 4 0
github.com/IBM/ibm-object-csi-driver/tests/e2e/testsuites/basespecs.go:270.2,270.30 1 0
github.com/IBM/ibm-object-csi-driver/tests/e2e/testsuites/basespecs.go:273.77,286.2 8 0
github.com/IBM/ibm-object-csi-driver/tests/e2e/testsuites/basespecs.go:288.75,312.2 16 0
github.com/IBM/ibm-object-csi-driver/tests/e2e/testsuites/basespecs.go:316.70,319.21 3 0
github.com/IBM/ibm-object-csi-driver/tests/e2e/testsuites/basespecs.go:319.21,325.3 1 0
github.com/IBM/ibm-object-csi-driver/tests/e2e/testsuites/basespecs.go:325.8,331.3 1 0
github.com/IBM/ibm-object-csi-driver/tests/e2e/testsuites/basespecs.go:332.2,345.3 1 0
github.com/IBM/ibm-object-csi-driver/tests/e2e/testsuites/basespecs.go:348.29,352.2 3 0
github.com/IBM/ibm-object-csi-driver/tests/e2e/testsuites/basespecs.go:354.94,355.13 1 0
github.com/IBM/ibm-object-csi-driver/tests/e2e/testsuites/basespecs.go:355.13,357.3 1 0
github.com/IBM/ibm-object-csi-driver/tests/e2e/testsuites/basespecs.go:358.2,358.9 1 0
github.com/IBM/ibm-object-csi-driver/tests/e2e/testsuites/basespecs.go:358.9,360.17 2 0
github.com/IBM/ibm-object-csi-driver/tests/e2e/testsuites/basespecs.go:360.17,362.4 1 0
github.com/IBM/ibm-object-csi-driver/tests/e2e/testsuites/basespecs.go:362.9,364.4 1 0
github.com/IBM/ibm-object-csi-driver/tests/e2e/testsuites/basespecs.go:366.2,367.74 2 0
github.com/IBM/ibm-object-csi-driver/tests/e2e/testsuites/basespecs.go:370.82,372.2 1 0
github.com/IBM/ibm-object-csi-driver/tests/e2e/testsuites/test_pod_with_vol.go:35.110,37.29 2 0
github.com/IBM/ibm-object-csi-driver/tests/e2e/testsuites/test_pod_with_vol.go:37.29,40.26 2 0
github.com/IBM/ibm-object-csi-driver/tests/e2e/testsuites/test_pod_with_vol.go:40.26,42.4 1 0
github.com/IBM/ibm-object-csi-driver/tests/e2e/testsuites/test_pod_with_vol.go:43.3,48.20 5 0
github.com/IBM/ibm-object-csi-driver/tests/e2e/testsuites/test_pod_with_vol.go:48.20,50.52 2 0
github.com/IBM/ibm-object-csi-driver/tests/e2e/testsuites/test_pod_with_vol.go:50.52,53.10 2 0
github.com/IBM/ibm-object-csi-driver/tests/e2e/testsuites/test_pod_with_vol.go:55.4,55.25 1 0
github.com/IBM/ibm-object-csi-driver/tests/e2e/testsuites/test_pod_with_vol.go:55.25,57.82 2 0
github.com/IBM/ibm-object-csi-driver/tests/e2e/testsuites/test_pod_with_vol.go:57.82,60.11 3 0
github.com/IBM/ibm-object-csi-driver/tests/e2e/testsuites/test_pod_with_vol.go:63.9,65.48 2 0
github.com/IBM/ibm-object-csi-driver/tests/e2e/testsuites/test_pod_with_vol.go:65.48,67.10 2 0
github.com/IBM/ibm-object-csi-driver/tests/e2e/testsuites/test_pod_with_vol.go:72.2,72.16 1 0
github.com/IBM/ibm-object-csi-driver/tests/e2e/testsuites/test_pod_with_vol.go:72.16,75.3 2 0
github.com/IBM/ibm-object-csi-driver/tests/e2e/testsuites/test_pod_with_vol.go:77.2,77.12 1 0
github.com/IBM/ibm-object-csi-driver/pkg/driver/controllerserver.go:44.126,57.16 4 1
github.com/IBM/ibm-object-csi-driver/pkg/driver/controllerserver.go:57.16,59.3 1 0
github.com/IBM/ibm-object-csi-driver/pkg/driver/controllerserver.go:60.2,63.16 3 1
github.com/IBM/ibm-object-csi-driver/pkg/driver/controllerserver.go:63.16,65.3 1 0
github.com/IBM/ibm-object-csi-driver/pkg/driver/controllerserver.go:66.2,67.24 2 1
github.com/IBM/ibm-object-csi-driver/pkg/driver/controllerserver.go:67.24,69.3 1 1
github.com/IBM/ibm-object-csi-driver/pkg/driver/controllerserver.go:70.2,73.17 3 1
github.com/IBM/ibm-object-csi-driver/pkg/driver/controllerserver.go:73.17,75.3 1 1
github.com/IBM/ibm-object-csi-driver/pkg/driver/controllerserver.go:76.2,76.27 1 1
github.com/IBM/ibm-object-csi-driver/pkg/driver/controllerserver.go:76.27,78.28 2 1
github.com/IBM/ibm-object-csi-driver/pkg/driver/controllerserver.go:78.28,80.4 1 1
github.com/IBM/ibm-object-csi-driver/pkg/driver/controllerserver.go:83.2,84.19 2 1
github.com/IBM/ibm-object-csi-driver/pkg/driver/controllerserver.go:84.19,86.3 1 1
github.com/IBM/ibm-object-csi-driver/pkg/driver/controllerserver.go:87.2,93.25 5 1
github.com/IBM/ibm-object-csi-driver/pkg/driver/controllerserver.go:93.25,99.20 4 1
github.com/IBM/ibm-object-csi-driver/pkg/driver/controllerserver.go:99.20,101.4 1 1
github.com/IBM/ibm-object-csi-driver/pkg/driver/controllerserver.go:103.3,103.25 1 1
github.com/IBM/ibm-object-csi-driver/pkg/driver/controllerserver.go:103.25,105.4 1 1
github.com/IBM/ibm-object-csi-driver/pkg/driver/controllerserver.go:107.3,108.17 2 1
github.com/IBM/ibm-object-csi-driver/pkg/driver/controllerserver.go:108.17,110.4 1 1
github.com/IBM/ibm-object-csi-driver/pkg/driver/controllerserver.go:112.3,119.29 5 1
github.com/IBM/ibm-object-csi-driver/pkg/driver/controllerserver.go:119.29,121.4 1 1
github.com/IBM/ibm-object-csi-driver/pkg/driver/controllerserver.go:123.3,123.28 1 1
github.com/IBM/ibm-object-csi-driver/pkg/driver/controllerserver.go:123.28,126.4 2 1
github.com/IBM/ibm-object-csi-driver/pkg/driver/controllerserver.go:128.3,129.17 2 1
github.com/IBM/ibm-object-csi-driver/pkg/driver/controllerserver.go:129.17,131.4 1 1
github.com/IBM/ibm-object-csi-driver/pkg/driver/controllerserver.go:133.3,136.30 3 1
github.com/IBM/ibm-object-csi-driver/pkg/driver/controllerserver.go:139.2,140.20 2 1
github.com/IBM/ibm-object-csi-driver/pkg/driver/controllerserver.go:140.20,142.3 1 1
github.com/IBM/ibm-object-csi-driver/pkg/driver/controllerserver.go:142.8,144.3 1 1
github.com/IBM/ibm-object-csi-driver/pkg/driver/controllerserver.go:145.2,145.20 1 1
github.com/IBM/ibm-object-csi-driver/pkg/driver/controllerserver.go:145.20,147.3 1 1
github.com/IBM/ibm-object-csi-driver/pkg/driver/controllerserver.go:149.2,150.30 2 1
github.com/IBM/ibm-object-csi-driver/pkg/driver/controllerserver.go:150.30,152.3 1 1
github.com/IBM/ibm-object-csi-driver/pkg/driver/controllerserver.go:152.8,154.3 1 1
github.com/IBM/ibm-object-csi-driver/pkg/driver/controllerserver.go:155.2,155.30 1 1
github.com/IBM/ibm-object-csi-driver/pkg/driver/controllerserver.go:155.30,157.3 1 1
github.com/IBM/ibm-object-csi-driver/pkg/driver/controllerserver.go:159.2,160.24 2 1
github.com/IBM/ibm-object-csi-driver/pkg/driver/controllerserver.go:160.24,162.3 1 1
github.com/IBM/ibm-object-csi-driver/pkg/driver/controllerserver.go:164.2,165.19 2 1
github.com/IBM/ibm-object-csi-driver/pkg/driver/controllerserver.go:165.19,167.3 1 1
github.com/IBM/ibm-object-csi-driver/pkg/driver/controllerserver.go:167.8,169.3 1 1
github.com/IBM/ibm-object-csi-driver/pkg/driver/controllerserver.go:171.2,174.71 2 1
github.com/IBM/ibm-object-csi-driver/pkg/driver/controllerserver.go:174.71,176.44 2 1
github.com/IBM/ibm-object-csi-driver/pkg/driver/controllerserver.go:176.44,178.4 1 1
github.com/IBM/ibm-object-csi-driver/pkg/driver/controllerserver.go:179.3,180.89 2 1
github.com/IBM/ibm-object-csi-driver/pkg/driver/controllerserver.go:181.8,181.75 1 1
github.com/IBM/ibm-object-csi-driver/pkg/driver/controllerserver.go:181.75,183.44 2 1
github.com/IBM/ibm-object-csi-driver/pkg/driver/controllerserver.go:183.44,186.4 1 1
github.com/IBM/ibm-object-csi-driver/pkg/driver/controllerserver.go:187.3,188.103 2 1
github.com/IBM/ibm-object-csi-driver/pkg/driver/controllerserver.go:191.2,192.16 2 1
github.com/IBM/ibm-object-csi-driver/pkg/driver/controllerserver.go:192.16,194.3 1 1
github.com/IBM/ibm-object-csi-driver/pkg/driver/controllerserver.go:195.2,199.22 4 1
github.com/IBM/ibm-object-csi-driver/pkg/driver/controllerserver.go:199.22,203.60 3 1
github.com/IBM/ibm-object-csi-driver/pkg/driver/controllerserver.go:203.60,206.18 3 1
github.com/IBM/ibm-object-csi-driver/pkg/driver/controllerserver.go:206.18,208.5 1 1
github.com/IBM/ibm-object-csi-driver/pkg/driver/controllerserver.go:209.4,210.48 2 0
github.com/IBM/ibm-object-csi-driver/pkg/driver/controllerserver.go:213.3,213.29 1 1
github.com/IBM/ibm-object-csi-driver/pkg/driver/controllerserver.go:213.29,218.18 4 1
github.com/IBM/ibm-object-csi-driver/pkg/driver/controllerserver.go:218.18,219.48 1 0
github.com/IBM/ibm-object-csi-driver/pkg/driver/controllerserver.go:219.48,221.21 2 0
github.com/IBM/ibm-object-csi-driver/pkg/driver/controllerserver.go:221.21,223.7 1 0
github.com/IBM/ibm-object-csi-driver/pkg/driver/controllerserver.go:225.5,225.132 1 0
github.com/IBM/ibm-object-csi-driver/pkg/driver/controllerserver.go:227.4,227.79 1 1
github.com/IBM/ibm-object-csi-driver/pkg/driver/controllerserver.go:230.3,230.36 1 1
github.com/IBM/ibm-object-csi-driver/pkg/driver/controllerserver.go:231.8,235.27 3 1
github.com/IBM/ibm-object-csi-driver/pkg/driver/controllerserver.go:235.27,238.4 2 0
github.com/IBM/ibm-object-csi-driver/pkg/driver/controllerserver.go:239.3,240.17 2 1
github.com/IBM/ibm-object-csi-driver/pkg/driver/controllerserver.go:240.17,242.4 1 0
github.com/IBM/ibm-object-csi-driver/pkg/driver/controllerserver.go:244.3,244.29 1 1
github.com/IBM/ibm-object-csi-driver/pkg/driver/controllerserver.go:244.29,249.18 4 1
github.com/IBM/ibm-object-csi-driver/pkg/driver/controllerserver.go:249.18,251.20 2 0
github.com/IBM/ibm-object-csi-driver/pkg/driver/controllerserver.go:251.20,253.6 1 0
github.com/IBM/ibm-object-csi-driver/pkg/driver/controllerserver.go:254.5,254.141 1 0
github.com/IBM/ibm-object-csi-driver/pkg/driver/controllerserver.go:256.4,256.88 1 1
github.com/IBM/ibm-object-csi-driver/pkg/driver/controllerserver.go:258.3,260.40 3 1
github.com/IBM/ibm-object-csi-driver/pkg/driver/controllerserver.go:262.2,272.8 2 1
github.com/IBM/ibm-object-csi-driver/pkg/driver/controllerserver.go:275.126,279.16 2 1
github.com/IBM/ibm-object-csi-driver/pkg/driver/controllerserver.go:279.16,281.3 1 0
github.com/IBM/ibm-object-csi-driver/pkg/driver/controllerserver.go:282.2,285.24 3 1
github.com/IBM/ibm-object-csi-driver/pkg/driver/controllerserver.go:285.24,287.3 1 1
github.com/IBM/ibm-object-csi-driver/pkg/driver/controllerserver.go:288.2,294.25 5 1
github.com/IBM/ibm-object-csi-driver/pkg/driver/controllerserver.go:294.25,298.17 3 1
github.com/IBM/ibm-object-csi-driver/pkg/driver/controllerserver.go:298.17,300.4 1 1
github.com/IBM/ibm-object-csi-driver/pkg/driver/controllerserver.go:302.3,307.23 4 1
github.com/IBM/ibm-object-csi-driver/pkg/driver/controllerserver.go:307.23,309.4 1 1
github.com/IBM/ibm-object-csi-driver/pkg/driver/controllerserver.go:311.3,311.28 1 1
github.com/IBM/ibm-object-csi-driver/pkg/driver/controllerserver.go:311.28,314.4 2 1
github.com/IBM/ibm-object-csi-driver/pkg/driver/controllerserver.go:316.3,322.17 5 1
github.com/IBM/ibm-object-csi-driver/pkg/driver/controllerserver.go:322.17,324.4 1 1
github.com/IBM/ibm-object-csi-driver/pkg/driver/controllerserver.go:326.3,328.30 3 1
github.com/IBM/ibm-object-csi-driver/pkg/driver/controllerserver.go:331.2,332.16 2 1
github.com/IBM/ibm-object-csi-driver/pkg/driver/controllerserver.go:332.16,334.3 1 1
github.com/IBM/ibm-object-csi-driver/pkg/driver/controllerserver.go:336.2,339.16 3 1
github.com/IBM/ibm-object-csi-driver/pkg/driver/controllerserver.go:339.16,341.3 1 1
github.com/IBM/ibm-object-csi-driver/pkg/driver/controllerserver.go:343.2,343.26 1 1
github.com/IBM/ibm-object-csi-driver/pkg/driver/controllerserver.go:343.26,345.17 2 1
github.com/IBM/ibm-object-csi-driver/pkg/driver/controllerserver.go:345.17,347.4 1 1
github.com/IBM/ibm-object-csi-driver/pkg/driver/controllerserver.go:348.3,348.55 1 1
github.com/IBM/ibm-object-csi-driver/pkg/driver/controllerserver.go:351.2,351.41 1 1
github.com/IBM/ibm-object-csi-driver/pkg/driver/controllerserver.go:354.159,357.2 2 1
github.com/IBM/ibm-object-csi-driver/pkg/driver/controllerserver.go:359.165,362.2 2 1
github.com/IBM/ibm-object-csi-driver/pkg/driver/controllerserver.go:364.168,369.24 3 1
github.com/IBM/ibm-object-csi-driver/pkg/driver/controllerserver.go:369.24,371.3 1 1
github.com/IBM/ibm-object-csi-driver/pkg/driver/controllerserver.go:373.2,374.23 2 1
github.com/IBM/ibm-object-csi-driver/pkg/driver/controllerserver.go:374.23,376.3 1 1
github.com/IBM/ibm-object-csi-driver/pkg/driver/controllerserver.go:378.2,379.40 2 1
github.com/IBM/ibm-object-csi-driver/pkg/driver/controllerserver.go:379.40,381.3 1 1
github.com/IBM/ibm-object-csi-driver/pkg/driver/controllerserver.go:383.2,385.8 1 1
github.com/IBM/ibm-object-csi-driver/pkg/driver/controllerserver.go:388.123,391.2 2 1
github.com/IBM/ibm-object-csi-driver/pkg/driver/controllerserver.go:393.123,396.2 2 1
github.com/IBM/ibm-object-csi-driver/pkg/driver/controllerserver.go:398.165,401.45 3 1
github.com/IBM/ibm-object-csi-driver/pkg/driver/controllerserver.go:401.45,410.3 2 1
github.com/IBM/ibm-object-csi-driver/pkg/driver/controllerserver.go:411.2,411.72 1 1
github.com/IBM/ibm-object-csi-driver/pkg/driver/controllerserver.go:414.132,417.2 2 1
github.com/IBM/ibm-object-csi-driver/pkg/driver/controllerserver.go:419.132,422.2 2 1
github.com/IBM/ibm-object-csi-driver/pkg/driver/controllerserver.go:424.129,427.2 2 1
github.com/IBM/ibm-object-csi-driver/pkg/driver/controllerserver.go:429.156,432.2 2 1
github.com/IBM/ibm-object-csi-driver/pkg/driver/controllerserver.go:434.147,437.2 2 1
github.com/IBM/ibm-object-csi-driver/pkg/driver/controllerserver.go:439.156,442.2 2 1
github.com/IBM/ibm-object-csi-driver/pkg/driver/controllerserver.go:444.131,455.51 3 1
github.com/IBM/ibm-object-csi-driver/pkg/driver/controllerserver.go:455.51,457.3 1 1
github.com/IBM/ibm-object-csi-driver/pkg/driver/controllerserver.go:458.2,458.23 1 1
github.com/IBM/ibm-object-csi-driver/pkg/driver/controllerserver.go:458.23,460.3 1 1
github.com/IBM/ibm-object-csi-driver/pkg/driver/controllerserver.go:462.2,462.46 1 1
github.com/IBM/ibm-object-csi-driver/pkg/driver/controllerserver.go:462.46,464.3 1 1
github.com/IBM/ibm-object-csi-driver/pkg/driver/controllerserver.go:467.2,469.29 3 1
github.com/IBM/ibm-object-csi-driver/pkg/driver/controllerserver.go:469.29,472.41 3 1
github.com/IBM/ibm-object-csi-driver/pkg/driver/controllerserver.go:472.41,474.4 1 1
github.com/IBM/ibm-object-csi-driver/pkg/driver/controllerserver.go:475.3,475.20 1 1
github.com/IBM/ibm-object-csi-driver/pkg/driver/controllerserver.go:478.2,485.8 1 1
github.com/IBM/ibm-object-csi-driver/pkg/driver/controllerserver.go:488.61,505.50 4 1
github.com/IBM/ibm-object-csi-driver/pkg/driver/controllerserver.go:505.50,507.3 1 1
github.com/IBM/ibm-object-csi-driver/pkg/driver/controllerserver.go:509.2,509.50 1 1
github.com/IBM/ibm-object-csi-driver/pkg/driver/controllerserver.go:509.50,511.3 1 1
github.com/IBM/ibm-object-csi-driver/pkg/driver/controllerserver.go:513.2,513.47 1 1
github.com/IBM/ibm-object-csi-driver/pkg/driver/controllerserver.go:513.47,515.3 1 1
github.com/IBM/ibm-object-csi-driver/pkg/driver/controllerserver.go:517.2,517.53 1 1
github.com/IBM/ibm-object-csi-driver/pkg/driver/controllerserver.go:517.53,519.3 1 1
github.com/IBM/ibm-object-csi-driver/pkg/driver/controllerserver.go:521.2,521.50 1 1
github.com/IBM/ibm-object-csi-driver/pkg/driver/controllerserver.go:521.50,523.3 1 1
github.com/IBM/ibm-object-csi-driver/pkg/driver/controllerserver.go:525.2,525.51 1 1
github.com/IBM/ibm-object-csi-driver/pkg/driver/controllerserver.go:525.51,527.3 1 1
github.com/IBM/ibm-object-csi-driver/pkg/driver/controllerserver.go:529.2,529.52 1 1
github.com/IBM/ibm-object-csi-driver/pkg/driver/controllerserver.go:529.52,531.3 1 1
github.com/IBM/ibm-object-csi-driver/pkg/driver/controllerserver.go:533.2,533.52 1 1
github.com/IBM/ibm-object-csi-driver/pkg/driver/controllerserver.go:533.52,535.3 1 1
github.com/IBM/ibm-object-csi-driver/pkg/driver/controllerserver.go:537.2,537.59 1 1
github.com/IBM/ibm-object-csi-driver/pkg/driver/controllerserver.go:537.59,539.3 1 1
github.com/IBM/ibm-object-csi-driver/pkg/driver/controllerserver.go:541.2,541.65 1 1
github.com/IBM/ibm-object-csi-driver/pkg/driver/controllerserver.go:541.65,543.3 1 0
github.com/IBM/ibm-object-csi-driver/pkg/driver/controllerserver.go:545.2,556.24 11 1
github.com/IBM/ibm-object-csi-driver/pkg/driver/controllerserver.go:559.61,566.2 5 1
github.com/IBM/ibm-object-csi-driver/pkg/driver/controllerserver.go:568.94,570.15 2 1
github.com/IBM/ibm-object-csi-driver/pkg/driver/controllerserver.go:570.15,572.3 1 0
github.com/IBM/ibm-object-csi-driver/pkg/driver/controllerserver.go:573.2,573.16 1 1
github.com/IBM/ibm-object-csi-driver/pkg/driver/controllerserver.go:573.16,575.77 2 1
github.com/IBM/ibm-object-csi-driver/pkg/driver/controllerserver.go:575.77,577.4 1 0
github.com/IBM/ibm-object-csi-driver/pkg/driver/controllerserver.go:577.9,580.4 2 1
github.com/IBM/ibm-object-csi-driver/pkg/driver/controllerserver.go:582.2,582.59 1 1
github.com/IBM/ibm-object-csi-driver/pkg/driver/controllerserver.go:582.59,585.3 2 1
github.com/IBM/ibm-object-csi-driver/pkg/driver/controllerserver.go:586.2,586.12 1 1
github.com/IBM/ibm-object-csi-driver/pkg/driver/controllerserver.go:589.56,592.24 3 1
github.com/IBM/ibm-object-csi-driver/pkg/driver/controllerserver.go:592.24,596.3 3 1
github.com/IBM/ibm-object-csi-driver/pkg/driver/controllerserver.go:597.2,597.22 1 1
github.com/IBM/ibm-object-csi-driver/pkg/driver/controllerserver.go:600.70,601.58 1 1
github.com/IBM/ibm-object-csi-driver/pkg/driver/controllerserver.go:601.58,602.40 1 1
github.com/IBM/ibm-object-csi-driver/pkg/driver/controllerserver.go:602.40,606.60 2 1
github.com/IBM/ibm-object-csi-driver/pkg/driver/controllerserver.go:606.60,608.5 1 1
github.com/IBM/ibm-object-csi-driver/pkg/driver/controllerserver.go:610.3,610.15 1 1
github.com/IBM/ibm-object-csi-driver/pkg/driver/controllerserver.go:613.2,614.28 2 1
github.com/IBM/ibm-object-csi-driver/pkg/driver/controllerserver.go:614.28,615.21 1 1
github.com/IBM/ibm-object-csi-driver/pkg/driver/controllerserver.go:615.21,617.4 1 1
github.com/IBM/ibm-object-csi-driver/pkg/driver/controllerserver.go:619.2,619.17 1 1
github.com/IBM/ibm-object-csi-driver/pkg/driver/fileOps.go:37.70,39.2 1 1
github.com/IBM/ibm-object-csi-driver/pkg/driver/fileOps.go:41.74,43.2 1 1
github.com/IBM/ibm-object-csi-driver/pkg/driver/fileOps.go:46.80,52.19 3 1
github.com/IBM/ibm-object-csi-driver/pkg/driver/fileOps.go:52.19,55.3 2 1
github.com/IBM/ibm-object-csi-driver/pkg/driver/fileOps.go:57.2,58.16 2 1
github.com/IBM/ibm-object-csi-driver/pkg/driver/fileOps.go:58.16,60.3 1 1
github.com/IBM/ibm-object-csi-driver/pkg/driver/fileOps.go:63.2,63.51 1 1
github.com/IBM/ibm-object-csi-driver/pkg/driver/fileOps.go:63.51,65.3 1 1
github.com/IBM/ibm-object-csi-driver/pkg/driver/fileOps.go:69.2,69.56 1 1
github.com/IBM/ibm-object-csi-driver/pkg/driver/fileOps.go:69.56,71.3 1 1
github.com/IBM/ibm-object-csi-driver/pkg/driver/fileOps.go:73.2,75.12 2 1
github.com/IBM/ibm-object-csi-driver/pkg/driver/identityserver.go:27.136,29.33 2 1
github.com/IBM/ibm-object-csi-driver/pkg/driver/identityserver.go:29.33,31.3 1 1
github.com/IBM/ibm-object-csi-driver/pkg/driver/identityserver.go:33.2,36.8 1 1
github.com/IBM/ibm-object-csi-driver/pkg/driver/identityserver.go:39.160,66.2 2 1
github.com/IBM/ibm-object-csi-driver/pkg/driver/identityserver.go:68.112,71.2 2 1
github.com/IBM/ibm-object-csi-driver/pkg/driver/nodeserver.go:45.129,49.24 3 1
github.com/IBM/ibm-object-csi-driver/pkg/driver/nodeserver.go:49.24,51.3 1 1
github.com/IBM/ibm-object-csi-driver/pkg/driver/nodeserver.go:53.2,54.33 2 1
github.com/IBM/ibm-object-csi-driver/pkg/driver/nodeserver.go:54.33,56.3 1 1
github.com/IBM/ibm-object-csi-driver/pkg/driver/nodeserver.go:58.2,58.44 1 1
github.com/IBM/ibm-object-csi-driver/pkg/driver/nodeserver.go:61.135,65.24 3 1
github.com/IBM/ibm-object-csi-driver/pkg/driver/nodeserver.go:65.24,67.3 1 1
github.com/IBM/ibm-object-csi-driver/pkg/driver/nodeserver.go:69.2,70.33 2 1
github.com/IBM/ibm-object-csi-driver/pkg/driver/nodeserver.go:70.33,72.3 1 1
github.com/IBM/ibm-object-csi-driver/pkg/driver/nodeserver.go:74.2,74.46 1 1
github.com/IBM/ibm-object-csi-driver/pkg/driver/nodeserver.go:77.135,79.16 2 1
github.com/IBM/ibm-object-csi-driver/pkg/driver/nodeserver.go:79.16,81.3 1 0
github.com/IBM/ibm-object-csi-driver/pkg/driver/nodeserver.go:82.2,88.24 5 1
github.com/IBM/ibm-object-csi-driver/pkg/driver/nodeserver.go:88.24,90.3 1 1
github.com/IBM/ibm-object-csi-driver/pkg/driver/nodeserver.go:92.2,93.26 2 1
github.com/IBM/ibm-object-csi-driver/pkg/driver/nodeserver.go:93.26,95.3 1 1
github.com/IBM/ibm-object-csi-driver/pkg/driver/nodeserver.go:97.2,97.38 1 1
github.com/IBM/ibm-object-csi-driver/pkg/driver/nodeserver.go:97.38,99.3 1 1
github.com/IBM/ibm-object-csi-driver/pkg/driver/nodeserver.go:101.2,102.16 2 1
github.com/IBM/ibm-object-csi-driver/pkg/driver/nodeserver.go:102.16,105.3 2 1
github.com/IBM/ibm-object-csi-driver/pkg/driver/nodeserver.go:107.2,108.36 2 1
github.com/IBM/ibm-object-csi-driver/pkg/driver/nodeserver.go:108.36,110.3 1 0
github.com/IBM/ibm-object-csi-driver/pkg/driver/nodeserver.go:112.2,121.30 8 1
github.com/IBM/ibm-object-csi-driver/pkg/driver/nodeserver.go:121.30,122.83 1 1
github.com/IBM/ibm-object-csi-driver/pkg/driver/nodeserver.go:122.83,124.12 2 1
github.com/IBM/ibm-object-csi-driver/pkg/driver/nodeserver.go:126.3,126.23 1 1
github.com/IBM/ibm-object-csi-driver/pkg/driver/nodeserver.go:128.2,129.28 2 1
github.com/IBM/ibm-object-csi-driver/pkg/driver/nodeserver.go:129.28,131.3 1 0
github.com/IBM/ibm-object-csi-driver/pkg/driver/nodeserver.go:133.2,133.40 1 1
github.com/IBM/ibm-object-csi-driver/pkg/driver/nodeserver.go:133.40,135.3 1 1
github.com/IBM/ibm-object-csi-driver/pkg/driver/nodeserver.go:137.2,137.47 1 1
github.com/IBM/ibm-object-csi-driver/pkg/driver/nodeserver.go:137.47,139.3 1 1
github.com/IBM/ibm-object-csi-driver/pkg/driver/nodeserver.go:141.2,141.40 1 1
github.com/IBM/ibm-object-csi-driver/pkg/driver/nodeserver.go:141.40,143.3 1 1
github.com/IBM/ibm-object-csi-driver/pkg/driver/nodeserver.go:145.2,145.40 1 1
github.com/IBM/ibm-object-csi-driver/pkg/driver/nodeserver.go:145.40,147.3 1 1
github.com/IBM/ibm-object-csi-driver/pkg/driver/nodeserver.go:150.2,150.35 1 1
github.com/IBM/ibm-object-csi-driver/pkg/driver/nodeserver.go:150.35,152.17 2 1
github.com/IBM/ibm-object-csi-driver/pkg/driver/nodeserver.go:152.17,155.4 2 1
github.com/IBM/ibm-object-csi-driver/pkg/driver/nodeserver.go:157.3,157.27 1 1
github.com/IBM/ibm-object-csi-driver/pkg/driver/nodeserver.go:157.27,160.4 2 1
github.com/IBM/ibm-object-csi-driver/pkg/driver/nodeserver.go:162.3,162.43 1 1
github.com/IBM/ibm-object-csi-driver/pkg/driver/nodeserver.go:165.2,172.56 4 1
github.com/IBM/ibm-object-csi-driver/pkg/driver/nodeserver.go:172.56,175.3 2 1
github.com/IBM/ibm-object-csi-driver/pkg/driver/nodeserver.go:177.2,178.46 2 1
github.com/IBM/ibm-object-csi-driver/pkg/driver/nodeserver.go:181.141,185.24 3 1
github.com/IBM/ibm-object-csi-driver/pkg/driver/nodeserver.go:185.24,187.3 1 1
github.com/IBM/ibm-object-csi-driver/pkg/driver/nodeserver.go:189.2,190.26 2 1
github.com/IBM/ibm-object-csi-driver/pkg/driver/nodeserver.go:190.26,192.3 1 1
github.com/IBM/ibm-object-csi-driver/pkg/driver/nodeserver.go:193.2,196.16 3 1
github.com/IBM/ibm-object-csi-driver/pkg/driver/nodeserver.go:196.16,198.3 1 1
github.com/IBM/ibm-object-csi-driver/pkg/driver/nodeserver.go:200.2,203.54 3 1
github.com/IBM/ibm-object-csi-driver/pkg/driver/nodeserver.go:203.54,207.3 2 1
github.com/IBM/ibm-object-csi-driver/pkg/driver/nodeserver.go:209.2,210.48 2 1
github.com/IBM/ibm-object-csi-driver/pkg/driver/nodeserver.go:213.138,217.24 3 1
github.com/IBM/ibm-object-csi-driver/pkg/driver/nodeserver.go:217.24,219.3 1 1
github.com/IBM/ibm-object-csi-driver/pkg/driver/nodeserver.go:221.2,222.22 2 1
github.com/IBM/ibm-object-csi-driver/pkg/driver/nodeserver.go:222.22,224.3 1 1
github.com/IBM/ibm-object-csi-driver/pkg/driver/nodeserver.go:226.2,230.16 3 1
github.com/IBM/ibm-object-csi-driver/pkg/driver/nodeserver.go:230.16,239.3 3 1
github.com/IBM/ibm-object-csi-driver/pkg/driver/nodeserver.go:241.2,242.16 2 1
github.com/IBM/ibm-object-csi-driver/pkg/driver/nodeserver.go:242.16,244.3 1 1
github.com/IBM/ibm-object-csi-driver/pkg/driver/nodeserver.go:246.2,247.16 2 1
github.com/IBM/ibm-object-csi-driver/pkg/driver/nodeserver.go:247.16,249.3 1 0
github.com/IBM/ibm-object-csi-driver/pkg/driver/nodeserver.go:250.2,253.16 3 1
github.com/IBM/ibm-object-csi-driver/pkg/driver/nodeserver.go:253.16,255.3 1 1
github.com/IBM/ibm-object-csi-driver/pkg/driver/nodeserver.go:260.2,278.18 3 1
github.com/IBM/ibm-object-csi-driver/pkg/driver/nodeserver.go:281.130,283.2 1 1
github.com/IBM/ibm-object-csi-driver/pkg/driver/nodeserver.go:285.141,288.45 3 1
github.com/IBM/ibm-object-csi-driver/pkg/driver/nodeserver.go:288.45,297.3 2 1
github.com/IBM/ibm-object-csi-driver/pkg/driver/nodeserver.go:298.2,298.66 1 1
github.com/IBM/ibm-object-csi-driver/pkg/driver/nodeserver.go:301.117,317.2 5 1
github.com/IBM/ibm-object-csi-driver/pkg/driver/s3-driver.go:69.105,72.23 3 1
github.com/IBM/ibm-object-csi-driver/pkg/driver/s3-driver.go:72.23,75.3 2 1
github.com/IBM/ibm-object-csi-driver/pkg/driver/s3-driver.go:76.2,78.12 3 1
github.com/IBM/ibm-object-csi-driver/pkg/driver/s3-driver.go:82.111,85.23 3 1
github.com/IBM/ibm-object-csi-driver/pkg/driver/s3-driver.go:85.23,88.3 2 1
github.com/IBM/ibm-object-csi-driver/pkg/driver/s3-driver.go:89.2,91.12 3 1
github.com/IBM/ibm-object-csi-driver/pkg/driver/s3-driver.go:95.99,98.23 3 1
github.com/IBM/ibm-object-csi-driver/pkg/driver/s3-driver.go:98.23,101.3 2 1
github.com/IBM/ibm-object-csi-driver/pkg/driver/s3-driver.go:102.2,104.12 3 1
github.com/IBM/ibm-object-csi-driver/pkg/driver/s3-driver.go:107.84,111.16 4 1
github.com/IBM/ibm-object-csi-driver/pkg/driver/s3-driver.go:111.16,113.3 1 1
github.com/IBM/ibm-object-csi-driver/pkg/driver/s3-driver.go:114.2,120.23 6 1
github.com/IBM/ibm-object-csi-driver/pkg/driver/s3-driver.go:123.53,127.2 1 1
github.com/IBM/ibm-object-csi-driver/pkg/driver/s3-driver.go:129.159,136.2 1 1
github.com/IBM/ibm-object-csi-driver/pkg/driver/s3-driver.go:138.175,140.20 2 1
github.com/IBM/ibm-object-csi-driver/pkg/driver/s3-driver.go:140.20,142.3 1 1
github.com/IBM/ibm-object-csi-driver/pkg/driver/s3-driver.go:144.2,145.16 2 1
github.com/IBM/ibm-object-csi-driver/pkg/driver/s3-driver.go:145.16,147.3 1 1
github.com/IBM/ibm-object-csi-driver/pkg/driver/s3-driver.go:149.2,151.32 3 1
github.com/IBM/ibm-object-csi-driver/pkg/driver/s3-driver.go:151.32,153.17 2 1
github.com/IBM/ibm-object-csi-driver/pkg/driver/s3-driver.go:153.17,155.4 1 1
github.com/IBM/ibm-object-csi-driver/pkg/driver/s3-driver.go:156.8,159.3 2 1
github.com/IBM/ibm-object-csi-driver/pkg/driver/s3-driver.go:161.2,162.58 2 1
github.com/IBM/ibm-object-csi-driver/pkg/driver/s3-driver.go:162.58,164.3 1 1
github.com/IBM/ibm-object-csi-driver/pkg/driver/s3-driver.go:166.2,173.8 1 1
github.com/IBM/ibm-object-csi-driver/pkg/driver/s3-driver.go:176.248,178.16 2 1
github.com/IBM/ibm-object-csi-driver/pkg/driver/s3-driver.go:178.16,180.3 1 0
github.com/IBM/ibm-object-csi-driver/pkg/driver/s3-driver.go:182.2,183.16 2 1
github.com/IBM/ibm-object-csi-driver/pkg/driver/s3-driver.go:183.16,185.3 1 1
github.com/IBM/ibm-object-csi-driver/pkg/driver/s3-driver.go:186.2,198.21 9 1
github.com/IBM/ibm-object-csi-driver/pkg/driver/s3-driver.go:199.20,200.82 1 1
github.com/IBM/ibm-object-csi-driver/pkg/driver/s3-driver.go:201.14,202.83 1 1
github.com/IBM/ibm-object-csi-driver/pkg/driver/s3-driver.go:203.25,205.83 2 1
github.com/IBM/ibm-object-csi-driver/pkg/driver/s3-driver.go:208.2,208.20 1 1
github.com/IBM/ibm-object-csi-driver/pkg/driver/s3-driver.go:211.31,220.2 6 0
github.com/IBM/ibm-object-csi-driver/pkg/driver/server.go:49.86,51.2 1 1
github.com/IBM/ibm-object-csi-driver/pkg/driver/server.go:54.124,58.2 2 0
github.com/IBM/ibm-object-csi-driver/pkg/driver/server.go:61.40,63.2 1 1
github.com/IBM/ibm-object-csi-driver/pkg/driver/server.go:66.40,68.2 1 1
github.com/IBM/ibm-object-csi-driver/pkg/driver/server.go:71.45,73.2 1 1
github.com/IBM/ibm-object-csi-driver/pkg/driver/server.go:76.146,85.16 4 1
github.com/IBM/ibm-object-csi-driver/pkg/driver/server.go:85.16,89.3 3 1
github.com/IBM/ibm-object-csi-driver/pkg/driver/server.go:91.2,92.18 2 1
github.com/IBM/ibm-object-csi-driver/pkg/driver/server.go:93.14,95.64 2 1
github.com/IBM/ibm-object-csi-driver/pkg/driver/server.go:95.64,98.4 2 0
github.com/IBM/ibm-object-csi-driver/pkg/driver/server.go:99.13,100.16 1 1
github.com/IBM/ibm-object-csi-driver/pkg/driver/server.go:101.10,104.30 3 1
github.com/IBM/ibm-object-csi-driver/pkg/driver/server.go:107.2,110.16 3 1
github.com/IBM/ibm-object-csi-driver/pkg/driver/server.go:110.16,114.3 3 0
github.com/IBM/ibm-object-csi-driver/pkg/driver/server.go:118.2,118.49 1 1
github.com/IBM/ibm-object-csi-driver/pkg/driver/server.go:118.49,120.63 2 0
github.com/IBM/ibm-object-csi-driver/pkg/driver/server.go:120.63,123.4 2 0
github.com/IBM/ibm-object-csi-driver/pkg/driver/server.go:126.2,131.16 4 1
github.com/IBM/ibm-object-csi-driver/pkg/driver/server.go:132.20,134.45 2 1
github.com/IBM/ibm-object-csi-driver/pkg/driver/server.go:135.14,137.39 2 1
github.com/IBM/ibm-object-csi-driver/pkg/driver/server.go:138.25,141.39 3 1
github.com/IBM/ibm-object-csi-driver/pkg/driver/server.go:144.2,144.22 1 1
github.com/IBM/ibm-object-csi-driver/pkg/driver/server.go:148.124,152.16 3 0
github.com/IBM/ibm-object-csi-driver/pkg/driver/server.go:152.16,154.3 1 0
github.com/IBM/ibm-object-csi-driver/pkg/driver/server.go:155.2,156.49 2 0
github.com/IBM/ibm-object-csi-driver/pkg/driver/server.go:156.49,158.3 1 0
github.com/IBM/ibm-object-csi-driver/pkg/driver/server.go:162.128,165.16 3 1
github.com/IBM/ibm-object-csi-driver/pkg/driver/server.go:165.16,167.3 1 1
github.com/IBM/ibm-object-csi-driver/pkg/driver/server.go:167.8,169.3 1 1
github.com/IBM/ibm-object-csi-driver/pkg/driver/server.go:170.2,170.18 1 1
github.com/IBM/ibm-object-csi-driver/tests/e2e/custom_reporter.go:14.74,15.26 1 0
github.com/IBM/ibm-object-csi-driver/tests/e2e/custom_reporter.go:15.26,17.3 1 0
github.com/IBM/ibm-object-csi-driver/tests/e2e/custom_reporter.go:17.8,19.3 1 0
github.com/IBM/ibm-object-csi-driver/tests/e2e/custom_reporter.go:22.72,24.16 2 0
github.com/IBM/ibm-object-csi-driver/tests/e2e/custom_reporter.go:24.16,26.3 1 0
github.com/IBM/ibm-object-csi-driver/tests/e2e/custom_reporter.go:27.2,27.53 1 0
github.com/IBM/ibm-object-csi-driver/tests/e2e/custom_reporter.go:30.40,32.2 1 0
github.com/IBM/ibm-object-csi-driver/pkg/mounter/fake_mounter-rclone.go:20.72,34.2 1 0
github.com/IBM/ibm-object-csi-driver/pkg/mounter/fake_mounter-rclone.go:36.76,37.26 1 0
github.com/IBM/ibm-object-csi-driver/pkg/mounter/fake_mounter-rclone.go:37.26,39.3 1 0
github.com/IBM/ibm-object-csi-driver/pkg/mounter/fake_mounter-rclone.go:40.2,40.12 1 0
github.com/IBM/ibm-object-csi-driver/pkg/mounter/fake_mounter-rclone.go:43.63,44.28 1 0
github.com/IBM/ibm-object-csi-driver/pkg/mounter/fake_mounter-rclone.go:44.28,46.3 1 0
github.com/IBM/ibm-object-csi-driver/pkg/mounter/fake_mounter-rclone.go:47.2,47.12 1 0
github.com/IBM/ibm-object-csi-driver/pkg/mounter/fake_mounter-s3fs.go:18.70,30.2 1 0
github.com/IBM/ibm-object-csi-driver/pkg/mounter/fake_mounter-s3fs.go:32.72,33.24 1 0
github.com/IBM/ibm-object-csi-driver/pkg/mounter/fake_mounter-s3fs.go:33.24,35.3 1 0
github.com/IBM/ibm-object-csi-driver/pkg/mounter/fake_mounter-s3fs.go:36.2,36.12 1 0
github.com/IBM/ibm-object-csi-driver/pkg/mounter/fake_mounter-s3fs.go:39.59,40.26 1 0
github.com/IBM/ibm-object-csi-driver/pkg/mounter/fake_mounter-s3fs.go:40.26,42.3 1 0
github.com/IBM/ibm-object-csi-driver/pkg/mounter/fake_mounter-s3fs.go:43.2,43.12 1 0
github.com/IBM/ibm-object-csi-driver/pkg/mounter/fake_mounter.go:20.158,21.19 1 0
github.com/IBM/ibm-object-csi-driver/pkg/mounter/fake_mounter.go:22.22,23.64 1 0
github.com/IBM/ibm-object-csi-driver/pkg/mounter/fake_mounter.go:24.24,25.66 1 0
github.com/IBM/ibm-object-csi-driver/pkg/mounter/fake_mounter.go:26.10,27.64 1 0
github.com/IBM/ibm-object-csi-driver/pkg/mounter/mounter-rclone.go:58.116,72.50 4 1
github.com/IBM/ibm-object-csi-driver/pkg/mounter/mounter-rclone.go:72.50,74.3 1 1
github.com/IBM/ibm-object-csi-driver/pkg/mounter/mounter-rclone.go:75.2,75.57 1 1
github.com/IBM/ibm-object-csi-driver/pkg/mounter/mounter-rclone.go:75.57,77.3 1 1
github.com/IBM/ibm-object-csi-driver/pkg/mounter/mounter-rclone.go:78.2,78.49 1 1
github.com/IBM/ibm-object-csi-driver/pkg/mounter/mounter-rclone.go:78.49,80.3 1 1
github.com/IBM/ibm-object-csi-driver/pkg/mounter/mounter-rclone.go:81.2,81.46 1 1
github.com/IBM/ibm-object-csi-driver/pkg/mounter/mounter-rclone.go:81.46,83.3 1 1
github.com/IBM/ibm-object-csi-driver/pkg/mounter/mounter-rclone.go:84.2,84.48 1 1
github.com/IBM/ibm-object-csi-driver/pkg/mounter/mounter-rclone.go:84.48,86.3 1 1
github.com/IBM/ibm-object-csi-driver/pkg/mounter/mounter-rclone.go:87.2,87.48 1 1
github.com/IBM/ibm-object-csi-driver/pkg/mounter/mounter-rclone.go:87.48,89.3 1 1
github.com/IBM/ibm-object-csi-driver/pkg/mounter/mounter-rclone.go:90.2,90.51 1 1
github.com/IBM/ibm-object-csi-driver/pkg/mounter/mounter-rclone.go:90.51,92.3 1 1
github.com/IBM/ibm-object-csi-driver/pkg/mounter/mounter-rclone.go:105.2,109.42 3 1
github.com/IBM/ibm-object-csi-driver/pkg/mounter/mounter-rclone.go:109.42,111.3 1 1
github.com/IBM/ibm-object-csi-driver/pkg/mounter/mounter-rclone.go:112.2,112.54 1 1
github.com/IBM/ibm-object-csi-driver/pkg/mounter/mounter-rclone.go:112.54,114.3 1 1
github.com/IBM/ibm-object-csi-driver/pkg/mounter/mounter-rclone.go:114.8,114.35 1 1
github.com/IBM/ibm-object-csi-driver/pkg/mounter/mounter-rclone.go:114.35,116.3 1 1
github.com/IBM/ibm-object-csi-driver/pkg/mounter/mounter-rclone.go:118.2,126.16 5 1
github.com/IBM/ibm-object-csi-driver/pkg/mounter/mounter-rclone.go:129.93,133.40 2 1
github.com/IBM/ibm-object-csi-driver/pkg/mounter/mounter-rclone.go:133.40,135.21 2 1
github.com/IBM/ibm-object-csi-driver/pkg/mounter/mounter-rclone.go:135.21,137.4 1 1
github.com/IBM/ibm-object-csi-driver/pkg/mounter/mounter-rclone.go:140.2,142.9 2 1
github.com/IBM/ibm-object-csi-driver/pkg/mounter/mounter-rclone.go:142.9,145.3 2 1
github.com/IBM/ibm-object-csi-driver/pkg/mounter/mounter-rclone.go:147.2,150.29 2 1
github.com/IBM/ibm-object-csi-driver/pkg/mounter/mounter-rclone.go:150.29,151.36 1 1
github.com/IBM/ibm-object-csi-driver/pkg/mounter/mounter-rclone.go:151.36,152.12 1 1
github.com/IBM/ibm-object-csi-driver/pkg/mounter/mounter-rclone.go:154.3,155.21 2 1
github.com/IBM/ibm-object-csi-driver/pkg/mounter/mounter-rclone.go:155.21,157.12 2 1
github.com/IBM/ibm-object-csi-driver/pkg/mounter/mounter-rclone.go:159.3,159.72 1 1
github.com/IBM/ibm-object-csi-driver/pkg/mounter/mounter-rclone.go:163.2,164.33 2 1
github.com/IBM/ibm-object-csi-driver/pkg/mounter/mounter-rclone.go:164.33,167.3 2 1
github.com/IBM/ibm-object-csi-driver/pkg/mounter/mounter-rclone.go:169.2,171.23 2 1
github.com/IBM/ibm-object-csi-driver/pkg/mounter/mounter-rclone.go:174.72,182.17 6 1
github.com/IBM/ibm-object-csi-driver/pkg/mounter/mounter-rclone.go:182.17,184.3 1 1
github.com/IBM/ibm-object-csi-driver/pkg/mounter/mounter-rclone.go:184.8,186.3 1 1
github.com/IBM/ibm-object-csi-driver/pkg/mounter/mounter-rclone.go:188.2,189.69 2 1
github.com/IBM/ibm-object-csi-driver/pkg/mounter/mounter-rclone.go:189.69,192.3 2 1
github.com/IBM/ibm-object-csi-driver/pkg/mounter/mounter-rclone.go:194.2,194.26 1 1
github.com/IBM/ibm-object-csi-driver/pkg/mounter/mounter-rclone.go:194.26,196.3 1 1
github.com/IBM/ibm-object-csi-driver/pkg/mounter/mounter-rclone.go:196.8,198.3 1 1
github.com/IBM/ibm-object-csi-driver/pkg/mounter/mounter-rclone.go:200.2,202.17 2 1
github.com/IBM/ibm-object-csi-driver/pkg/mounter/mounter-rclone.go:202.17,206.17 3 1
github.com/IBM/ibm-object-csi-driver/pkg/mounter/mounter-rclone.go:206.17,209.4 2 0
github.com/IBM/ibm-object-csi-driver/pkg/mounter/mounter-rclone.go:211.3,214.17 3 1
github.com/IBM/ibm-object-csi-driver/pkg/mounter/mounter-rclone.go:214.17,217.4 2 1
github.com/IBM/ibm-object-csi-driver/pkg/mounter/mounter-rclone.go:218.3,218.13 1 1
github.com/IBM/ibm-object-csi-driver/pkg/mounter/mounter-rclone.go:220.2,221.70 2 1
github.com/IBM/ibm-object-csi-driver/pkg/mounter/mounter-rclone.go:224.59,227.17 2 1
github.com/IBM/ibm-object-csi-driver/pkg/mounter/mounter-rclone.go:227.17,233.17 4 1
github.com/IBM/ibm-object-csi-driver/pkg/mounter/mounter-rclone.go:233.17,236.4 2 1
github.com/IBM/ibm-object-csi-driver/pkg/mounter/mounter-rclone.go:238.3,239.13 2 1
github.com/IBM/ibm-object-csi-driver/pkg/mounter/mounter-rclone.go:241.2,244.16 3 1
github.com/IBM/ibm-object-csi-driver/pkg/mounter/mounter-rclone.go:244.16,246.3 1 1
github.com/IBM/ibm-object-csi-driver/pkg/mounter/mounter-rclone.go:248.2,249.12 2 1
github.com/IBM/ibm-object-csi-driver/pkg/mounter/mounter-rclone.go:252.76,255.20 3 1
github.com/IBM/ibm-object-csi-driver/pkg/mounter/mounter-rclone.go:255.20,258.3 2 1
github.com/IBM/ibm-object-csi-driver/pkg/mounter/mounter-rclone.go:259.2,269.32 2 1
github.com/IBM/ibm-object-csi-driver/pkg/mounter/mounter-rclone.go:269.32,271.3 1 1
github.com/IBM/ibm-object-csi-driver/pkg/mounter/mounter-rclone.go:273.2,276.13 2 1
github.com/IBM/ibm-object-csi-driver/pkg/mounter/mounter-rclone.go:276.13,279.3 2 1
github.com/IBM/ibm-object-csi-driver/pkg/mounter/mounter-rclone.go:281.2,283.16 3 1
github.com/IBM/ibm-object-csi-driver/pkg/mounter/mounter-rclone.go:283.16,286.3 2 1
github.com/IBM/ibm-object-csi-driver/pkg/mounter/mounter-rclone.go:287.2,287.15 1 1
github.com/IBM/ibm-object-csi-driver/pkg/mounter/mounter-rclone.go:287.15,288.37 1 1
github.com/IBM/ibm-object-csi-driver/pkg/mounter/mounter-rclone.go:288.37,290.4 1 0
github.com/IBM/ibm-object-csi-driver/pkg/mounter/mounter-rclone.go:293.2,294.16 2 1
github.com/IBM/ibm-object-csi-driver/pkg/mounter/mounter-rclone.go:294.16,297.3 2 1
github.com/IBM/ibm-object-csi-driver/pkg/mounter/mounter-rclone.go:299.2,301.36 3 1
github.com/IBM/ibm-object-csi-driver/pkg/mounter/mounter-rclone.go:301.36,303.17 2 1
github.com/IBM/ibm-object-csi-driver/pkg/mounter/mounter-rclone.go:303.17,306.4 2 0
github.com/IBM/ibm-object-csi-driver/pkg/mounter/mounter-rclone.go:308.2,309.16 2 1
github.com/IBM/ibm-object-csi-driver/pkg/mounter/mounter-rclone.go:309.16,311.3 1 0
github.com/IBM/ibm-object-csi-driver/pkg/mounter/mounter-rclone.go:312.2,313.12 2 1
github.com/IBM/ibm-object-csi-driver/pkg/mounter/mounter-rclone.go:316.152,336.22 3 1
github.com/IBM/ibm-object-csi-driver/pkg/mounter/mounter-rclone.go:336.22,341.3 3 1
github.com/IBM/ibm-object-csi-driver/pkg/mounter/mounter-rclone.go:342.2,342.22 1 1
github.com/IBM/ibm-object-csi-driver/pkg/mounter/mounter-rclone.go:342.22,347.3 3 1
github.com/IBM/ibm-object-csi-driver/pkg/mounter/mounter-rclone.go:348.2,348.8 1 1
github.com/IBM/ibm-object-csi-driver/pkg/mounter/mounter-rclone.go:351.56,354.47 2 1
github.com/IBM/ibm-object-csi-driver/pkg/mounter/mounter-rclone.go:354.47,356.17 2 1
github.com/IBM/ibm-object-csi-driver/pkg/mounter/mounter-rclone.go:356.17,357.26 1 1
github.com/IBM/ibm-object-csi-driver/pkg/mounter/mounter-rclone.go:357.26,360.5 2 1
github.com/IBM/ibm-object-csi-driver/pkg/mounter/mounter-rclone.go:361.4,363.12 3 1
github.com/IBM/ibm-object-csi-driver/pkg/mounter/mounter-rclone.go:365.3,366.17 2 1
github.com/IBM/ibm-object-csi-driver/pkg/mounter/mounter-rclone.go:366.17,369.12 3 1
github.com/IBM/ibm-object-csi-driver/pkg/mounter/mounter-rclone.go:371.3,372.9 2 1
github.com/IBM/ibm-object-csi-driver/pkg/mounter/mounter-rclone.go:374.2,374.104 1 1
github.com/IBM/ibm-object-csi-driver/pkg/mounter/mounter-s3fs.go:53.147,67.50 4 1
github.com/IBM/ibm-object-csi-driver/pkg/mounter/mounter-s3fs.go:67.50,69.3 1 1
github.com/IBM/ibm-object-csi-driver/pkg/mounter/mounter-s3fs.go:70.2,70.57 1 1
github.com/IBM/ibm-object-csi-driver/pkg/mounter/mounter-s3fs.go:70.57,72.3 1 1
github.com/IBM/ibm-object-csi-driver/pkg/mounter/mounter-s3fs.go:73.2,73.49 1 1
github.com/IBM/ibm-object-csi-driver/pkg/mounter/mounter-s3fs.go:73.49,75.3 1 1
github.com/IBM/ibm-object-csi-driver/pkg/mounter/mounter-s3fs.go:76.2,76.46 1 1
github.com/IBM/ibm-object-csi-driver/pkg/mounter/mounter-s3fs.go:76.46,78.3 1 1
github.com/IBM/ibm-object-csi-driver/pkg/mounter/mounter-s3fs.go:79.2,79.48 1 1
github.com/IBM/ibm-object-csi-driver/pkg/mounter/mounter-s3fs.go:79.48,81.3 1 1
github.com/IBM/ibm-object-csi-driver/pkg/mounter/mounter-s3fs.go:82.2,82.48 1 1
github.com/IBM/ibm-object-csi-driver/pkg/mounter/mounter-s3fs.go:82.48,84.3 1 1
github.com/IBM/ibm-object-csi-driver/pkg/mounter/mounter-s3fs.go:85.2,85.45 1 1
github.com/IBM/ibm-object-csi-driver/pkg/mounter/mounter-s3fs.go:85.45,87.3 1 1
github.com/IBM/ibm-object-csi-driver/pkg/mounter/mounter-s3fs.go:88.2,88.51 1 1
github.com/IBM/ibm-object-csi-driver/pkg/mounter/mounter-s3fs.go:88.51,90.3 1 1
github.com/IBM/ibm-object-csi-driver/pkg/mounter/mounter-s3fs.go:91.2,91.50 1 1
github.com/IBM/ibm-object-csi-driver/pkg/mounter/mounter-s3fs.go:91.50,93.3 1 1
github.com/IBM/ibm-object-csi-driver/pkg/mounter/mounter-s3fs.go:95.2,95.18 1 1
github.com/IBM/ibm-object-csi-driver/pkg/mounter/mounter-s3fs.go:95.18,98.3 2 1
github.com/IBM/ibm-object-csi-driver/pkg/mounter/mounter-s3fs.go:98.8,101.3 2 1
github.com/IBM/ibm-object-csi-driver/pkg/mounter/mounter-s3fs.go:103.2,111.16 5 1
github.com/IBM/ibm-object-csi-driver/pkg/mounter/mounter-s3fs.go:114.68,119.17 4 1
github.com/IBM/ibm-object-csi-driver/pkg/mounter/mounter-s3fs.go:119.17,121.3 1 1
github.com/IBM/ibm-object-csi-driver/pkg/mounter/mounter-s3fs.go:121.8,123.3 1 1
github.com/IBM/ibm-object-csi-driver/pkg/mounter/mounter-s3fs.go:125.2,131.54 5 1
github.com/IBM/ibm-object-csi-driver/pkg/mounter/mounter-s3fs.go:131.54,134.3 2 0
github.com/IBM/ibm-object-csi-driver/pkg/mounter/mounter-s3fs.go:136.2,136.16 1 1
github.com/IBM/ibm-object-csi-driver/pkg/mounter/mounter-s3fs.go:136.16,138.14 1 1
github.com/IBM/ibm-object-csi-driver/pkg/mounter/mounter-s3fs.go:138.14,141.4 2 1
github.com/IBM/ibm-object-csi-driver/pkg/mounter/mounter-s3fs.go:144.2,145.66 2 1
github.com/IBM/ibm-object-csi-driver/pkg/mounter/mounter-s3fs.go:145.66,148.3 2 1
github.com/IBM/ibm-object-csi-driver/pkg/mounter/mounter-s3fs.go:150.2,150.24 1 1
github.com/IBM/ibm-object-csi-driver/pkg/mounter/mounter-s3fs.go:150.24,152.3 1 1
github.com/IBM/ibm-object-csi-driver/pkg/mounter/mounter-s3fs.go:152.8,154.3 1 1
github.com/IBM/ibm-object-csi-driver/pkg/mounter/mounter-s3fs.go:156.2,158.17 2 1
github.com/IBM/ibm-object-csi-driver/pkg/mounter/mounter-s3fs.go:158.17,162.17 3 1
github.com/IBM/ibm-object-csi-driver/pkg/mounter/mounter-s3fs.go:162.17,165.4 2 0
github.com/IBM/ibm-object-csi-driver/pkg/mounter/mounter-s3fs.go:167.3,172.17 4 1
github.com/IBM/ibm-object-csi-driver/pkg/mounter/mounter-s3fs.go:172.17,175.4 2 1
github.com/IBM/ibm-object-csi-driver/pkg/mounter/mounter-s3fs.go:176.3,176.13 1 1
github.com/IBM/ibm-object-csi-driver/pkg/mounter/mounter-s3fs.go:178.2,179.66 2 1
github.com/IBM/ibm-object-csi-driver/pkg/mounter/mounter-s3fs.go:182.55,186.17 3 1
github.com/IBM/ibm-object-csi-driver/pkg/mounter/mounter-s3fs.go:186.17,192.17 4 1
github.com/IBM/ibm-object-csi-driver/pkg/mounter/mounter-s3fs.go:192.17,195.4 2 1
github.com/IBM/ibm-object-csi-driver/pkg/mounter/mounter-s3fs.go:197.3,198.13 2 1
github.com/IBM/ibm-object-csi-driver/pkg/mounter/mounter-s3fs.go:200.2,203.16 3 1
github.com/IBM/ibm-object-csi-driver/pkg/mounter/mounter-s3fs.go:203.16,205.3 1 1
github.com/IBM/ibm-object-csi-driver/pkg/mounter/mounter-s3fs.go:207.2,208.12 2 1
github.com/IBM/ibm-object-csi-driver/pkg/mounter/mounter-s3fs.go:211.125,215.37 2 1
github.com/IBM/ibm-object-csi-driver/pkg/mounter/mounter-s3fs.go:215.37,216.35 1 1
github.com/IBM/ibm-object-csi-driver/pkg/mounter/mounter-s3fs.go:216.35,217.12 1 1
github.com/IBM/ibm-object-csi-driver/pkg/mounter/mounter-s3fs.go:219.3,220.21 2 1
github.com/IBM/ibm-object-csi-driver/pkg/mounter/mounter-s3fs.go:220.21,222.4 1 1
github.com/IBM/ibm-object-csi-driver/pkg/mounter/mounter-s3fs.go:222.9,222.28 1 1
github.com/IBM/ibm-object-csi-driver/pkg/mounter/mounter-s3fs.go:222.28,224.4 1 1
github.com/IBM/ibm-object-csi-driver/pkg/mounter/mounter-s3fs.go:227.2,227.46 1 1
github.com/IBM/ibm-object-csi-driver/pkg/mounter/mounter-s3fs.go:227.46,229.3 1 1
github.com/IBM/ibm-object-csi-driver/pkg/mounter/mounter-s3fs.go:231.2,231.49 1 1
github.com/IBM/ibm-object-csi-driver/pkg/mounter/mounter-s3fs.go:231.49,233.3 1 1
github.com/IBM/ibm-object-csi-driver/pkg/mounter/mounter-s3fs.go:235.2,235.43 1 1
github.com/IBM/ibm-object-csi-driver/pkg/mounter/mounter-s3fs.go:235.43,237.3 1 1
github.com/IBM/ibm-object-csi-driver/pkg/mounter/mounter-s3fs.go:239.2,239.54 1 1
github.com/IBM/ibm-object-csi-driver/pkg/mounter/mounter-s3fs.go:239.54,241.3 1 1
github.com/IBM/ibm-object-csi-driver/pkg/mounter/mounter-s3fs.go:241.8,241.35 1 1
github.com/IBM/ibm-object-csi-driver/pkg/mounter/mounter-s3fs.go:241.35,243.3 1 1
github.com/IBM/ibm-object-csi-driver/pkg/mounter/mounter-s3fs.go:245.2,246.9 2 1
github.com/IBM/ibm-object-csi-driver/pkg/mounter/mounter-s3fs.go:246.9,248.3 1 1
github.com/IBM/ibm-object-csi-driver/pkg/mounter/mounter-s3fs.go:248.8,251.30 2 1
github.com/IBM/ibm-object-csi-driver/pkg/mounter/mounter-s3fs.go:251.30,252.37 1 1
github.com/IBM/ibm-object-csi-driver/pkg/mounter/mounter-s3fs.go:252.37,253.13 1 1
github.com/IBM/ibm-object-csi-driver/pkg/mounter/mounter-s3fs.go:255.4,256.22 2 1
github.com/IBM/ibm-object-csi-driver/pkg/mounter/mounter-s3fs.go:256.22,258.5 1 1
github.com/IBM/ibm-object-csi-driver/pkg/mounter/mounter-s3fs.go:258.10,258.29 1 1
github.com/IBM/ibm-object-csi-driver/pkg/mounter/mounter-s3fs.go:258.29,260.5 1 1
github.com/IBM/ibm-object-csi-driver/pkg/mounter/mounter-s3fs.go:260.10,262.5 1 1
github.com/IBM/ibm-object-csi-driver/pkg/mounter/mounter-s3fs.go:267.2,268.37 2 1
github.com/IBM/ibm-object-csi-driver/pkg/mounter/mounter-s3fs.go:268.37,272.17 3 1
github.com/IBM/ibm-object-csi-driver/pkg/mounter/mounter-s3fs.go:272.17,275.4 2 1
github.com/IBM/ibm-object-csi-driver/pkg/mounter/mounter-s3fs.go:277.3,277.45 1 1
github.com/IBM/ibm-object-csi-driver/pkg/mounter/mounter-s3fs.go:277.45,278.22 1 1
github.com/IBM/ibm-object-csi-driver/pkg/mounter/mounter-s3fs.go:278.22,280.5 1 1
github.com/IBM/ibm-object-csi-driver/pkg/mounter/mounter-s3fs.go:280.10,282.5 1 0
github.com/IBM/ibm-object-csi-driver/pkg/mounter/mounter-s3fs.go:285.3,285.50 1 1
github.com/IBM/ibm-object-csi-driver/pkg/mounter/mounter-s3fs.go:289.2,289.40 1 1
github.com/IBM/ibm-object-csi-driver/pkg/mounter/mounter-s3fs.go:289.40,290.18 1 1
github.com/IBM/ibm-object-csi-driver/pkg/mounter/mounter-s3fs.go:290.18,291.39 1 1
github.com/IBM/ibm-object-csi-driver/pkg/mounter/mounter-s3fs.go:291.39,294.5 2 1
github.com/IBM/ibm-object-csi-driver/pkg/mounter/mounter-s3fs.go:298.2,299.23 2 1
github.com/IBM/ibm-object-csi-driver/pkg/mounter/mounter-s3fs.go:302.139,323.30 3 1
github.com/IBM/ibm-object-csi-driver/pkg/mounter/mounter-s3fs.go:323.30,326.3 2 1
github.com/IBM/ibm-object-csi-driver/pkg/mounter/mounter-s3fs.go:328.2,328.40 1 1
github.com/IBM/ibm-object-csi-driver/pkg/mounter/mounter-s3fs.go:328.40,333.25 4 1
github.com/IBM/ibm-object-csi-driver/pkg/mounter/mounter-s3fs.go:333.25,335.4 1 1
github.com/IBM/ibm-object-csi-driver/pkg/mounter/mounter-s3fs.go:335.9,337.4 1 1
github.com/IBM/ibm-object-csi-driver/pkg/mounter/mounter-s3fs.go:340.2,340.29 1 1
github.com/IBM/ibm-object-csi-driver/pkg/mounter/mounter-s3fs.go:340.29,346.3 4 1
github.com/IBM/ibm-object-csi-driver/pkg/mounter/mounter-s3fs.go:346.8,349.3 2 1
github.com/IBM/ibm-object-csi-driver/pkg/mounter/mounter-s3fs.go:350.2,350.8 1 1
github.com/IBM/ibm-object-csi-driver/pkg/mounter/mounter-s3fs.go:353.49,356.47 2 1
github.com/IBM/ibm-object-csi-driver/pkg/mounter/mounter-s3fs.go:356.47,358.17 2 1
github.com/IBM/ibm-object-csi-driver/pkg/mounter/mounter-s3fs.go:358.17,359.26 1 1
github.com/IBM/ibm-object-csi-driver/pkg/mounter/mounter-s3fs.go:359.26,362.5 2 1
github.com/IBM/ibm-object-csi-driver/pkg/mounter/mounter-s3fs.go:363.4,365.12 3 1
github.com/IBM/ibm-object-csi-driver/pkg/mounter/mounter-s3fs.go:367.3,368.17 2 1
github.com/IBM/ibm-object-csi-driver/pkg/mounter/mounter-s3fs.go:368.17,371.12 3 1
github.com/IBM/ibm-object-csi-driver/pkg/mounter/mounter-s3fs.go:373.3,374.9 2 1
github.com/IBM/ibm-object-csi-driver/pkg/mounter/mounter-s3fs.go:376.2,376.97 1 1
github.com/IBM/ibm-object-csi-driver/pkg/mounter/mounter.go:44.48,46.2 1 0
github.com/IBM/ibm-object-csi-driver/pkg/mounter/mounter.go:48.156,53.22 4 1
github.com/IBM/ibm-object-csi-driver/pkg/mounter/mounter.go:53.22,55.3 1 0
github.com/IBM/ibm-object-csi-driver/pkg/mounter/mounter.go:56.2,56.23 1 1
github.com/IBM/ibm-object-csi-driver/pkg/mounter/mounter.go:56.23,58.3 1 0
github.com/IBM/ibm-object-csi-driver/pkg/mounter/mounter.go:61.2,61.43 1 1
github.com/IBM/ibm-object-csi-driver/pkg/mounter/mounter.go:61.43,63.3 1 1
github.com/IBM/ibm-object-csi-driver/pkg/mounter/mounter.go:63.8,65.47 1 1
github.com/IBM/ibm-object-csi-driver/pkg/mounter/mounter.go:65.47,67.4 1 0
github.com/IBM/ibm-object-csi-driver/pkg/mounter/mounter.go:70.2,72.17 2 1
github.com/IBM/ibm-object-csi-driver/pkg/mounter/mounter.go:73.22,74.75 1 1
github.com/IBM/ibm-object-csi-driver/pkg/mounter/mounter.go:75.24,76.63 1 1
github.com/IBM/ibm-object-csi-driver/pkg/mounter/mounter.go:77.10,79.75 1 1
github.com/IBM/ibm-object-csi-driver/pkg/mounter/mounter.go:83.43,84.16 1 1
github.com/IBM/ibm-object-csi-driver/pkg/mounter/mounter.go:84.16,86.3 1 0
github.com/IBM/ibm-object-csi-driver/pkg/mounter/mounter.go:87.2,88.16 2 1
github.com/IBM/ibm-object-csi-driver/pkg/mounter/mounter.go:88.16,90.3 1 0
github.com/IBM/ibm-object-csi-driver/pkg/mounter/mounter.go:90.8,90.31 1 1
github.com/IBM/ibm-object-csi-driver/pkg/mounter/mounter.go:90.31,92.3 1 1
github.com/IBM/ibm-object-csi-driver/pkg/mounter/mounter.go:92.8,92.32 1 0
github.com/IBM/ibm-object-csi-driver/pkg/mounter/mounter.go:92.32,94.3 1 0
github.com/IBM/ibm-object-csi-driver/pkg/mounter/mounter.go:95.2,95.19 1 0
github.com/IBM/ibm-object-csi-driver/pkg/mounter/mounter.go:98.37,99.16 1 0
github.com/IBM/ibm-object-csi-driver/pkg/mounter/mounter.go:99.16,101.3 1 0
github.com/IBM/ibm-object-csi-driver/pkg/mounter/mounter.go:102.2,103.26 2 0
github.com/IBM/ibm-object-csi-driver/pkg/mounter/mounter.go:104.21,105.27 1 0
github.com/IBM/ibm-object-csi-driver/pkg/mounter/mounter.go:106.21,107.27 1 0
github.com/IBM/ibm-object-csi-driver/pkg/mounter/mounter.go:108.24,109.27 1 0
github.com/IBM/ibm-object-csi-driver/pkg/mounter/mounter.go:111.2,111.81 1 0
github.com/IBM/ibm-object-csi-driver/pkg/mounter/mounter.go:114.63,116.16 2 0
github.com/IBM/ibm-object-csi-driver/pkg/mounter/mounter.go:116.16,118.3 1 0
github.com/IBM/ibm-object-csi-driver/pkg/mounter/mounter.go:119.2,120.16 2 0
github.com/IBM/ibm-object-csi-driver/pkg/mounter/mounter.go:120.16,122.3 1 0
github.com/IBM/ibm-object-csi-driver/pkg/mounter/mounter.go:123.2,124.16 2 0
github.com/IBM/ibm-object-csi-driver/pkg/mounter/mounter.go:124.16,126.3 1 0
github.com/IBM/ibm-object-csi-driver/pkg/mounter/mounter.go:127.2,127.12 1 0
github.com/IBM/ibm-object-csi-driver/pkg/mounter/mounter.go:130.67,133.22 2 0
github.com/IBM/ibm-object-csi-driver/pkg/mounter/mounter.go:133.22,135.3 1 0
github.com/IBM/ibm-object-csi-driver/pkg/mounter/mounter.go:136.2,139.16 3 0
github.com/IBM/ibm-object-csi-driver/pkg/mounter/mounter.go:139.16,141.3 1 0
github.com/IBM/ibm-object-csi-driver/pkg/mounter/mounter.go:144.2,144.67 1 0
github.com/IBM/ibm-object-csi-driver/pkg/mounter/mounter.go:144.67,146.3 1 0
github.com/IBM/ibm-object-csi-driver/pkg/mounter/mounter.go:149.2,158.16 3 0
github.com/IBM/ibm-object-csi-driver/pkg/mounter/mounter.go:158.16,160.3 1 0
github.com/IBM/ibm-object-csi-driver/pkg/mounter/mounter.go:161.2,163.16 3 0
github.com/IBM/ibm-object-csi-driver/pkg/mounter/mounter.go:163.16,165.3 1 0
github.com/IBM/ibm-object-csi-driver/pkg/mounter/mounter.go:167.2,167.15 1 0
github.com/IBM/ibm-object-csi-driver/pkg/mounter/mounter.go:167.15,168.47 1 0
github.com/IBM/ibm-object-csi-driver/pkg/mounter/mounter.go:168.47,170.4 1 0
github.com/IBM/ibm-object-csi-driver/pkg/mounter/mounter.go:173.2,174.16 2 0
github.com/IBM/ibm-object-csi-driver/pkg/mounter/mounter.go:174.16,176.3 1 0
github.com/IBM/ibm-object-csi-driver/pkg/mounter/mounter.go:178.2,181.42 3 0
github.com/IBM/ibm-object-csi-driver/pkg/mounter/mounter.go:181.42,183.3 1 0
github.com/IBM/ibm-object-csi-driver/pkg/mounter/mounter.go:184.2,184.12 1 0
github.com/IBM/ibm-object-csi-driver/pkg/mounter/mounter.go:188.57,190.14 2 0
github.com/IBM/ibm-object-csi-driver/pkg/mounter/mounter.go:191.29,192.53 1 0
github.com/IBM/ibm-object-csi-driver/pkg/mounter/mounter.go:193.27,194.46 1 0
github.com/IBM/ibm-object-csi-driver/pkg/mounter/mounter.go:195.27,196.51 1 0
github.com/IBM/ibm-object-csi-driver/pkg/mounter/mounter.go:197.28,198.54 1 0
github.com/IBM/ibm-object-csi-driver/pkg/mounter/mounter.go:199.34,200.55 1 0
github.com/IBM/ibm-object-csi-driver/pkg/mounter/mounter.go:201.33,202.51 1 0
github.com/IBM/ibm-object-csi-driver/pkg/mounter/mounter.go:203.38,204.46 1 0
github.com/IBM/ibm-object-csi-driver/pkg/mounter/mounter.go:205.37,206.49 1 0
github.com/IBM/ibm-object-csi-driver/pkg/mounter/mounter.go:207.31,208.53 1 0
github.com/IBM/ibm-object-csi-driver/pkg/mounter/mounter.go:209.10,210.45 1 0
github.com/IBM/ibm-object-csi-driver/pkg/mounter/mounter.go:215.53,217.16 2 0
github.com/IBM/ibm-object-csi-driver/pkg/mounter/mounter.go:217.16,219.3 1 0
github.com/IBM/ibm-object-csi-driver/pkg/mounter/mounter.go:220.2,221.16 2 0
github.com/IBM/ibm-object-csi-driver/pkg/mounter/mounter.go:221.16,223.3 1 0
github.com/IBM/ibm-object-csi-driver/pkg/mounter/mounter.go:224.2,224.12 1 0
github.com/IBM/ibm-object-csi-driver/pkg/mounter/mounter.go:230.51,233.16 3 0
github.com/IBM/ibm-object-csi-driver/pkg/mounter/mounter.go:233.16,236.3 2 0
github.com/IBM/ibm-object-csi-driver/pkg/mounter/mounter.go:237.2,238.13 2 0
github.com/IBM/ibm-object-csi-driver/pkg/mounter/mounter.go:238.13,240.3 1 0
github.com/IBM/ibm-object-csi-driver/pkg/mounter/mounter.go:241.2,241.12 1 0
