mode: set
github.com/IBM/ibm-object-csi-driver/pkg/mounter/utils/mounter_utils.go:27.86,33.16 5 0
github.com/IBM/ibm-object-csi-driver/pkg/mounter/utils/mounter_utils.go:33.16,36.3 2 0
github.com/IBM/ibm-object-csi-driver/pkg/mounter/utils/mounter_utils.go:37.2,38.16 2 0
github.com/IBM/ibm-object-csi-driver/pkg/mounter/utils/mounter_utils.go:38.16,42.3 2 0
github.com/IBM/ibm-object-csi-driver/pkg/mounter/utils/mounter_utils.go:44.2,44.43 1 0
github.com/IBM/ibm-object-csi-driver/pkg/mounter/utils/mounter_utils.go:47.60,51.37 3 0
github.com/IBM/ibm-object-csi-driver/pkg/mounter/utils/mounter_utils.go:51.37,54.41 3 0
github.com/IBM/ibm-object-csi-driver/pkg/mounter/utils/mounter_utils.go:54.41,58.18 3 0
github.com/IBM/ibm-object-csi-driver/pkg/mounter/utils/mounter_utils.go:58.18,61.5 2 0
github.com/IBM/ibm-object-csi-driver/pkg/mounter/utils/mounter_utils.go:65.2,66.16 2 0
github.com/IBM/ibm-object-csi-driver/pkg/mounter/utils/mounter_utils.go:66.16,69.3 2 0
github.com/IBM/ibm-object-csi-driver/pkg/mounter/utils/mounter_utils.go:70.2,70.20 1 0
github.com/IBM/ibm-object-csi-driver/pkg/mounter/utils/mounter_utils.go:70.20,73.3 2 0
github.com/IBM/ibm-object-csi-driver/pkg/mounter/utils/mounter_utils.go:74.2,75.35 2 0
github.com/IBM/ibm-object-csi-driver/pkg/mounter/utils/mounter_utils.go:78.50,83.16 4 0
github.com/IBM/ibm-object-csi-driver/pkg/mounter/utils/mounter_utils.go:83.16,84.71 1 0
github.com/IBM/ibm-object-csi-driver/pkg/mounter/utils/mounter_utils.go:84.71,86.4 1 0
github.com/IBM/ibm-object-csi-driver/pkg/mounter/utils/mounter_utils.go:87.3,87.20 1 0
github.com/IBM/ibm-object-csi-driver/pkg/mounter/utils/mounter_utils.go:90.2,90.50 1 0
github.com/IBM/ibm-object-csi-driver/pkg/mounter/utils/mounter_utils.go:90.50,93.3 2 0
github.com/IBM/ibm-object-csi-driver/pkg/mounter/utils/mounter_utils.go:93.8,93.61 1 0
github.com/IBM/ibm-object-csi-driver/pkg/mounter/utils/mounter_utils.go:93.61,96.3 2 0
github.com/IBM/ibm-object-csi-driver/pkg/mounter/utils/mounter_utils.go:97.2,98.72 2 0
github.com/IBM/ibm-object-csi-driver/pkg/mounter/utils/mounter_utils.go:101.61,104.6 3 0
github.com/IBM/ibm-object-csi-driver/pkg/mounter/utils/mounter_utils.go:104.6,107.17 3 0
github.com/IBM/ibm-object-csi-driver/pkg/mounter/utils/mounter_utils.go:107.17,109.4 1 0
github.com/IBM/ibm-object-csi-driver/pkg/mounter/utils/mounter_utils.go:110.3,110.51 1 0
github.com/IBM/ibm-object-csi-driver/pkg/mounter/utils/mounter_utils.go:110.51,113.4 2 0
github.com/IBM/ibm-object-csi-driver/pkg/mounter/utils/mounter_utils.go:115.3,117.25 3 0
github.com/IBM/ibm-object-csi-driver/pkg/mounter/utils/mounter_utils.go:117.25,119.4 1 0
github.com/IBM/ibm-object-csi-driver/pkg/mounter/utils/mounter_utils.go:123.61,125.16 2 0
github.com/IBM/ibm-object-csi-driver/pkg/mounter/utils/mounter_utils.go:125.16,127.3 1 0
github.com/IBM/ibm-object-csi-driver/pkg/mounter/utils/mounter_utils.go:128.2,128.30 1 0
github.com/IBM/ibm-object-csi-driver/pkg/mounter/utils/mounter_utils.go:128.30,130.17 2 0
github.com/IBM/ibm-object-csi-driver/pkg/mounter/utils/mounter_utils.go:130.17,132.12 2 0
github.com/IBM/ibm-object-csi-driver/pkg/mounter/utils/mounter_utils.go:134.3,134.38 1 0
github.com/IBM/ibm-object-csi-driver/pkg/mounter/utils/mounter_utils.go:134.38,137.4 2 0
github.com/IBM/ibm-object-csi-driver/pkg/mounter/utils/mounter_utils.go:139.2,139.17 1 0
github.com/IBM/ibm-object-csi-driver/pkg/mounter/utils/mounter_utils.go:142.42,145.16 3 0
github.com/IBM/ibm-object-csi-driver/pkg/mounter/utils/mounter_utils.go:145.16,147.3 1 0
github.com/IBM/ibm-object-csi-driver/pkg/mounter/utils/mounter_utils.go:148.2,148.29 1 0
github.com/IBM/ibm-object-csi-driver/pkg/mounter/utils/mounter_utils.go:151.55,152.19 1 0
github.com/IBM/ibm-object-csi-driver/pkg/mounter/utils/mounter_utils.go:152.19,154.3 1 0
github.com/IBM/ibm-object-csi-driver/pkg/mounter/utils/mounter_utils.go:155.2,156.16 2 0
github.com/IBM/ibm-object-csi-driver/pkg/mounter/utils/mounter_utils.go:156.16,159.3 2 0
github.com/IBM/ibm-object-csi-driver/pkg/mounter/utils/mounter_utils.go:160.2,160.19 1 0
github.com/IBM/ibm-object-csi-driver/pkg/mounter/utils/mounter_utils.go:160.19,166.3 2 0
github.com/IBM/ibm-object-csi-driver/pkg/mounter/utils/mounter_utils.go:167.2,167.52 1 0
github.com/IBM/ibm-object-csi-driver/pkg/mounter/utils/mounter_utils.go:167.52,170.3 2 0
github.com/IBM/ibm-object-csi-driver/pkg/mounter/utils/mounter_utils.go:171.2,173.37 3 0
github.com/IBM/ibm-object-csi-driver/pkg/utils/driver_utils.go:33.77,35.16 2 0
github.com/IBM/ibm-object-csi-driver/pkg/utils/driver_utils.go:35.16,37.3 1 0
github.com/IBM/ibm-object-csi-driver/pkg/utils/driver_utils.go:39.2,40.16 2 0
github.com/IBM/ibm-object-csi-driver/pkg/utils/driver_utils.go:40.16,43.3 2 0
github.com/IBM/ibm-object-csi-driver/pkg/utils/driver_utils.go:45.2,46.66 2 0
github.com/IBM/ibm-object-csi-driver/pkg/utils/driver_utils.go:46.66,49.3 2 0
github.com/IBM/ibm-object-csi-driver/pkg/utils/driver_utils.go:51.2,52.16 2 0
github.com/IBM/ibm-object-csi-driver/pkg/utils/driver_utils.go:55.99,57.2 1 0
github.com/IBM/ibm-object-csi-driver/pkg/utils/driver_utils.go:59.73,63.16 4 0
github.com/IBM/ibm-object-csi-driver/pkg/utils/driver_utils.go:63.16,65.61 2 0
github.com/IBM/ibm-object-csi-driver/pkg/utils/driver_utils.go:65.61,66.55 1 0
github.com/IBM/ibm-object-csi-driver/pkg/utils/driver_utils.go:66.55,69.5 2 0
github.com/IBM/ibm-object-csi-driver/pkg/utils/driver_utils.go:70.4,70.17 1 0
github.com/IBM/ibm-object-csi-driver/pkg/utils/driver_utils.go:71.9,73.4 1 0
github.com/IBM/ibm-object-csi-driver/pkg/utils/driver_utils.go:75.2,75.20 1 0
github.com/IBM/ibm-object-csi-driver/pkg/utils/driver_utils.go:78.95,80.16 2 0
github.com/IBM/ibm-object-csi-driver/pkg/utils/driver_utils.go:80.16,82.3 1 0
github.com/IBM/ibm-object-csi-driver/pkg/utils/driver_utils.go:84.2,85.16 2 0
github.com/IBM/ibm-object-csi-driver/pkg/utils/driver_utils.go:85.16,87.3 1 0
github.com/IBM/ibm-object-csi-driver/pkg/utils/driver_utils.go:89.2,90.16 2 0
github.com/IBM/ibm-object-csi-driver/pkg/utils/driver_utils.go:90.16,92.3 1 0
github.com/IBM/ibm-object-csi-driver/pkg/utils/driver_utils.go:94.2,94.29 1 0
github.com/IBM/ibm-object-csi-driver/pkg/utils/driver_utils.go:97.55,100.16 2 0
github.com/IBM/ibm-object-csi-driver/pkg/utils/driver_utils.go:100.16,103.3 2 0
github.com/IBM/ibm-object-csi-driver/pkg/utils/driver_utils.go:106.2,107.16 2 0
github.com/IBM/ibm-object-csi-driver/pkg/utils/driver_utils.go:107.16,110.3 2 0
github.com/IBM/ibm-object-csi-driver/pkg/utils/driver_utils.go:112.2,112.23 1 0
github.com/IBM/ibm-object-csi-driver/pkg/utils/driver_utils.go:115.107,117.16 2 0
github.com/IBM/ibm-object-csi-driver/pkg/utils/driver_utils.go:117.16,119.3 1 0
github.com/IBM/ibm-object-csi-driver/pkg/utils/driver_utils.go:120.2,123.16 3 0
github.com/IBM/ibm-object-csi-driver/pkg/utils/driver_utils.go:123.16,125.3 1 0
github.com/IBM/ibm-object-csi-driver/pkg/utils/driver_utils.go:127.2,127.19 1 0
github.com/IBM/ibm-object-csi-driver/pkg/utils/driver_utils.go:127.19,129.3 1 0
github.com/IBM/ibm-object-csi-driver/pkg/utils/driver_utils.go:131.2,132.30 2 0
github.com/IBM/ibm-object-csi-driver/pkg/utils/driver_utils.go:135.118,137.16 2 0
github.com/IBM/ibm-object-csi-driver/pkg/utils/driver_utils.go:137.16,139.3 1 0
github.com/IBM/ibm-object-csi-driver/pkg/utils/driver_utils.go:141.2,142.19 2 0
github.com/IBM/ibm-object-csi-driver/pkg/utils/driver_utils.go:142.19,144.3 1 0
github.com/IBM/ibm-object-csi-driver/pkg/utils/driver_utils.go:146.2,147.24 2 0
github.com/IBM/ibm-object-csi-driver/pkg/utils/driver_utils.go:147.24,149.3 1 0
github.com/IBM/ibm-object-csi-driver/pkg/utils/driver_utils.go:151.2,153.45 2 0
github.com/IBM/ibm-object-csi-driver/pkg/utils/driver_utils.go:156.62,159.2 2 0
github.com/IBM/ibm-object-csi-driver/pkg/utils/driver_utils.go:161.55,177.16 8 0
github.com/IBM/ibm-object-csi-driver/pkg/utils/driver_utils.go:177.16,180.3 2 0
github.com/IBM/ibm-object-csi-driver/pkg/utils/driver_utils.go:183.2,191.16 4 0
github.com/IBM/ibm-object-csi-driver/pkg/utils/driver_utils.go:191.16,194.3 2 0
github.com/IBM/ibm-object-csi-driver/pkg/utils/driver_utils.go:197.2,198.37 2 0
github.com/IBM/ibm-object-csi-driver/pkg/utils/driver_utils.go:198.37,200.3 1 0
github.com/IBM/ibm-object-csi-driver/pkg/utils/driver_utils.go:202.2,202.19 1 0
github.com/IBM/ibm-object-csi-driver/pkg/mounter/mounter-rclone.go:53.125,67.50 4 0
github.com/IBM/ibm-object-csi-driver/pkg/mounter/mounter-rclone.go:67.50,69.3 1 0
github.com/IBM/ibm-object-csi-driver/pkg/mounter/mounter-rclone.go:70.2,70.57 1 0
github.com/IBM/ibm-object-csi-driver/pkg/mounter/mounter-rclone.go:70.57,72.3 1 0
github.com/IBM/ibm-object-csi-driver/pkg/mounter/mounter-rclone.go:73.2,73.49 1 0
github.com/IBM/ibm-object-csi-driver/pkg/mounter/mounter-rclone.go:73.49,75.3 1 0
github.com/IBM/ibm-object-csi-driver/pkg/mounter/mounter-rclone.go:76.2,76.46 1 0
github.com/IBM/ibm-object-csi-driver/pkg/mounter/mounter-rclone.go:76.46,78.3 1 0
github.com/IBM/ibm-object-csi-driver/pkg/mounter/mounter-rclone.go:79.2,79.48 1 0
github.com/IBM/ibm-object-csi-driver/pkg/mounter/mounter-rclone.go:79.48,81.3 1 0
github.com/IBM/ibm-object-csi-driver/pkg/mounter/mounter-rclone.go:82.2,82.48 1 0
github.com/IBM/ibm-object-csi-driver/pkg/mounter/mounter-rclone.go:82.48,84.3 1 0
github.com/IBM/ibm-object-csi-driver/pkg/mounter/mounter-rclone.go:85.2,85.51 1 0
github.com/IBM/ibm-object-csi-driver/pkg/mounter/mounter-rclone.go:85.51,87.3 1 0
github.com/IBM/ibm-object-csi-driver/pkg/mounter/mounter-rclone.go:88.2,88.45 1 0
github.com/IBM/ibm-object-csi-driver/pkg/mounter/mounter-rclone.go:88.45,90.3 1 0
github.com/IBM/ibm-object-csi-driver/pkg/mounter/mounter-rclone.go:91.2,91.18 1 0
github.com/IBM/ibm-object-csi-driver/pkg/mounter/mounter-rclone.go:91.18,94.3 2 0
github.com/IBM/ibm-object-csi-driver/pkg/mounter/mounter-rclone.go:94.8,97.3 2 0
github.com/IBM/ibm-object-csi-driver/pkg/mounter/mounter-rclone.go:99.2,99.42 1 0
github.com/IBM/ibm-object-csi-driver/pkg/mounter/mounter-rclone.go:99.42,101.3 1 0
github.com/IBM/ibm-object-csi-driver/pkg/mounter/mounter-rclone.go:102.2,102.54 1 0
github.com/IBM/ibm-object-csi-driver/pkg/mounter/mounter-rclone.go:102.54,104.3 1 0
github.com/IBM/ibm-object-csi-driver/pkg/mounter/mounter-rclone.go:104.8,104.35 1 0
github.com/IBM/ibm-object-csi-driver/pkg/mounter/mounter-rclone.go:104.35,106.3 1 0
github.com/IBM/ibm-object-csi-driver/pkg/mounter/mounter-rclone.go:108.2,113.16 3 0
github.com/IBM/ibm-object-csi-driver/pkg/mounter/mounter-rclone.go:113.16,115.3 1 0
github.com/IBM/ibm-object-csi-driver/pkg/mounter/mounter-rclone.go:116.2,120.21 3 0
github.com/IBM/ibm-object-csi-driver/pkg/mounter/mounter-rclone.go:123.102,127.40 2 0
github.com/IBM/ibm-object-csi-driver/pkg/mounter/mounter-rclone.go:127.40,129.21 2 0
github.com/IBM/ibm-object-csi-driver/pkg/mounter/mounter-rclone.go:129.21,131.4 1 0
github.com/IBM/ibm-object-csi-driver/pkg/mounter/mounter-rclone.go:134.2,136.9 2 0
github.com/IBM/ibm-object-csi-driver/pkg/mounter/mounter-rclone.go:136.9,139.3 2 0
github.com/IBM/ibm-object-csi-driver/pkg/mounter/mounter-rclone.go:141.2,144.29 2 0
github.com/IBM/ibm-object-csi-driver/pkg/mounter/mounter-rclone.go:144.29,145.36 1 0
github.com/IBM/ibm-object-csi-driver/pkg/mounter/mounter-rclone.go:145.36,146.12 1 0
github.com/IBM/ibm-object-csi-driver/pkg/mounter/mounter-rclone.go:148.3,149.21 2 0
github.com/IBM/ibm-object-csi-driver/pkg/mounter/mounter-rclone.go:149.21,151.12 2 0
github.com/IBM/ibm-object-csi-driver/pkg/mounter/mounter-rclone.go:153.3,153.72 1 0
github.com/IBM/ibm-object-csi-driver/pkg/mounter/mounter-rclone.go:157.2,158.33 2 0
github.com/IBM/ibm-object-csi-driver/pkg/mounter/mounter-rclone.go:158.33,161.3 2 0
github.com/IBM/ibm-object-csi-driver/pkg/mounter/mounter-rclone.go:163.2,165.28 2 0
github.com/IBM/ibm-object-csi-driver/pkg/mounter/mounter-rclone.go:168.72,176.54 7 0
github.com/IBM/ibm-object-csi-driver/pkg/mounter/mounter-rclone.go:176.54,179.3 2 0
github.com/IBM/ibm-object-csi-driver/pkg/mounter/mounter-rclone.go:181.2,181.16 1 0
github.com/IBM/ibm-object-csi-driver/pkg/mounter/mounter-rclone.go:181.16,183.14 1 0
github.com/IBM/ibm-object-csi-driver/pkg/mounter/mounter-rclone.go:183.14,186.4 2 0
github.com/IBM/ibm-object-csi-driver/pkg/mounter/mounter-rclone.go:189.2,190.64 2 0
github.com/IBM/ibm-object-csi-driver/pkg/mounter/mounter-rclone.go:190.64,193.3 2 0
github.com/IBM/ibm-object-csi-driver/pkg/mounter/mounter-rclone.go:195.2,195.26 1 0
github.com/IBM/ibm-object-csi-driver/pkg/mounter/mounter-rclone.go:195.26,197.3 1 0
github.com/IBM/ibm-object-csi-driver/pkg/mounter/mounter-rclone.go:197.8,199.3 1 0
github.com/IBM/ibm-object-csi-driver/pkg/mounter/mounter-rclone.go:201.2,210.22 2 0
github.com/IBM/ibm-object-csi-driver/pkg/mounter/mounter-rclone.go:210.22,213.3 2 0
github.com/IBM/ibm-object-csi-driver/pkg/mounter/mounter-rclone.go:214.2,214.22 1 0
github.com/IBM/ibm-object-csi-driver/pkg/mounter/mounter-rclone.go:214.22,217.3 2 0
github.com/IBM/ibm-object-csi-driver/pkg/mounter/mounter-rclone.go:218.2,218.70 1 0
github.com/IBM/ibm-object-csi-driver/pkg/mounter/mounter-rclone.go:221.59,225.16 4 0
github.com/IBM/ibm-object-csi-driver/pkg/mounter/mounter-rclone.go:225.16,227.3 1 0
github.com/IBM/ibm-object-csi-driver/pkg/mounter/mounter-rclone.go:228.2,228.48 1 0
github.com/IBM/ibm-object-csi-driver/pkg/mounter/mounter-rclone.go:231.77,235.20 4 0
github.com/IBM/ibm-object-csi-driver/pkg/mounter/mounter-rclone.go:235.20,238.3 2 0
github.com/IBM/ibm-object-csi-driver/pkg/mounter/mounter-rclone.go:239.2,253.13 3 0
github.com/IBM/ibm-object-csi-driver/pkg/mounter/mounter-rclone.go:253.13,256.3 2 0
github.com/IBM/ibm-object-csi-driver/pkg/mounter/mounter-rclone.go:258.2,260.16 3 0
github.com/IBM/ibm-object-csi-driver/pkg/mounter/mounter-rclone.go:260.16,263.3 2 0
github.com/IBM/ibm-object-csi-driver/pkg/mounter/mounter-rclone.go:264.2,264.15 1 0
github.com/IBM/ibm-object-csi-driver/pkg/mounter/mounter-rclone.go:264.15,265.37 1 0
github.com/IBM/ibm-object-csi-driver/pkg/mounter/mounter-rclone.go:265.37,267.4 1 0
github.com/IBM/ibm-object-csi-driver/pkg/mounter/mounter-rclone.go:270.2,271.16 2 0
github.com/IBM/ibm-object-csi-driver/pkg/mounter/mounter-rclone.go:271.16,274.3 2 0
github.com/IBM/ibm-object-csi-driver/pkg/mounter/mounter-rclone.go:276.2,278.36 3 0
github.com/IBM/ibm-object-csi-driver/pkg/mounter/mounter-rclone.go:278.36,280.17 2 0
github.com/IBM/ibm-object-csi-driver/pkg/mounter/mounter-rclone.go:280.17,283.4 2 0
github.com/IBM/ibm-object-csi-driver/pkg/mounter/mounter-rclone.go:285.2,286.16 2 0
github.com/IBM/ibm-object-csi-driver/pkg/mounter/mounter-rclone.go:286.16,288.3 1 0
github.com/IBM/ibm-object-csi-driver/pkg/mounter/mounter-rclone.go:289.2,290.12 2 0
github.com/IBM/ibm-object-csi-driver/pkg/mounter/mounter-s3fs.go:45.123,59.50 4 1
github.com/IBM/ibm-object-csi-driver/pkg/mounter/mounter-s3fs.go:59.50,61.3 1 1
github.com/IBM/ibm-object-csi-driver/pkg/mounter/mounter-s3fs.go:62.2,62.57 1 1
github.com/IBM/ibm-object-csi-driver/pkg/mounter/mounter-s3fs.go:62.57,64.3 1 1
github.com/IBM/ibm-object-csi-driver/pkg/mounter/mounter-s3fs.go:65.2,65.49 1 1
github.com/IBM/ibm-object-csi-driver/pkg/mounter/mounter-s3fs.go:65.49,67.3 1 1
github.com/IBM/ibm-object-csi-driver/pkg/mounter/mounter-s3fs.go:68.2,68.46 1 1
github.com/IBM/ibm-object-csi-driver/pkg/mounter/mounter-s3fs.go:68.46,70.3 1 1
github.com/IBM/ibm-object-csi-driver/pkg/mounter/mounter-s3fs.go:71.2,71.48 1 1
github.com/IBM/ibm-object-csi-driver/pkg/mounter/mounter-s3fs.go:71.48,73.3 1 1
github.com/IBM/ibm-object-csi-driver/pkg/mounter/mounter-s3fs.go:74.2,74.48 1 1
github.com/IBM/ibm-object-csi-driver/pkg/mounter/mounter-s3fs.go:74.48,76.3 1 1
github.com/IBM/ibm-object-csi-driver/pkg/mounter/mounter-s3fs.go:77.2,77.45 1 1
github.com/IBM/ibm-object-csi-driver/pkg/mounter/mounter-s3fs.go:77.45,79.3 1 1
github.com/IBM/ibm-object-csi-driver/pkg/mounter/mounter-s3fs.go:80.2,80.51 1 1
github.com/IBM/ibm-object-csi-driver/pkg/mounter/mounter-s3fs.go:80.51,82.3 1 1
github.com/IBM/ibm-object-csi-driver/pkg/mounter/mounter-s3fs.go:84.2,84.18 1 1
github.com/IBM/ibm-object-csi-driver/pkg/mounter/mounter-s3fs.go:84.18,87.3 2 1
github.com/IBM/ibm-object-csi-driver/pkg/mounter/mounter-s3fs.go:87.8,90.3 2 1
github.com/IBM/ibm-object-csi-driver/pkg/mounter/mounter-s3fs.go:92.2,96.16 3 1
github.com/IBM/ibm-object-csi-driver/pkg/mounter/mounter-s3fs.go:96.16,98.3 1 0
github.com/IBM/ibm-object-csi-driver/pkg/mounter/mounter-s3fs.go:99.2,103.21 3 1
github.com/IBM/ibm-object-csi-driver/pkg/mounter/mounter-s3fs.go:106.68,115.54 7 1
github.com/IBM/ibm-object-csi-driver/pkg/mounter/mounter-s3fs.go:115.54,118.3 2 0
github.com/IBM/ibm-object-csi-driver/pkg/mounter/mounter-s3fs.go:120.2,120.16 1 1
github.com/IBM/ibm-object-csi-driver/pkg/mounter/mounter-s3fs.go:120.16,123.14 1 1
github.com/IBM/ibm-object-csi-driver/pkg/mounter/mounter-s3fs.go:123.14,126.4 2 1
github.com/IBM/ibm-object-csi-driver/pkg/mounter/mounter-s3fs.go:129.2,130.66 2 1
github.com/IBM/ibm-object-csi-driver/pkg/mounter/mounter-s3fs.go:130.66,133.3 2 1
github.com/IBM/ibm-object-csi-driver/pkg/mounter/mounter-s3fs.go:135.2,135.24 1 1
github.com/IBM/ibm-object-csi-driver/pkg/mounter/mounter-s3fs.go:135.24,137.3 1 1
github.com/IBM/ibm-object-csi-driver/pkg/mounter/mounter-s3fs.go:137.8,139.3 1 1
github.com/IBM/ibm-object-csi-driver/pkg/mounter/mounter-s3fs.go:141.2,153.40 2 1
github.com/IBM/ibm-object-csi-driver/pkg/mounter/mounter-s3fs.go:153.40,156.3 2 1
github.com/IBM/ibm-object-csi-driver/pkg/mounter/mounter-s3fs.go:158.2,158.29 1 1
github.com/IBM/ibm-object-csi-driver/pkg/mounter/mounter-s3fs.go:158.29,161.3 2 1
github.com/IBM/ibm-object-csi-driver/pkg/mounter/mounter-s3fs.go:161.8,163.3 1 1
github.com/IBM/ibm-object-csi-driver/pkg/mounter/mounter-s3fs.go:164.2,164.66 1 1
github.com/IBM/ibm-object-csi-driver/pkg/mounter/mounter-s3fs.go:170.58,172.2 1 1
github.com/IBM/ibm-object-csi-driver/pkg/mounter/mounter-s3fs.go:177.73,179.2 1 1
github.com/IBM/ibm-object-csi-driver/pkg/mounter/mounter-s3fs.go:181.55,185.16 4 1
github.com/IBM/ibm-object-csi-driver/pkg/mounter/mounter-s3fs.go:185.16,187.3 1 0
github.com/IBM/ibm-object-csi-driver/pkg/mounter/mounter-s3fs.go:189.2,189.46 1 1
github.com/IBM/ibm-object-csi-driver/pkg/mounter/mounter-s3fs.go:192.101,196.37 2 1
github.com/IBM/ibm-object-csi-driver/pkg/mounter/mounter-s3fs.go:196.37,197.35 1 1
github.com/IBM/ibm-object-csi-driver/pkg/mounter/mounter-s3fs.go:197.35,198.12 1 0
github.com/IBM/ibm-object-csi-driver/pkg/mounter/mounter-s3fs.go:200.3,201.21 2 1
github.com/IBM/ibm-object-csi-driver/pkg/mounter/mounter-s3fs.go:201.21,203.4 1 1
github.com/IBM/ibm-object-csi-driver/pkg/mounter/mounter-s3fs.go:203.9,203.28 1 1
github.com/IBM/ibm-object-csi-driver/pkg/mounter/mounter-s3fs.go:203.28,205.4 1 1
github.com/IBM/ibm-object-csi-driver/pkg/mounter/mounter-s3fs.go:208.2,208.46 1 1
github.com/IBM/ibm-object-csi-driver/pkg/mounter/mounter-s3fs.go:208.46,210.3 1 1
github.com/IBM/ibm-object-csi-driver/pkg/mounter/mounter-s3fs.go:212.2,212.49 1 1
github.com/IBM/ibm-object-csi-driver/pkg/mounter/mounter-s3fs.go:212.49,214.3 1 1
github.com/IBM/ibm-object-csi-driver/pkg/mounter/mounter-s3fs.go:216.2,216.43 1 1
github.com/IBM/ibm-object-csi-driver/pkg/mounter/mounter-s3fs.go:216.43,218.3 1 1
github.com/IBM/ibm-object-csi-driver/pkg/mounter/mounter-s3fs.go:220.2,220.54 1 1
github.com/IBM/ibm-object-csi-driver/pkg/mounter/mounter-s3fs.go:220.54,222.3 1 1
github.com/IBM/ibm-object-csi-driver/pkg/mounter/mounter-s3fs.go:222.8,222.35 1 1
github.com/IBM/ibm-object-csi-driver/pkg/mounter/mounter-s3fs.go:222.35,224.3 1 1
github.com/IBM/ibm-object-csi-driver/pkg/mounter/mounter-s3fs.go:226.2,227.9 2 1
github.com/IBM/ibm-object-csi-driver/pkg/mounter/mounter-s3fs.go:227.9,229.3 1 1
github.com/IBM/ibm-object-csi-driver/pkg/mounter/mounter-s3fs.go:229.8,232.30 2 1
github.com/IBM/ibm-object-csi-driver/pkg/mounter/mounter-s3fs.go:232.30,233.37 1 1
github.com/IBM/ibm-object-csi-driver/pkg/mounter/mounter-s3fs.go:233.37,234.13 1 1
github.com/IBM/ibm-object-csi-driver/pkg/mounter/mounter-s3fs.go:236.4,237.22 2 1
github.com/IBM/ibm-object-csi-driver/pkg/mounter/mounter-s3fs.go:237.22,239.5 1 1
github.com/IBM/ibm-object-csi-driver/pkg/mounter/mounter-s3fs.go:239.10,239.29 1 1
github.com/IBM/ibm-object-csi-driver/pkg/mounter/mounter-s3fs.go:239.29,241.5 1 1
github.com/IBM/ibm-object-csi-driver/pkg/mounter/mounter-s3fs.go:241.10,243.5 1 1
github.com/IBM/ibm-object-csi-driver/pkg/mounter/mounter-s3fs.go:248.2,249.37 2 1
github.com/IBM/ibm-object-csi-driver/pkg/mounter/mounter-s3fs.go:249.37,253.17 3 1
github.com/IBM/ibm-object-csi-driver/pkg/mounter/mounter-s3fs.go:253.17,256.4 2 1
github.com/IBM/ibm-object-csi-driver/pkg/mounter/mounter-s3fs.go:258.3,258.45 1 1
github.com/IBM/ibm-object-csi-driver/pkg/mounter/mounter-s3fs.go:258.45,259.22 1 1
github.com/IBM/ibm-object-csi-driver/pkg/mounter/mounter-s3fs.go:259.22,261.5 1 1
github.com/IBM/ibm-object-csi-driver/pkg/mounter/mounter-s3fs.go:261.10,263.5 1 0
github.com/IBM/ibm-object-csi-driver/pkg/mounter/mounter-s3fs.go:266.3,267.57 2 1
github.com/IBM/ibm-object-csi-driver/pkg/mounter/mounter-s3fs.go:270.2,271.28 2 1
github.com/IBM/ibm-object-csi-driver/pkg/mounter/mounter.go:24.50,26.2 1 0
github.com/IBM/ibm-object-csi-driver/pkg/mounter/mounter.go:29.134,35.43 4 0
github.com/IBM/ibm-object-csi-driver/pkg/mounter/mounter.go:35.43,37.3 1 0
github.com/IBM/ibm-object-csi-driver/pkg/mounter/mounter.go:37.8,39.47 1 0
github.com/IBM/ibm-object-csi-driver/pkg/mounter/mounter.go:39.47,41.4 1 0
github.com/IBM/ibm-object-csi-driver/pkg/mounter/mounter.go:44.2,46.17 2 0
github.com/IBM/ibm-object-csi-driver/pkg/mounter/mounter.go:47.22,48.61 1 0
github.com/IBM/ibm-object-csi-driver/pkg/mounter/mounter.go:49.24,50.63 1 0
github.com/IBM/ibm-object-csi-driver/pkg/mounter/mounter.go:51.10,53.61 1 0
github.com/IBM/ibm-object-csi-driver/pkg/mounter/mounter.go:57.43,58.16 1 1
github.com/IBM/ibm-object-csi-driver/pkg/mounter/mounter.go:58.16,60.3 1 0
github.com/IBM/ibm-object-csi-driver/pkg/mounter/mounter.go:61.2,62.16 2 1
github.com/IBM/ibm-object-csi-driver/pkg/mounter/mounter.go:62.16,64.3 1 0
github.com/IBM/ibm-object-csi-driver/pkg/mounter/mounter.go:64.8,64.31 1 1
github.com/IBM/ibm-object-csi-driver/pkg/mounter/mounter.go:64.31,66.3 1 1
github.com/IBM/ibm-object-csi-driver/pkg/mounter/mounter.go:66.8,66.32 1 0
github.com/IBM/ibm-object-csi-driver/pkg/mounter/mounter.go:66.32,68.3 1 0
github.com/IBM/ibm-object-csi-driver/pkg/mounter/mounter.go:69.2,69.19 1 0
github.com/IBM/ibm-object-csi-driver/pkg/mounter/mounter.go:72.37,73.16 1 0
github.com/IBM/ibm-object-csi-driver/pkg/mounter/mounter.go:73.16,75.3 1 0
github.com/IBM/ibm-object-csi-driver/pkg/mounter/mounter.go:76.2,77.26 2 0
github.com/IBM/ibm-object-csi-driver/pkg/mounter/mounter.go:78.21,79.27 1 0
github.com/IBM/ibm-object-csi-driver/pkg/mounter/mounter.go:80.21,81.27 1 0
github.com/IBM/ibm-object-csi-driver/pkg/mounter/mounter.go:82.24,83.27 1 0
github.com/IBM/ibm-object-csi-driver/pkg/mounter/mounter.go:85.2,85.81 1 0
github.com/IBM/ibm-object-csi-driver/pkg/mounter/mounter.go:88.63,90.16 2 0
github.com/IBM/ibm-object-csi-driver/pkg/mounter/mounter.go:90.16,92.3 1 0
github.com/IBM/ibm-object-csi-driver/pkg/mounter/mounter.go:93.2,94.16 2 0
github.com/IBM/ibm-object-csi-driver/pkg/mounter/mounter.go:94.16,96.3 1 0
github.com/IBM/ibm-object-csi-driver/pkg/mounter/mounter.go:97.2,98.16 2 0
github.com/IBM/ibm-object-csi-driver/pkg/mounter/mounter.go:98.16,100.3 1 0
github.com/IBM/ibm-object-csi-driver/pkg/mounter/mounter.go:101.2,101.12 1 0
github.com/IBM/ibm-object-csi-driver/pkg/mounter/utils/mounter_utils.go:27.86,33.16 5 0
github.com/IBM/ibm-object-csi-driver/pkg/mounter/utils/mounter_utils.go:33.16,36.3 2 0
github.com/IBM/ibm-object-csi-driver/pkg/mounter/utils/mounter_utils.go:37.2,38.16 2 0
github.com/IBM/ibm-object-csi-driver/pkg/mounter/utils/mounter_utils.go:38.16,42.3 2 0
github.com/IBM/ibm-object-csi-driver/pkg/mounter/utils/mounter_utils.go:44.2,44.43 1 0
github.com/IBM/ibm-object-csi-driver/pkg/mounter/utils/mounter_utils.go:47.60,51.37 3 0
github.com/IBM/ibm-object-csi-driver/pkg/mounter/utils/mounter_utils.go:51.37,54.41 3 0
github.com/IBM/ibm-object-csi-driver/pkg/mounter/utils/mounter_utils.go:54.41,58.18 3 0
github.com/IBM/ibm-object-csi-driver/pkg/mounter/utils/mounter_utils.go:58.18,61.5 2 0
github.com/IBM/ibm-object-csi-driver/pkg/mounter/utils/mounter_utils.go:65.2,66.16 2 0
github.com/IBM/ibm-object-csi-driver/pkg/mounter/utils/mounter_utils.go:66.16,69.3 2 0
github.com/IBM/ibm-object-csi-driver/pkg/mounter/utils/mounter_utils.go:70.2,70.20 1 0
github.com/IBM/ibm-object-csi-driver/pkg/mounter/utils/mounter_utils.go:70.20,73.3 2 0
github.com/IBM/ibm-object-csi-driver/pkg/mounter/utils/mounter_utils.go:74.2,75.35 2 0
github.com/IBM/ibm-object-csi-driver/pkg/mounter/utils/mounter_utils.go:78.50,83.16 4 0
github.com/IBM/ibm-object-csi-driver/pkg/mounter/utils/mounter_utils.go:83.16,84.71 1 0
github.com/IBM/ibm-object-csi-driver/pkg/mounter/utils/mounter_utils.go:84.71,86.4 1 0
github.com/IBM/ibm-object-csi-driver/pkg/mounter/utils/mounter_utils.go:87.3,87.20 1 0
github.com/IBM/ibm-object-csi-driver/pkg/mounter/utils/mounter_utils.go:90.2,90.50 1 0
github.com/IBM/ibm-object-csi-driver/pkg/mounter/utils/mounter_utils.go:90.50,93.3 2 0
github.com/IBM/ibm-object-csi-driver/pkg/mounter/utils/mounter_utils.go:93.8,93.61 1 0
github.com/IBM/ibm-object-csi-driver/pkg/mounter/utils/mounter_utils.go:93.61,96.3 2 0
github.com/IBM/ibm-object-csi-driver/pkg/mounter/utils/mounter_utils.go:97.2,98.72 2 0
github.com/IBM/ibm-object-csi-driver/pkg/mounter/utils/mounter_utils.go:101.61,104.6 3 0
github.com/IBM/ibm-object-csi-driver/pkg/mounter/utils/mounter_utils.go:104.6,107.17 3 0
github.com/IBM/ibm-object-csi-driver/pkg/mounter/utils/mounter_utils.go:107.17,109.4 1 0
github.com/IBM/ibm-object-csi-driver/pkg/mounter/utils/mounter_utils.go:110.3,110.51 1 0
github.com/IBM/ibm-object-csi-driver/pkg/mounter/utils/mounter_utils.go:110.51,113.4 2 0
github.com/IBM/ibm-object-csi-driver/pkg/mounter/utils/mounter_utils.go:115.3,117.25 3 0
github.com/IBM/ibm-object-csi-driver/pkg/mounter/utils/mounter_utils.go:117.25,119.4 1 0
github.com/IBM/ibm-object-csi-driver/pkg/mounter/utils/mounter_utils.go:123.61,125.16 2 0
github.com/IBM/ibm-object-csi-driver/pkg/mounter/utils/mounter_utils.go:125.16,127.3 1 0
github.com/IBM/ibm-object-csi-driver/pkg/mounter/utils/mounter_utils.go:128.2,128.30 1 0
github.com/IBM/ibm-object-csi-driver/pkg/mounter/utils/mounter_utils.go:128.30,130.17 2 0
github.com/IBM/ibm-object-csi-driver/pkg/mounter/utils/mounter_utils.go:130.17,132.12 2 0
github.com/IBM/ibm-object-csi-driver/pkg/mounter/utils/mounter_utils.go:134.3,134.38 1 0
github.com/IBM/ibm-object-csi-driver/pkg/mounter/utils/mounter_utils.go:134.38,137.4 2 0
github.com/IBM/ibm-object-csi-driver/pkg/mounter/utils/mounter_utils.go:139.2,139.17 1 0
github.com/IBM/ibm-object-csi-driver/pkg/mounter/utils/mounter_utils.go:142.42,145.16 3 0
github.com/IBM/ibm-object-csi-driver/pkg/mounter/utils/mounter_utils.go:145.16,147.3 1 0
github.com/IBM/ibm-object-csi-driver/pkg/mounter/utils/mounter_utils.go:148.2,148.29 1 0
github.com/IBM/ibm-object-csi-driver/pkg/mounter/utils/mounter_utils.go:151.55,152.19 1 0
github.com/IBM/ibm-object-csi-driver/pkg/mounter/utils/mounter_utils.go:152.19,154.3 1 0
github.com/IBM/ibm-object-csi-driver/pkg/mounter/utils/mounter_utils.go:155.2,156.16 2 0
github.com/IBM/ibm-object-csi-driver/pkg/mounter/utils/mounter_utils.go:156.16,159.3 2 0
github.com/IBM/ibm-object-csi-driver/pkg/mounter/utils/mounter_utils.go:160.2,160.19 1 0
github.com/IBM/ibm-object-csi-driver/pkg/mounter/utils/mounter_utils.go:160.19,166.3 2 0
github.com/IBM/ibm-object-csi-driver/pkg/mounter/utils/mounter_utils.go:167.2,167.52 1 0
github.com/IBM/ibm-object-csi-driver/pkg/mounter/utils/mounter_utils.go:167.52,170.3 2 0
github.com/IBM/ibm-object-csi-driver/pkg/mounter/utils/mounter_utils.go:171.2,173.37 3 0
github.com/IBM/ibm-object-csi-driver/pkg/s3client/s3client.go:84.58,86.2 1 0
github.com/IBM/ibm-object-csi-driver/pkg/s3client/s3client.go:97.61,102.2 2 1
github.com/IBM/ibm-object-csi-driver/pkg/s3client/s3client.go:104.95,112.16 4 1
github.com/IBM/ibm-object-csi-driver/pkg/s3client/s3client.go:112.16,115.3 2 1
github.com/IBM/ibm-object-csi-driver/pkg/s3client/s3client.go:116.2,116.29 1 1
github.com/IBM/ibm-object-csi-driver/pkg/s3client/s3client.go:116.29,118.80 2 1
github.com/IBM/ibm-object-csi-driver/pkg/s3client/s3client.go:118.80,120.4 1 1
github.com/IBM/ibm-object-csi-driver/pkg/s3client/s3client.go:122.2,122.19 1 1
github.com/IBM/ibm-object-csi-driver/pkg/s3client/s3client.go:125.88,126.24 1 1
github.com/IBM/ibm-object-csi-driver/pkg/s3client/s3client.go:126.24,132.3 1 1
github.com/IBM/ibm-object-csi-driver/pkg/s3client/s3client.go:132.8,136.3 1 0
github.com/IBM/ibm-object-csi-driver/pkg/s3client/s3client.go:138.2,138.16 1 1
github.com/IBM/ibm-object-csi-driver/pkg/s3client/s3client.go:138.16,144.85 1 1
github.com/IBM/ibm-object-csi-driver/pkg/s3client/s3client.go:144.85,147.4 2 1
github.com/IBM/ibm-object-csi-driver/pkg/s3client/s3client.go:148.3,148.17 1 1
github.com/IBM/ibm-object-csi-driver/pkg/s3client/s3client.go:151.2,151.16 1 1
github.com/IBM/ibm-object-csi-driver/pkg/s3client/s3client.go:154.56,159.16 2 1
github.com/IBM/ibm-object-csi-driver/pkg/s3client/s3client.go:159.16,160.74 1 1
github.com/IBM/ibm-object-csi-driver/pkg/s3client/s3client.go:160.74,163.4 2 1
github.com/IBM/ibm-object-csi-driver/pkg/s3client/s3client.go:165.3,165.64 1 1
github.com/IBM/ibm-object-csi-driver/pkg/s3client/s3client.go:168.2,168.36 1 1
github.com/IBM/ibm-object-csi-driver/pkg/s3client/s3client.go:168.36,174.17 2 1
github.com/IBM/ibm-object-csi-driver/pkg/s3client/s3client.go:174.17,176.4 1 1
github.com/IBM/ibm-object-csi-driver/pkg/s3client/s3client.go:179.2,183.12 2 1
github.com/IBM/ibm-object-csi-driver/pkg/s3client/s3client.go:186.65,191.2 4 0
github.com/IBM/ibm-object-csi-driver/pkg/s3client/s3client.go:194.161,196.29 2 1
github.com/IBM/ibm-object-csi-driver/pkg/s3client/s3client.go:196.29,198.3 1 0
github.com/IBM/ibm-object-csi-driver/pkg/s3client/s3client.go:198.8,200.3 1 1
github.com/IBM/ibm-object-csi-driver/pkg/s3client/s3client.go:201.2,211.3 2 1
github.com/IBM/ibm-object-csi-driver/pkg/driver/controllerserver.go:42.126,50.16 3 1
github.com/IBM/ibm-object-csi-driver/pkg/driver/controllerserver.go:50.16,52.3 1 0
github.com/IBM/ibm-object-csi-driver/pkg/driver/controllerserver.go:53.2,56.16 3 1
github.com/IBM/ibm-object-csi-driver/pkg/driver/controllerserver.go:56.16,58.3 1 0
github.com/IBM/ibm-object-csi-driver/pkg/driver/controllerserver.go:59.2,60.24 2 1
github.com/IBM/ibm-object-csi-driver/pkg/driver/controllerserver.go:60.24,62.3 1 1
github.com/IBM/ibm-object-csi-driver/pkg/driver/controllerserver.go:64.2,65.17 2 1
github.com/IBM/ibm-object-csi-driver/pkg/driver/controllerserver.go:65.17,67.3 1 1
github.com/IBM/ibm-object-csi-driver/pkg/driver/controllerserver.go:68.2,68.27 1 1
github.com/IBM/ibm-object-csi-driver/pkg/driver/controllerserver.go:68.27,69.28 1 1
github.com/IBM/ibm-object-csi-driver/pkg/driver/controllerserver.go:69.28,71.4 1 1
github.com/IBM/ibm-object-csi-driver/pkg/driver/controllerserver.go:75.2,76.46 2 1
github.com/IBM/ibm-object-csi-driver/pkg/driver/controllerserver.go:76.46,78.3 1 1
github.com/IBM/ibm-object-csi-driver/pkg/driver/controllerserver.go:79.2,84.16 6 1
github.com/IBM/ibm-object-csi-driver/pkg/driver/controllerserver.go:84.16,86.3 1 1
github.com/IBM/ibm-object-csi-driver/pkg/driver/controllerserver.go:87.2,88.20 2 1
github.com/IBM/ibm-object-csi-driver/pkg/driver/controllerserver.go:88.20,90.3 1 1
github.com/IBM/ibm-object-csi-driver/pkg/driver/controllerserver.go:91.2,92.30 2 1
github.com/IBM/ibm-object-csi-driver/pkg/driver/controllerserver.go:92.30,94.3 1 1
github.com/IBM/ibm-object-csi-driver/pkg/driver/controllerserver.go:96.2,97.24 2 1
github.com/IBM/ibm-object-csi-driver/pkg/driver/controllerserver.go:97.24,99.3 1 1
github.com/IBM/ibm-object-csi-driver/pkg/driver/controllerserver.go:101.2,104.22 4 1
github.com/IBM/ibm-object-csi-driver/pkg/driver/controllerserver.go:104.22,107.60 2 1
github.com/IBM/ibm-object-csi-driver/pkg/driver/controllerserver.go:107.60,110.18 3 1
github.com/IBM/ibm-object-csi-driver/pkg/driver/controllerserver.go:110.18,112.5 1 1
github.com/IBM/ibm-object-csi-driver/pkg/driver/controllerserver.go:113.4,114.48 2 0
github.com/IBM/ibm-object-csi-driver/pkg/driver/controllerserver.go:116.3,116.36 1 1
github.com/IBM/ibm-object-csi-driver/pkg/driver/controllerserver.go:117.8,121.27 3 1
github.com/IBM/ibm-object-csi-driver/pkg/driver/controllerserver.go:121.27,124.4 2 0
github.com/IBM/ibm-object-csi-driver/pkg/driver/controllerserver.go:125.3,126.17 2 1
github.com/IBM/ibm-object-csi-driver/pkg/driver/controllerserver.go:126.17,128.4 1 0
github.com/IBM/ibm-object-csi-driver/pkg/driver/controllerserver.go:129.3,131.40 3 1
github.com/IBM/ibm-object-csi-driver/pkg/driver/controllerserver.go:133.2,143.8 2 1
github.com/IBM/ibm-object-csi-driver/pkg/driver/controllerserver.go:146.126,148.16 2 1
github.com/IBM/ibm-object-csi-driver/pkg/driver/controllerserver.go:148.16,150.3 1 0
github.com/IBM/ibm-object-csi-driver/pkg/driver/controllerserver.go:151.2,154.24 3 1
github.com/IBM/ibm-object-csi-driver/pkg/driver/controllerserver.go:154.24,156.3 1 1
github.com/IBM/ibm-object-csi-driver/pkg/driver/controllerserver.go:157.2,161.16 4 1
github.com/IBM/ibm-object-csi-driver/pkg/driver/controllerserver.go:161.16,163.3 1 1
github.com/IBM/ibm-object-csi-driver/pkg/driver/controllerserver.go:165.2,170.16 5 1
github.com/IBM/ibm-object-csi-driver/pkg/driver/controllerserver.go:170.16,172.3 1 1
github.com/IBM/ibm-object-csi-driver/pkg/driver/controllerserver.go:174.2,174.26 1 1
github.com/IBM/ibm-object-csi-driver/pkg/driver/controllerserver.go:174.26,176.17 2 1
github.com/IBM/ibm-object-csi-driver/pkg/driver/controllerserver.go:176.17,178.4 1 1
github.com/IBM/ibm-object-csi-driver/pkg/driver/controllerserver.go:179.3,179.55 1 1
github.com/IBM/ibm-object-csi-driver/pkg/driver/controllerserver.go:182.2,182.41 1 1
github.com/IBM/ibm-object-csi-driver/pkg/driver/controllerserver.go:185.159,188.2 2 1
github.com/IBM/ibm-object-csi-driver/pkg/driver/controllerserver.go:190.165,193.2 2 1
github.com/IBM/ibm-object-csi-driver/pkg/driver/controllerserver.go:195.168,200.24 3 1
github.com/IBM/ibm-object-csi-driver/pkg/driver/controllerserver.go:200.24,202.3 1 1
github.com/IBM/ibm-object-csi-driver/pkg/driver/controllerserver.go:204.2,205.23 2 1
github.com/IBM/ibm-object-csi-driver/pkg/driver/controllerserver.go:205.23,207.3 1 1
github.com/IBM/ibm-object-csi-driver/pkg/driver/controllerserver.go:209.2,210.40 2 1
github.com/IBM/ibm-object-csi-driver/pkg/driver/controllerserver.go:210.40,212.3 1 1
github.com/IBM/ibm-object-csi-driver/pkg/driver/controllerserver.go:214.2,216.8 1 1
github.com/IBM/ibm-object-csi-driver/pkg/driver/controllerserver.go:219.123,222.2 2 1
github.com/IBM/ibm-object-csi-driver/pkg/driver/controllerserver.go:224.123,227.2 2 1
github.com/IBM/ibm-object-csi-driver/pkg/driver/controllerserver.go:229.165,232.45 3 1
github.com/IBM/ibm-object-csi-driver/pkg/driver/controllerserver.go:232.45,241.3 2 1
github.com/IBM/ibm-object-csi-driver/pkg/driver/controllerserver.go:242.2,242.72 1 1
github.com/IBM/ibm-object-csi-driver/pkg/driver/controllerserver.go:245.132,248.2 2 1
github.com/IBM/ibm-object-csi-driver/pkg/driver/controllerserver.go:250.132,253.2 2 1
github.com/IBM/ibm-object-csi-driver/pkg/driver/controllerserver.go:255.129,258.2 2 1
github.com/IBM/ibm-object-csi-driver/pkg/driver/controllerserver.go:260.156,263.2 2 1
github.com/IBM/ibm-object-csi-driver/pkg/driver/controllerserver.go:265.147,268.2 2 1
github.com/IBM/ibm-object-csi-driver/pkg/driver/controllerserver.go:270.156,273.2 2 1
github.com/IBM/ibm-object-csi-driver/pkg/driver/controllerserver.go:275.94,285.51 2 1
github.com/IBM/ibm-object-csi-driver/pkg/driver/controllerserver.go:285.51,287.3 1 1
github.com/IBM/ibm-object-csi-driver/pkg/driver/controllerserver.go:288.2,288.23 1 1
github.com/IBM/ibm-object-csi-driver/pkg/driver/controllerserver.go:288.23,290.3 1 1
github.com/IBM/ibm-object-csi-driver/pkg/driver/controllerserver.go:292.2,292.46 1 1
github.com/IBM/ibm-object-csi-driver/pkg/driver/controllerserver.go:292.46,294.3 1 1
github.com/IBM/ibm-object-csi-driver/pkg/driver/controllerserver.go:296.2,296.18 1 1
github.com/IBM/ibm-object-csi-driver/pkg/driver/controllerserver.go:296.18,299.22 3 1
github.com/IBM/ibm-object-csi-driver/pkg/driver/controllerserver.go:299.22,301.4 1 1
github.com/IBM/ibm-object-csi-driver/pkg/driver/controllerserver.go:303.3,304.22 2 1
github.com/IBM/ibm-object-csi-driver/pkg/driver/controllerserver.go:304.22,306.4 1 1
github.com/IBM/ibm-object-csi-driver/pkg/driver/controllerserver.go:307.8,310.30 3 1
github.com/IBM/ibm-object-csi-driver/pkg/driver/controllerserver.go:310.30,312.4 1 1
github.com/IBM/ibm-object-csi-driver/pkg/driver/controllerserver.go:315.2,322.8 1 1
github.com/IBM/ibm-object-csi-driver/pkg/driver/controllerserver.go:325.61,331.2 4 1
github.com/IBM/ibm-object-csi-driver/pkg/driver/controllerserver.go:333.94,335.15 2 1
github.com/IBM/ibm-object-csi-driver/pkg/driver/controllerserver.go:335.15,337.3 1 0
github.com/IBM/ibm-object-csi-driver/pkg/driver/controllerserver.go:338.2,338.16 1 1
github.com/IBM/ibm-object-csi-driver/pkg/driver/controllerserver.go:338.16,339.81 1 1
github.com/IBM/ibm-object-csi-driver/pkg/driver/controllerserver.go:339.81,341.4 1 0
github.com/IBM/ibm-object-csi-driver/pkg/driver/controllerserver.go:341.9,344.4 2 1
github.com/IBM/ibm-object-csi-driver/pkg/driver/controllerserver.go:346.2,346.59 1 1
github.com/IBM/ibm-object-csi-driver/pkg/driver/controllerserver.go:346.59,349.3 2 1
github.com/IBM/ibm-object-csi-driver/pkg/driver/controllerserver.go:350.2,350.12 1 1
github.com/IBM/ibm-object-csi-driver/pkg/driver/controllerserver.go:353.56,356.24 3 1
github.com/IBM/ibm-object-csi-driver/pkg/driver/controllerserver.go:356.24,360.3 3 1
github.com/IBM/ibm-object-csi-driver/pkg/driver/controllerserver.go:361.2,361.22 1 1
github.com/IBM/ibm-object-csi-driver/pkg/driver/controllerserver.go:364.70,365.53 1 1
github.com/IBM/ibm-object-csi-driver/pkg/driver/controllerserver.go:365.53,366.40 1 1
github.com/IBM/ibm-object-csi-driver/pkg/driver/controllerserver.go:366.40,370.55 2 1
github.com/IBM/ibm-object-csi-driver/pkg/driver/controllerserver.go:370.55,372.5 1 1
github.com/IBM/ibm-object-csi-driver/pkg/driver/controllerserver.go:374.3,374.15 1 1
github.com/IBM/ibm-object-csi-driver/pkg/driver/controllerserver.go:377.2,378.28 2 1
github.com/IBM/ibm-object-csi-driver/pkg/driver/controllerserver.go:378.28,379.21 1 1
github.com/IBM/ibm-object-csi-driver/pkg/driver/controllerserver.go:379.21,381.4 1 1
github.com/IBM/ibm-object-csi-driver/pkg/driver/controllerserver.go:383.2,383.17 1 1
github.com/IBM/ibm-object-csi-driver/pkg/driver/identityserver.go:26.136,28.33 2 1
github.com/IBM/ibm-object-csi-driver/pkg/driver/identityserver.go:28.33,30.3 1 1
github.com/IBM/ibm-object-csi-driver/pkg/driver/identityserver.go:32.2,35.8 1 1
github.com/IBM/ibm-object-csi-driver/pkg/driver/identityserver.go:38.160,65.2 2 0
github.com/IBM/ibm-object-csi-driver/pkg/driver/identityserver.go:67.112,70.2 2 1
github.com/IBM/ibm-object-csi-driver/pkg/driver/nodeserver.go:39.129,43.24 3 1
github.com/IBM/ibm-object-csi-driver/pkg/driver/nodeserver.go:43.24,45.3 1 1
github.com/IBM/ibm-object-csi-driver/pkg/driver/nodeserver.go:47.2,48.33 2 1
github.com/IBM/ibm-object-csi-driver/pkg/driver/nodeserver.go:48.33,50.3 1 1
github.com/IBM/ibm-object-csi-driver/pkg/driver/nodeserver.go:52.2,52.44 1 1
github.com/IBM/ibm-object-csi-driver/pkg/driver/nodeserver.go:55.135,59.24 3 1
github.com/IBM/ibm-object-csi-driver/pkg/driver/nodeserver.go:59.24,61.3 1 1
github.com/IBM/ibm-object-csi-driver/pkg/driver/nodeserver.go:63.2,64.33 2 1
github.com/IBM/ibm-object-csi-driver/pkg/driver/nodeserver.go:64.33,66.3 1 1
github.com/IBM/ibm-object-csi-driver/pkg/driver/nodeserver.go:68.2,68.46 1 1
github.com/IBM/ibm-object-csi-driver/pkg/driver/nodeserver.go:71.135,73.16 2 0
github.com/IBM/ibm-object-csi-driver/pkg/driver/nodeserver.go:73.16,75.3 1 0
github.com/IBM/ibm-object-csi-driver/pkg/driver/nodeserver.go:76.2,82.24 5 0
github.com/IBM/ibm-object-csi-driver/pkg/driver/nodeserver.go:82.24,84.3 1 0
github.com/IBM/ibm-object-csi-driver/pkg/driver/nodeserver.go:86.2,87.26 2 0
github.com/IBM/ibm-object-csi-driver/pkg/driver/nodeserver.go:87.26,89.3 1 0
github.com/IBM/ibm-object-csi-driver/pkg/driver/nodeserver.go:91.2,91.38 1 0
github.com/IBM/ibm-object-csi-driver/pkg/driver/nodeserver.go:91.38,93.3 1 0
github.com/IBM/ibm-object-csi-driver/pkg/driver/nodeserver.go:95.2,96.16 2 0
github.com/IBM/ibm-object-csi-driver/pkg/driver/nodeserver.go:96.16,99.3 2 0
github.com/IBM/ibm-object-csi-driver/pkg/driver/nodeserver.go:100.2,100.13 1 0
github.com/IBM/ibm-object-csi-driver/pkg/driver/nodeserver.go:100.13,102.3 1 0
github.com/IBM/ibm-object-csi-driver/pkg/driver/nodeserver.go:104.2,105.36 2 0
github.com/IBM/ibm-object-csi-driver/pkg/driver/nodeserver.go:105.36,107.3 1 0
github.com/IBM/ibm-object-csi-driver/pkg/driver/nodeserver.go:109.2,117.30 7 0
github.com/IBM/ibm-object-csi-driver/pkg/driver/nodeserver.go:117.30,118.83 1 0
github.com/IBM/ibm-object-csi-driver/pkg/driver/nodeserver.go:118.83,120.12 2 0
github.com/IBM/ibm-object-csi-driver/pkg/driver/nodeserver.go:122.3,122.23 1 0
github.com/IBM/ibm-object-csi-driver/pkg/driver/nodeserver.go:124.2,125.28 2 0
github.com/IBM/ibm-object-csi-driver/pkg/driver/nodeserver.go:125.28,127.3 1 0
github.com/IBM/ibm-object-csi-driver/pkg/driver/nodeserver.go:130.2,130.35 1 0
github.com/IBM/ibm-object-csi-driver/pkg/driver/nodeserver.go:130.35,132.17 2 0
github.com/IBM/ibm-object-csi-driver/pkg/driver/nodeserver.go:132.17,135.4 2 0
github.com/IBM/ibm-object-csi-driver/pkg/driver/nodeserver.go:136.3,137.17 2 0
github.com/IBM/ibm-object-csi-driver/pkg/driver/nodeserver.go:137.17,140.4 2 0
github.com/IBM/ibm-object-csi-driver/pkg/driver/nodeserver.go:142.3,143.17 2 0
github.com/IBM/ibm-object-csi-driver/pkg/driver/nodeserver.go:143.17,146.4 2 0
github.com/IBM/ibm-object-csi-driver/pkg/driver/nodeserver.go:148.3,150.27 2 0
github.com/IBM/ibm-object-csi-driver/pkg/driver/nodeserver.go:150.27,153.4 2 0
github.com/IBM/ibm-object-csi-driver/pkg/driver/nodeserver.go:155.3,155.43 1 0
github.com/IBM/ibm-object-csi-driver/pkg/driver/nodeserver.go:158.2,159.88 2 0
github.com/IBM/ibm-object-csi-driver/pkg/driver/nodeserver.go:159.88,161.3 1 0
github.com/IBM/ibm-object-csi-driver/pkg/driver/nodeserver.go:163.2,165.56 2 0
github.com/IBM/ibm-object-csi-driver/pkg/driver/nodeserver.go:165.56,168.3 2 0
github.com/IBM/ibm-object-csi-driver/pkg/driver/nodeserver.go:170.2,171.46 2 0
github.com/IBM/ibm-object-csi-driver/pkg/driver/nodeserver.go:174.141,178.24 3 1
github.com/IBM/ibm-object-csi-driver/pkg/driver/nodeserver.go:178.24,180.3 1 1
github.com/IBM/ibm-object-csi-driver/pkg/driver/nodeserver.go:182.2,183.26 2 1
github.com/IBM/ibm-object-csi-driver/pkg/driver/nodeserver.go:183.26,185.3 1 1
github.com/IBM/ibm-object-csi-driver/pkg/driver/nodeserver.go:186.2,188.64 2 1
github.com/IBM/ibm-object-csi-driver/pkg/driver/nodeserver.go:188.64,192.3 2 1
github.com/IBM/ibm-object-csi-driver/pkg/driver/nodeserver.go:193.2,195.48 2 1
github.com/IBM/ibm-object-csi-driver/pkg/driver/nodeserver.go:198.138,202.24 3 0
github.com/IBM/ibm-object-csi-driver/pkg/driver/nodeserver.go:202.24,204.3 1 0
github.com/IBM/ibm-object-csi-driver/pkg/driver/nodeserver.go:206.2,207.22 2 0
github.com/IBM/ibm-object-csi-driver/pkg/driver/nodeserver.go:207.22,209.3 1 0
github.com/IBM/ibm-object-csi-driver/pkg/driver/nodeserver.go:211.2,215.16 3 0
github.com/IBM/ibm-object-csi-driver/pkg/driver/nodeserver.go:215.16,224.3 3 0
github.com/IBM/ibm-object-csi-driver/pkg/driver/nodeserver.go:226.2,227.16 2 0
github.com/IBM/ibm-object-csi-driver/pkg/driver/nodeserver.go:227.16,229.3 1 0
github.com/IBM/ibm-object-csi-driver/pkg/driver/nodeserver.go:231.2,232.16 2 0
github.com/IBM/ibm-object-csi-driver/pkg/driver/nodeserver.go:232.16,234.3 1 0
github.com/IBM/ibm-object-csi-driver/pkg/driver/nodeserver.go:236.2,258.18 5 0
github.com/IBM/ibm-object-csi-driver/pkg/driver/nodeserver.go:261.130,263.2 1 1
github.com/IBM/ibm-object-csi-driver/pkg/driver/nodeserver.go:265.141,268.45 3 1
github.com/IBM/ibm-object-csi-driver/pkg/driver/nodeserver.go:268.45,277.3 2 1
github.com/IBM/ibm-object-csi-driver/pkg/driver/nodeserver.go:278.2,278.66 1 1
github.com/IBM/ibm-object-csi-driver/pkg/driver/nodeserver.go:281.117,291.2 5 1
github.com/IBM/ibm-object-csi-driver/pkg/driver/s3-driver.go:69.105,72.23 3 1
github.com/IBM/ibm-object-csi-driver/pkg/driver/s3-driver.go:72.23,75.3 2 1
github.com/IBM/ibm-object-csi-driver/pkg/driver/s3-driver.go:76.2,78.12 3 1
github.com/IBM/ibm-object-csi-driver/pkg/driver/s3-driver.go:82.111,85.23 3 1
github.com/IBM/ibm-object-csi-driver/pkg/driver/s3-driver.go:85.23,88.3 2 1
github.com/IBM/ibm-object-csi-driver/pkg/driver/s3-driver.go:89.2,91.12 3 1
github.com/IBM/ibm-object-csi-driver/pkg/driver/s3-driver.go:95.99,98.23 3 1
github.com/IBM/ibm-object-csi-driver/pkg/driver/s3-driver.go:98.23,101.3 2 1
github.com/IBM/ibm-object-csi-driver/pkg/driver/s3-driver.go:102.2,104.12 3 1
github.com/IBM/ibm-object-csi-driver/pkg/driver/s3-driver.go:107.84,111.16 4 1
github.com/IBM/ibm-object-csi-driver/pkg/driver/s3-driver.go:111.16,113.3 1 1
github.com/IBM/ibm-object-csi-driver/pkg/driver/s3-driver.go:114.2,120.23 6 1
github.com/IBM/ibm-object-csi-driver/pkg/driver/s3-driver.go:123.53,127.2 1 1
github.com/IBM/ibm-object-csi-driver/pkg/driver/s3-driver.go:129.159,136.2 1 1
github.com/IBM/ibm-object-csi-driver/pkg/driver/s3-driver.go:138.166,146.2 1 0
github.com/IBM/ibm-object-csi-driver/pkg/driver/s3-driver.go:148.248,150.16 2 1
github.com/IBM/ibm-object-csi-driver/pkg/driver/s3-driver.go:150.16,152.3 1 0
github.com/IBM/ibm-object-csi-driver/pkg/driver/s3-driver.go:154.2,163.33 7 1
github.com/IBM/ibm-object-csi-driver/pkg/driver/s3-driver.go:163.33,165.3 1 1
github.com/IBM/ibm-object-csi-driver/pkg/driver/s3-driver.go:165.8,165.34 1 0
github.com/IBM/ibm-object-csi-driver/pkg/driver/s3-driver.go:165.34,167.3 1 0
github.com/IBM/ibm-object-csi-driver/pkg/driver/s3-driver.go:167.8,167.45 1 0
github.com/IBM/ibm-object-csi-driver/pkg/driver/s3-driver.go:167.45,170.3 2 0
github.com/IBM/ibm-object-csi-driver/pkg/driver/s3-driver.go:172.2,172.20 1 1
github.com/IBM/ibm-object-csi-driver/pkg/driver/s3-driver.go:175.31,184.2 6 0
github.com/IBM/ibm-object-csi-driver/pkg/driver/server.go:53.86,55.2 1 1
github.com/IBM/ibm-object-csi-driver/pkg/driver/server.go:58.124,62.2 2 0
github.com/IBM/ibm-object-csi-driver/pkg/driver/server.go:65.40,67.2 1 1
github.com/IBM/ibm-object-csi-driver/pkg/driver/server.go:70.40,72.2 1 1
github.com/IBM/ibm-object-csi-driver/pkg/driver/server.go:75.45,77.2 1 1
github.com/IBM/ibm-object-csi-driver/pkg/driver/server.go:80.146,89.16 4 1
github.com/IBM/ibm-object-csi-driver/pkg/driver/server.go:89.16,93.3 3 1
github.com/IBM/ibm-object-csi-driver/pkg/driver/server.go:95.2,96.24 2 1
github.com/IBM/ibm-object-csi-driver/pkg/driver/server.go:96.24,98.64 2 1
github.com/IBM/ibm-object-csi-driver/pkg/driver/server.go:98.64,101.4 2 0
github.com/IBM/ibm-object-csi-driver/pkg/driver/server.go:102.8,102.30 1 1
github.com/IBM/ibm-object-csi-driver/pkg/driver/server.go:102.30,104.3 1 1
github.com/IBM/ibm-object-csi-driver/pkg/driver/server.go:104.8,108.3 3 1
github.com/IBM/ibm-object-csi-driver/pkg/driver/server.go:110.2,113.16 3 1
github.com/IBM/ibm-object-csi-driver/pkg/driver/server.go:113.16,117.3 3 1
github.com/IBM/ibm-object-csi-driver/pkg/driver/server.go:119.2,124.28 4 1
github.com/IBM/ibm-object-csi-driver/pkg/driver/server.go:124.28,127.3 2 1
github.com/IBM/ibm-object-csi-driver/pkg/driver/server.go:127.8,127.29 1 0
github.com/IBM/ibm-object-csi-driver/pkg/driver/server.go:127.29,130.3 2 0
github.com/IBM/ibm-object-csi-driver/pkg/driver/server.go:130.8,130.40 1 0
github.com/IBM/ibm-object-csi-driver/pkg/driver/server.go:130.40,134.3 3 0
github.com/IBM/ibm-object-csi-driver/pkg/driver/server.go:136.2,136.22 1 1
github.com/IBM/ibm-object-csi-driver/pkg/driver/server.go:140.124,144.16 3 0
github.com/IBM/ibm-object-csi-driver/pkg/driver/server.go:144.16,146.3 1 0
github.com/IBM/ibm-object-csi-driver/pkg/driver/server.go:147.2,148.49 2 0
github.com/IBM/ibm-object-csi-driver/pkg/driver/server.go:148.49,150.3 1 0
github.com/IBM/ibm-object-csi-driver/pkg/driver/server.go:154.128,157.16 3 0
github.com/IBM/ibm-object-csi-driver/pkg/driver/server.go:157.16,159.3 1 0
github.com/IBM/ibm-object-csi-driver/pkg/driver/server.go:159.8,161.3 1 0
github.com/IBM/ibm-object-csi-driver/pkg/driver/server.go:162.2,162.18 1 0
github.com/IBM/ibm-object-csi-driver/pkg/driver/utils.go:25.65,26.25 1 1
github.com/IBM/ibm-object-csi-driver/pkg/driver/utils.go:27.32,40.31 7 1
github.com/IBM/ibm-object-csi-driver/pkg/driver/utils.go:40.31,41.84 1 1
github.com/IBM/ibm-object-csi-driver/pkg/driver/utils.go:41.84,43.13 2 1
github.com/IBM/ibm-object-csi-driver/pkg/driver/utils.go:45.4,45.25 1 1
github.com/IBM/ibm-object-csi-driver/pkg/driver/utils.go:47.3,47.21 1 1
github.com/IBM/ibm-object-csi-driver/pkg/driver/utils.go:48.32,61.31 7 1
github.com/IBM/ibm-object-csi-driver/pkg/driver/utils.go:61.31,62.84 1 1
github.com/IBM/ibm-object-csi-driver/pkg/driver/utils.go:62.84,64.13 2 1
github.com/IBM/ibm-object-csi-driver/pkg/driver/utils.go:66.4,66.25 1 1
github.com/IBM/ibm-object-csi-driver/pkg/driver/utils.go:69.3,69.21 1 1
github.com/IBM/ibm-object-csi-driver/pkg/driver/utils.go:70.37,83.31 7 0
github.com/IBM/ibm-object-csi-driver/pkg/driver/utils.go:83.31,84.84 1 0
github.com/IBM/ibm-object-csi-driver/pkg/driver/utils.go:84.84,86.13 2 0
github.com/IBM/ibm-object-csi-driver/pkg/driver/utils.go:88.4,88.25 1 0
github.com/IBM/ibm-object-csi-driver/pkg/driver/utils.go:91.3,91.21 1 0
github.com/IBM/ibm-object-csi-driver/pkg/driver/utils.go:93.10,94.53 1 0
github.com/IBM/ibm-object-csi-driver/pkg/mounter/utils/mounter_utils.go:27.86,33.16 5 0
github.com/IBM/ibm-object-csi-driver/pkg/mounter/utils/mounter_utils.go:33.16,36.3 2 0
github.com/IBM/ibm-object-csi-driver/pkg/mounter/utils/mounter_utils.go:37.2,38.16 2 0
github.com/IBM/ibm-object-csi-driver/pkg/mounter/utils/mounter_utils.go:38.16,42.3 2 0
github.com/IBM/ibm-object-csi-driver/pkg/mounter/utils/mounter_utils.go:44.2,44.43 1 0
github.com/IBM/ibm-object-csi-driver/pkg/mounter/utils/mounter_utils.go:47.60,51.37 3 0
github.com/IBM/ibm-object-csi-driver/pkg/mounter/utils/mounter_utils.go:51.37,54.41 3 0
github.com/IBM/ibm-object-csi-driver/pkg/mounter/utils/mounter_utils.go:54.41,58.18 3 0
github.com/IBM/ibm-object-csi-driver/pkg/mounter/utils/mounter_utils.go:58.18,61.5 2 0
github.com/IBM/ibm-object-csi-driver/pkg/mounter/utils/mounter_utils.go:65.2,66.16 2 0
github.com/IBM/ibm-object-csi-driver/pkg/mounter/utils/mounter_utils.go:66.16,69.3 2 0
github.com/IBM/ibm-object-csi-driver/pkg/mounter/utils/mounter_utils.go:70.2,70.20 1 0
github.com/IBM/ibm-object-csi-driver/pkg/mounter/utils/mounter_utils.go:70.20,73.3 2 0
github.com/IBM/ibm-object-csi-driver/pkg/mounter/utils/mounter_utils.go:74.2,75.35 2 0
github.com/IBM/ibm-object-csi-driver/pkg/mounter/utils/mounter_utils.go:78.50,83.16 4 0
github.com/IBM/ibm-object-csi-driver/pkg/mounter/utils/mounter_utils.go:83.16,84.71 1 0
github.com/IBM/ibm-object-csi-driver/pkg/mounter/utils/mounter_utils.go:84.71,86.4 1 0
github.com/IBM/ibm-object-csi-driver/pkg/mounter/utils/mounter_utils.go:87.3,87.20 1 0
github.com/IBM/ibm-object-csi-driver/pkg/mounter/utils/mounter_utils.go:90.2,90.50 1 0
github.com/IBM/ibm-object-csi-driver/pkg/mounter/utils/mounter_utils.go:90.50,93.3 2 0
github.com/IBM/ibm-object-csi-driver/pkg/mounter/utils/mounter_utils.go:93.8,93.61 1 0
github.com/IBM/ibm-object-csi-driver/pkg/mounter/utils/mounter_utils.go:93.61,96.3 2 0
github.com/IBM/ibm-object-csi-driver/pkg/mounter/utils/mounter_utils.go:97.2,98.72 2 0
github.com/IBM/ibm-object-csi-driver/pkg/mounter/utils/mounter_utils.go:101.61,104.6 3 0
github.com/IBM/ibm-object-csi-driver/pkg/mounter/utils/mounter_utils.go:104.6,107.17 3 0
github.com/IBM/ibm-object-csi-driver/pkg/mounter/utils/mounter_utils.go:107.17,109.4 1 0
github.com/IBM/ibm-object-csi-driver/pkg/mounter/utils/mounter_utils.go:110.3,110.51 1 0
github.com/IBM/ibm-object-csi-driver/pkg/mounter/utils/mounter_utils.go:110.51,113.4 2 0
github.com/IBM/ibm-object-csi-driver/pkg/mounter/utils/mounter_utils.go:115.3,117.25 3 0
github.com/IBM/ibm-object-csi-driver/pkg/mounter/utils/mounter_utils.go:117.25,119.4 1 0
github.com/IBM/ibm-object-csi-driver/pkg/mounter/utils/mounter_utils.go:123.61,125.16 2 0
github.com/IBM/ibm-object-csi-driver/pkg/mounter/utils/mounter_utils.go:125.16,127.3 1 0
github.com/IBM/ibm-object-csi-driver/pkg/mounter/utils/mounter_utils.go:128.2,128.30 1 0
github.com/IBM/ibm-object-csi-driver/pkg/mounter/utils/mounter_utils.go:128.30,130.17 2 0
github.com/IBM/ibm-object-csi-driver/pkg/mounter/utils/mounter_utils.go:130.17,132.12 2 0
github.com/IBM/ibm-object-csi-driver/pkg/mounter/utils/mounter_utils.go:134.3,134.38 1 0
github.com/IBM/ibm-object-csi-driver/pkg/mounter/utils/mounter_utils.go:134.38,137.4 2 0
github.com/IBM/ibm-object-csi-driver/pkg/mounter/utils/mounter_utils.go:139.2,139.17 1 0
github.com/IBM/ibm-object-csi-driver/pkg/mounter/utils/mounter_utils.go:142.42,145.16 3 0
github.com/IBM/ibm-object-csi-driver/pkg/mounter/utils/mounter_utils.go:145.16,147.3 1 0
github.com/IBM/ibm-object-csi-driver/pkg/mounter/utils/mounter_utils.go:148.2,148.29 1 0
github.com/IBM/ibm-object-csi-driver/pkg/mounter/utils/mounter_utils.go:151.55,152.19 1 0
github.com/IBM/ibm-object-csi-driver/pkg/mounter/utils/mounter_utils.go:152.19,154.3 1 0
github.com/IBM/ibm-object-csi-driver/pkg/mounter/utils/mounter_utils.go:155.2,156.16 2 0
github.com/IBM/ibm-object-csi-driver/pkg/mounter/utils/mounter_utils.go:156.16,159.3 2 0
github.com/IBM/ibm-object-csi-driver/pkg/mounter/utils/mounter_utils.go:160.2,160.19 1 0
github.com/IBM/ibm-object-csi-driver/pkg/mounter/utils/mounter_utils.go:160.19,166.3 2 0
github.com/IBM/ibm-object-csi-driver/pkg/mounter/utils/mounter_utils.go:167.2,167.52 1 0
github.com/IBM/ibm-object-csi-driver/pkg/mounter/utils/mounter_utils.go:167.52,170.3 2 0
github.com/IBM/ibm-object-csi-driver/pkg/mounter/utils/mounter_utils.go:171.2,173.37 3 0
github.com/IBM/ibm-object-csi-driver/pkg/utils/driver_utils.go:33.77,35.16 2 0
github.com/IBM/ibm-object-csi-driver/pkg/utils/driver_utils.go:35.16,37.3 1 0
github.com/IBM/ibm-object-csi-driver/pkg/utils/driver_utils.go:39.2,40.16 2 0
github.com/IBM/ibm-object-csi-driver/pkg/utils/driver_utils.go:40.16,43.3 2 0
github.com/IBM/ibm-object-csi-driver/pkg/utils/driver_utils.go:45.2,46.66 2 0
github.com/IBM/ibm-object-csi-driver/pkg/utils/driver_utils.go:46.66,49.3 2 0
github.com/IBM/ibm-object-csi-driver/pkg/utils/driver_utils.go:51.2,52.16 2 0
github.com/IBM/ibm-object-csi-driver/pkg/utils/driver_utils.go:55.99,57.2 1 0
github.com/IBM/ibm-object-csi-driver/pkg/utils/driver_utils.go:59.73,63.16 4 0
github.com/IBM/ibm-object-csi-driver/pkg/utils/driver_utils.go:63.16,65.61 2 0
github.com/IBM/ibm-object-csi-driver/pkg/utils/driver_utils.go:65.61,66.55 1 0
github.com/IBM/ibm-object-csi-driver/pkg/utils/driver_utils.go:66.55,69.5 2 0
github.com/IBM/ibm-object-csi-driver/pkg/utils/driver_utils.go:70.4,70.17 1 0
github.com/IBM/ibm-object-csi-driver/pkg/utils/driver_utils.go:71.9,73.4 1 0
github.com/IBM/ibm-object-csi-driver/pkg/utils/driver_utils.go:75.2,75.20 1 0
github.com/IBM/ibm-object-csi-driver/pkg/utils/driver_utils.go:78.95,80.16 2 0
github.com/IBM/ibm-object-csi-driver/pkg/utils/driver_utils.go:80.16,82.3 1 0
github.com/IBM/ibm-object-csi-driver/pkg/utils/driver_utils.go:84.2,85.16 2 0
github.com/IBM/ibm-object-csi-driver/pkg/utils/driver_utils.go:85.16,87.3 1 0
github.com/IBM/ibm-object-csi-driver/pkg/utils/driver_utils.go:89.2,90.16 2 0
github.com/IBM/ibm-object-csi-driver/pkg/utils/driver_utils.go:90.16,92.3 1 0
github.com/IBM/ibm-object-csi-driver/pkg/utils/driver_utils.go:94.2,94.29 1 0
github.com/IBM/ibm-object-csi-driver/pkg/utils/driver_utils.go:97.55,100.16 2 0
github.com/IBM/ibm-object-csi-driver/pkg/utils/driver_utils.go:100.16,103.3 2 0
github.com/IBM/ibm-object-csi-driver/pkg/utils/driver_utils.go:106.2,107.16 2 0
github.com/IBM/ibm-object-csi-driver/pkg/utils/driver_utils.go:107.16,110.3 2 0
github.com/IBM/ibm-object-csi-driver/pkg/utils/driver_utils.go:112.2,112.23 1 0
github.com/IBM/ibm-object-csi-driver/pkg/utils/driver_utils.go:115.107,117.16 2 0
github.com/IBM/ibm-object-csi-driver/pkg/utils/driver_utils.go:117.16,119.3 1 0
github.com/IBM/ibm-object-csi-driver/pkg/utils/driver_utils.go:120.2,123.16 3 0
github.com/IBM/ibm-object-csi-driver/pkg/utils/driver_utils.go:123.16,125.3 1 0
github.com/IBM/ibm-object-csi-driver/pkg/utils/driver_utils.go:127.2,127.19 1 0
github.com/IBM/ibm-object-csi-driver/pkg/utils/driver_utils.go:127.19,129.3 1 0
github.com/IBM/ibm-object-csi-driver/pkg/utils/driver_utils.go:131.2,132.30 2 0
github.com/IBM/ibm-object-csi-driver/pkg/utils/driver_utils.go:135.118,137.16 2 0
github.com/IBM/ibm-object-csi-driver/pkg/utils/driver_utils.go:137.16,139.3 1 0
github.com/IBM/ibm-object-csi-driver/pkg/utils/driver_utils.go:141.2,142.19 2 0
github.com/IBM/ibm-object-csi-driver/pkg/utils/driver_utils.go:142.19,144.3 1 0
github.com/IBM/ibm-object-csi-driver/pkg/utils/driver_utils.go:146.2,147.24 2 0
github.com/IBM/ibm-object-csi-driver/pkg/utils/driver_utils.go:147.24,149.3 1 0
github.com/IBM/ibm-object-csi-driver/pkg/utils/driver_utils.go:151.2,153.45 2 0
github.com/IBM/ibm-object-csi-driver/pkg/utils/driver_utils.go:156.62,159.2 2 0
github.com/IBM/ibm-object-csi-driver/pkg/utils/driver_utils.go:161.55,177.16 8 0
github.com/IBM/ibm-object-csi-driver/pkg/utils/driver_utils.go:177.16,180.3 2 0
github.com/IBM/ibm-object-csi-driver/pkg/utils/driver_utils.go:183.2,191.16 4 0
github.com/IBM/ibm-object-csi-driver/pkg/utils/driver_utils.go:191.16,194.3 2 0
github.com/IBM/ibm-object-csi-driver/pkg/utils/driver_utils.go:197.2,198.37 2 0
github.com/IBM/ibm-object-csi-driver/pkg/utils/driver_utils.go:198.37,200.3 1 0
github.com/IBM/ibm-object-csi-driver/pkg/utils/driver_utils.go:202.2,202.19 1 0
